/System/Volumes/Data/mnt/g/lu/scratch/jlu/work/ao/keck/maos/keck/k1_lgs_ltao_kapa/maos -o A_keck_kapa_grid A_keck_kapa_grid.conf 
Output folder is 'A_keck_kapa_grid'.
SRC: /Users/jlu/mycode/maos v2.9 56b82507 2024-04-25 12:00:56 -0700
BUILT: /Users/jlu/mycode/maos/build by CLANG (v14.0.0) on 2024/05/06 12:01:36 CPU(F64,+O3) w/o CUDA
Launched at 2024/11/11 20:50:36 in elisa with PID 1431.
The web based job monitor can be accessed at http://localhost:12158
Main config file is default.conf
loaded 144 (144 new) records from '/Users/jlu/mycode/maos/config/maos/sim.conf'
loaded   2 (  2 new) records from '/Users/jlu/mycode/maos/config/maos/dm_dual.conf'
loaded   5 (  5 new) records from '/Users/jlu/mycode/maos/config/maos/atm/atm_mk13n50p.conf'
loaded   4 (  4 new) records from '/Users/jlu/mycode/maos/config/maos/evl_sq34.conf'
loaded   4 (  4 new) records from '/Users/jlu/mycode/maos/config/maos/fit_sq34.conf'
loaded   0 (  0 new) records from '/Users/jlu/mycode/maos/config/maos/fov_sq34.conf'
loaded  71 ( 71 new) records from '/Users/jlu/mycode/maos/config/maos/recon.conf'
loaded  80 ( 80 new) records from '/Users/jlu/mycode/maos/config/maos/dbg.conf'
loaded   0 (  0 new) records from '/Users/jlu/mycode/maos/config/maos/mcao_base.conf'
loaded  81 ( 81 new) records from '/Users/jlu/mycode/maos/config/maos/powfs_common.conf'
loaded  44 ( 38 new) records from '/Users/jlu/mycode/maos/config/maos/powfs_none.conf'
loaded  38 (  0 new) records from '/Users/jlu/mycode/maos/config/maos/powfs_shlgs.conf'
loaded  38 (  0 new) records from '/Users/jlu/mycode/maos/config/maos/powfs_shngs.conf'
loaded  34 (  0 new) records from '/Users/jlu/mycode/maos/config/maos/powfs_shtt.conf'
loaded   8 (  0 new) records from '/Users/jlu/mycode/maos/config/maos/powfs_shttf.conf'
loaded  38 (  0 new) records from '/Users/jlu/mycode/maos/config/maos/powfs_shngs.conf'
loaded  34 (  0 new) records from '/Users/jlu/mycode/maos/config/maos/powfs_shtt.conf'
loaded   0 (  0 new) records from '/Users/jlu/mycode/maos/config/maos/wfs_lgs_ttf_tt.conf'
loaded   0 (  0 new) records from '/Users/jlu/mycode/maos/config/maos/mcao_lgs.conf'
loaded   0 (  0 new) records from '/Users/jlu/mycode/maos/config/maos/default.conf'
Replacing all existing input
loaded 133 (133 new) records from '/System/Volumes/Data/mnt/g/lu/scratch/jlu/work/ao/keck/maos/keck/k1_lgs_ltao_kapa/keck_sim.conf'
loaded  19 ( 19 new) records from '/System/Volumes/Data/mnt/g/lu/scratch/jlu/work/ao/keck/maos/keck/k1_lgs_ltao_kapa/keck_dm_single.conf'
loaded   8 (  6 new) records from '/System/Volumes/Data/mnt/g/lu/scratch/jlu/work/ao/keck/maos/keck/k1_lgs_ltao_kapa/atm_mk13n50p_ground_detail.conf'
loaded  81 ( 74 new) records from '/Users/jlu/mycode/maos/config/maos/powfs_common.conf'
loaded  44 ( 38 new) records from '/Users/jlu/mycode/maos/config/maos/powfs_none.conf'
loaded  44 (  0 new) records from '/System/Volumes/Data/mnt/g/lu/scratch/jlu/work/ao/keck/maos/keck/k1_lgs_ltao_kapa/keck_shwfs_lgs.conf'
loaded  44 (  0 new) records from '/System/Volumes/Data/mnt/g/lu/scratch/jlu/work/ao/keck/maos/keck/k1_lgs_ltao_kapa/keck_shwfs_ttf_strap.conf'
loaded  44 (  0 new) records from '/System/Volumes/Data/mnt/g/lu/scratch/jlu/work/ao/keck/maos/keck/k1_lgs_ltao_kapa/keck_shwfs_twfs_lbwfs.conf'
loaded   0 (  0 new) records from '/System/Volumes/Data/mnt/g/lu/scratch/jlu/work/ao/keck/maos/keck/k1_lgs_ltao_kapa/keck_wfs_lgs_strap_lbwfs.conf'
loaded  71 ( 71 new) records from '/Users/jlu/mycode/maos/config/maos/recon.conf'
loaded  80 ( 80 new) records from '/Users/jlu/mycode/maos/config/maos/dbg.conf'
loaded   4 (  4 new) records from '/Users/jlu/mycode/maos/config/maos/fit_oa.conf'
loaded  11 (  4 new) records from '/System/Volumes/Data/mnt/g/lu/scratch/jlu/work/ao/keck/maos/keck/k1_lgs_ltao_kapa/A_keck_kapa_grid.conf'
loaded   0 (  0 new) records from 'command line'
loaded  26 ( 26 new) records from '/System/Volumes/Data/mnt/g/lu/scratch/jlu/work/ao/keck/maos/keck/k1_lgs_ltao_kapa/keck_llt_CL.conf'
loaded   2 (  0 new) records from '/System/Volumes/Data/mnt/g/lu/scratch/jlu/work/ao/keck/maos/keck/k1_lgs_ltao_kapa/keck_llt_ltao.conf'
Adjust LGS range by telescope altitude 4145m.
Zenith angle is 30 degree.
    Scaling turbulence height and LGS hs by sec(za).
    Scaling r0 by cos(za)^(3/5).
    Scaling wind speed and LGS signal level by cos(za).
powfs0.epfsm is set to 0.805944 (auto)
powfs2 is TWFS for powfs0
Focus blending is not implemented yet for integrated tomography
parms->sim.mffocus is reset to 0
There are 1 valid simulation seeds:  1
Output PSF for 121 directions
[00;00mAperture[00;00m is 11 m with sampling 1/64 m
[00;00mTurbulence at 30 degree zenith angle:[00;00m r0=0.128424m, L0=30m, 14 layers.
    Greenwood freq is 25.1Hz, anisoplanatic angle is 1.58 as
    Sampled 4096x4096 at 1/64m. wind dir is randomized.
    layer  0: height is      0 m, weight is 0.302, wind speed is  4.8 m/s
    layer  1: height is     17 m, weight is 0.154, wind speed is  5.0 m/s
    layer  2: height is     35 m, weight is 0.041, wind speed is  5.4 m/s
    layer  3: height is     52 m, weight is 0.002, wind speed is  6.6 m/s
    layer  4: height is    139 m, weight is 0.021, wind speed is  6.1 m/s
    layer  5: height is    231 m, weight is 0.010, wind speed is  6.1 m/s
    layer  6: height is    323 m, weight is 0.008, wind speed is  6.1 m/s
    layer  7: height is    416 m, weight is 0.005, wind speed is  6.1 m/s
    layer  8: height is    508 m, weight is 0.001, wind speed is  6.1 m/s
    layer  9: height is    932 m, weight is 0.107, wind speed is  5.6 m/s
    layer 10: height is   5022 m, weight is 0.144, wind speed is 11.1 m/s
    layer 11: height is   9238 m, weight is 0.093, wind speed is 19.1 m/s
    layer 12: height is  13856 m, weight is 0.075, wind speed is  8.2 m/s
    layer 13: height is  22518 m, weight is 0.036, wind speed is  4.8 m/s
[00;00mReconstruction[00;00m: r0=0.128424m L0=30m. 14 layers. use cone coordinate.
    layer  0: height is      0 m, weight is 0.302
    layer  1: height is     17 m, weight is 0.154
    layer  2: height is     35 m, weight is 0.041
    layer  3: height is     52 m, weight is 0.002
    layer  4: height is    139 m, weight is 0.021
    layer  5: height is    231 m, weight is 0.010
    layer  6: height is    323 m, weight is 0.008
    layer  7: height is    416 m, weight is 0.005
    layer  8: height is    508 m, weight is 0.001
    layer  9: height is    932 m, weight is 0.107
    layer 10: height is   5022 m, weight is 0.144
    layer 11: height is   9238 m, weight is 0.093
    layer 12: height is  13856 m, weight is 0.075
    layer 13: height is  22518 m, weight is 0.036
[00;00mThere are 3 powfs[00;00m
  powfs0: Order 22, LGS at 99.1 km. Sampling 1/64 m. Thres 30%. [00;00mT/T is removed in right hand side in tomography.[00;00m
    CCD image is 4x4 @ 3000x3000 mas, blur 38% (sigma), 236Hz, wvl: [ 5.89e-07]
    Gtilt in reconstruction. Physical optics start at 0 with [00;00m'matched filter'[00;00m [00;00m(noisy)[00;00m
  powfs1: Order  1, NGS at inf km. Sampling 1/16 m. Thres 30%. 
    Gtilt in reconstruction. Geomtric optics start at 2 with ztilt [00;00m(noisy)[00;00m
  powfs2: Order 22, NGS at inf km. Sampling 1/32 m. Thres 50%. 
    CCD image is 3x3 @ 1500x1500 mas, blur 0% (sigma), 0.472Hz, wvl: [ 7.2e-07]
    Gtilt in reconstruction. Geomtric optics start at 1000 with gtilt Physical optics start at 0 with [00;00m'matched filter'[00;00m [00;00m(noisy)[00;00m
[00;00mThere are 6 wfs[00;00m
    wfs 0: powfs 0, at (  -7.60,    0.00) arcsec,  99 km, siglev is 259.808 bkgrnd is 6
    wfs 1: powfs 0, at (   0.00,    7.60) arcsec,  99 km, siglev is 259.808 bkgrnd is 6
    wfs 2: powfs 0, at (   0.00,   -7.60) arcsec,  99 km, siglev is 259.808 bkgrnd is 6
    wfs 3: powfs 0, at (   7.60,    0.00) arcsec,  99 km, siglev is 259.808 bkgrnd is 6
    wfs 4: powfs 1, at (   0.00,    0.00) arcsec, inf km, siglev is 64529 bkgrnd is 8.273
    wfs 5: powfs 2, at (   0.00,    0.00) arcsec, inf km, siglev is 1.47933e+08 bkgrnd is 25.25
[00;00mThere are 1 DMs[00;00m
  DM 0: at 0 km, pitch 0.563 m, offset 0, 2 micron stroke, 1.2 micron inter-actuator stroke.
    Normalized cubic influence function with inter-actuator coupling of 0.223
[00;00mTomography[00;00m is using CG, with [00;00mFourer Domain[00;00m preconditioner, [00;00m12[00;00m iterations, integrated tomo.
[00;00mDM Fitting [00;00mis using CG, with [00;00mNo[00;00m preconditioner, [00;00m10[00;00m iterations
[00;00mThere are 1 DM fitting directions[00;00m
    Fit 0: weight is 1.000, at (   0.00,    0.00) arcsec
[00;00mThere are 121 evaluation directions[00;00m at sampling 1/64 m.
    Evl 0: weight is 0.008, at (   0.00,    0.00) arcsec
    Evl 1: weight is 0.008, at (   0.00,    5.00) arcsec
    Evl 2: weight is 0.008, at (   0.00,   10.00) arcsec
    Evl 3: weight is 0.008, at (   0.00,   15.00) arcsec
    Evl 4: weight is 0.008, at (   0.00,   20.00) arcsec
    Evl 5: weight is 0.008, at (   0.00,   25.00) arcsec
    Evl 6: weight is 0.008, at (   0.00,   30.00) arcsec
    Evl 7: weight is 0.008, at (   0.00,   35.00) arcsec
    Evl 8: weight is 0.008, at (   0.00,   45.00) arcsec
    Evl 9: weight is 0.008, at (   0.00,   55.00) arcsec
    Evl 10: weight is 0.008, at (   0.00,   65.00) arcsec
    Evl 11: weight is 0.008, at (   5.00,    0.00) arcsec
    Evl 12: weight is 0.008, at (   5.00,    5.00) arcsec
    Evl 13: weight is 0.008, at (   5.00,   10.00) arcsec
    Evl 14: weight is 0.008, at (   5.00,   15.00) arcsec
    Evl 15: weight is 0.008, at (   5.00,   20.00) arcsec
    Evl 16: weight is 0.008, at (   5.00,   25.00) arcsec
    Evl 17: weight is 0.008, at (   5.00,   30.00) arcsec
    Evl 18: weight is 0.008, at (   5.00,   35.00) arcsec
    Evl 19: weight is 0.008, at (   5.00,   45.00) arcsec
    Evl 20: weight is 0.008, at (   5.00,   55.00) arcsec
    Evl 21: weight is 0.008, at (   5.00,   65.00) arcsec
    Evl 22: weight is 0.008, at (  10.00,    0.00) arcsec
    Evl 23: weight is 0.008, at (  10.00,    5.00) arcsec
    Evl 24: weight is 0.008, at (  10.00,   10.00) arcsec
    Evl 25: weight is 0.008, at (  10.00,   15.00) arcsec
    Evl 26: weight is 0.008, at (  10.00,   20.00) arcsec
    Evl 27: weight is 0.008, at (  10.00,   25.00) arcsec
    Evl 28: weight is 0.008, at (  10.00,   30.00) arcsec
    Evl 29: weight is 0.008, at (  10.00,   35.00) arcsec
    Evl 30: weight is 0.008, at (  10.00,   45.00) arcsec
    Evl 31: weight is 0.008, at (  10.00,   55.00) arcsec
    Evl 32: weight is 0.008, at (  10.00,   65.00) arcsec
    Evl 33: weight is 0.008, at (  15.00,    0.00) arcsec
    Evl 34: weight is 0.008, at (  15.00,    5.00) arcsec
    Evl 35: weight is 0.008, at (  15.00,   10.00) arcsec
    Evl 36: weight is 0.008, at (  15.00,   15.00) arcsec
    Evl 37: weight is 0.008, at (  15.00,   20.00) arcsec
    Evl 38: weight is 0.008, at (  15.00,   25.00) arcsec
    Evl 39: weight is 0.008, at (  15.00,   30.00) arcsec
    Evl 40: weight is 0.008, at (  15.00,   35.00) arcsec
    Evl 41: weight is 0.008, at (  15.00,   45.00) arcsec
    Evl 42: weight is 0.008, at (  15.00,   55.00) arcsec
    Evl 43: weight is 0.008, at (  15.00,   65.00) arcsec
    Evl 44: weight is 0.008, at (  20.00,    0.00) arcsec
    Evl 45: weight is 0.008, at (  20.00,    5.00) arcsec
    Evl 46: weight is 0.008, at (  20.00,   10.00) arcsec
    Evl 47: weight is 0.008, at (  20.00,   15.00) arcsec
    Evl 48: weight is 0.008, at (  20.00,   20.00) arcsec
    Evl 49: weight is 0.008, at (  20.00,   25.00) arcsec
    Evl 50: weight is 0.008, at (  20.00,   30.00) arcsec
    Evl 51: weight is 0.008, at (  20.00,   35.00) arcsec
    Evl 52: weight is 0.008, at (  20.00,   45.00) arcsec
    Evl 53: weight is 0.008, at (  20.00,   55.00) arcsec
    Evl 54: weight is 0.008, at (  20.00,   65.00) arcsec
    Evl 55: weight is 0.008, at (  25.00,    0.00) arcsec
    Evl 56: weight is 0.008, at (  25.00,    5.00) arcsec
    Evl 57: weight is 0.008, at (  25.00,   10.00) arcsec
    Evl 58: weight is 0.008, at (  25.00,   15.00) arcsec
    Evl 59: weight is 0.008, at (  25.00,   20.00) arcsec
    Evl 60: weight is 0.008, at (  25.00,   25.00) arcsec
    Evl 61: weight is 0.008, at (  25.00,   30.00) arcsec
    Evl 62: weight is 0.008, at (  25.00,   35.00) arcsec
    Evl 63: weight is 0.008, at (  25.00,   45.00) arcsec
    Evl 64: weight is 0.008, at (  25.00,   55.00) arcsec
    Evl 65: weight is 0.008, at (  25.00,   65.00) arcsec
    Evl 66: weight is 0.008, at (  30.00,    0.00) arcsec
    Evl 67: weight is 0.008, at (  30.00,    5.00) arcsec
    Evl 68: weight is 0.008, at (  30.00,   10.00) arcsec
    Evl 69: weight is 0.008, at (  30.00,   15.00) arcsec
    Evl 70: weight is 0.008, at (  30.00,   20.00) arcsec
    Evl 71: weight is 0.008, at (  30.00,   25.00) arcsec
    Evl 72: weight is 0.008, at (  30.00,   30.00) arcsec
    Evl 73: weight is 0.008, at (  30.00,   35.00) arcsec
    Evl 74: weight is 0.008, at (  30.00,   45.00) arcsec
    Evl 75: weight is 0.008, at (  30.00,   55.00) arcsec
    Evl 76: weight is 0.008, at (  30.00,   65.00) arcsec
    Evl 77: weight is 0.008, at (  35.00,    0.00) arcsec
    Evl 78: weight is 0.008, at (  35.00,    5.00) arcsec
    Evl 79: weight is 0.008, at (  35.00,   10.00) arcsec
    Evl 80: weight is 0.008, at (  35.00,   15.00) arcsec
    Evl 81: weight is 0.008, at (  35.00,   20.00) arcsec
    Evl 82: weight is 0.008, at (  35.00,   25.00) arcsec
    Evl 83: weight is 0.008, at (  35.00,   30.00) arcsec
    Evl 84: weight is 0.008, at (  35.00,   35.00) arcsec
    Evl 85: weight is 0.008, at (  35.00,   45.00) arcsec
    Evl 86: weight is 0.008, at (  35.00,   55.00) arcsec
    Evl 87: weight is 0.008, at (  35.00,   65.00) arcsec
    Evl 88: weight is 0.008, at (  45.00,    0.00) arcsec
    Evl 89: weight is 0.008, at (  45.00,    5.00) arcsec
    Evl 90: weight is 0.008, at (  45.00,   10.00) arcsec
    Evl 91: weight is 0.008, at (  45.00,   15.00) arcsec
    Evl 92: weight is 0.008, at (  45.00,   20.00) arcsec
    Evl 93: weight is 0.008, at (  45.00,   25.00) arcsec
    Evl 94: weight is 0.008, at (  45.00,   30.00) arcsec
    Evl 95: weight is 0.008, at (  45.00,   35.00) arcsec
    Evl 96: weight is 0.008, at (  45.00,   45.00) arcsec
    Evl 97: weight is 0.008, at (  45.00,   55.00) arcsec
    Evl 98: weight is 0.008, at (  45.00,   65.00) arcsec
    Evl 99: weight is 0.008, at (  55.00,    0.00) arcsec
    Evl 100: weight is 0.008, at (  55.00,    5.00) arcsec
    Evl 101: weight is 0.008, at (  55.00,   10.00) arcsec
    Evl 102: weight is 0.008, at (  55.00,   15.00) arcsec
    Evl 103: weight is 0.008, at (  55.00,   20.00) arcsec
    Evl 104: weight is 0.008, at (  55.00,   25.00) arcsec
    Evl 105: weight is 0.008, at (  55.00,   30.00) arcsec
    Evl 106: weight is 0.008, at (  55.00,   35.00) arcsec
    Evl 107: weight is 0.008, at (  55.00,   45.00) arcsec
    Evl 108: weight is 0.008, at (  55.00,   55.00) arcsec
    Evl 109: weight is 0.008, at (  55.00,   65.00) arcsec
    Evl 110: weight is 0.008, at (  65.00,    0.00) arcsec
    Evl 111: weight is 0.008, at (  65.00,    5.00) arcsec
    Evl 112: weight is 0.008, at (  65.00,   10.00) arcsec
    Evl 113: weight is 0.008, at (  65.00,   15.00) arcsec
    Evl 114: weight is 0.008, at (  65.00,   20.00) arcsec
    Evl 115: weight is 0.008, at (  65.00,   25.00) arcsec
    Evl 116: weight is 0.008, at (  65.00,   30.00) arcsec
    Evl 117: weight is 0.008, at (  65.00,   35.00) arcsec
    Evl 118: weight is 0.008, at (  65.00,   45.00) arcsec
    Evl 119: weight is 0.008, at (  65.00,   55.00) arcsec
    Evl 120: weight is 0.008, at (  65.00,   65.00) arcsec
[00;00mSimulation[00;00m start at step 0, end at step 800, with time step 1/472s, [00;00mclose loop[00;00m.
After setup_parms:	2.2 MiB.

*** Preparation started at 2024/11/11 20:50:36 in elisa. ***

Using thread pool with 8 threads
Reading aperture amplitude map from KECK.fits
Warning(accphi.c:478): 27866 points not covered by input screen
iwvl 0: Science PSF is using grid size of 1400. The PSF will sum to 6.56969377481658
iwvl 1: Science PSF is using grid size of 1400. The PSF will sum to 6.56969377481658
iwvl 2: Science PSF is using grid size of 1400. The PSF will sum to 6.56969377481658
iwvl 3: Science PSF is using grid size of 1400. The PSF will sum to 6.56969377481658
iwvl 4: Science PSF is using grid size of 1400. The PSF will sum to 6.56969377481658
iwvl 5: Science PSF is using grid size of 1400. The PSF will sum to 6.56969377481658
iwvl 6: Science PSF is using grid size of 1400. The PSF will sum to 6.56969377481658
iwvl 7: Science PSF is using grid size of 1400. The PSF will sum to 6.56969377481658
iwvl 8: Science PSF is using grid size of 1400. The PSF will sum to 6.56969377481658
After setup_aper:	33.6 MiB.

[00;00mSetting up powfs 0 geom[00;00m

There are 32 points in each subaperture of 0.5m.
There are 307 valid subaperture.

[00;00mSetting up powfs 1 geom[00;00m

There are 176 points in each subaperture of 11m.
There are 1 valid subaperture.

[00;00mSetting up powfs 2 geom[00;00m

There are 16 points in each subaperture of 0.5m.
There are 290 valid subaperture.
After setup_powfs_init:	70.5 MiB.

[00;00mSetting up reconstructor geometry.[00;00m

PLOC is 47x47, with sampling of 0.25m (not square)
    DM 0: grid is 23 x 23
FLOC is 47x47, with sampling of 0.25m (not square)
Tomography grid is not square:
    layer 0: xloc grid is 140 x 140, sampling is 0.250 m,  1845 points
    layer 1: xloc grid is 140 x 140, sampling is 0.250 m,  1853 points
    layer 2: xloc grid is 140 x 140, sampling is 0.250 m,  1855 points
    layer 3: xloc grid is 140 x 140, sampling is 0.250 m,  1857 points
    layer 4: xloc grid is 140 x 140, sampling is 0.250 m,  1875 points
    layer 5: xloc grid is 140 x 140, sampling is 0.249 m,  1889 points
    layer 6: xloc grid is 140 x 140, sampling is 0.249 m,  1905 points
    layer 7: xloc grid is 140 x 140, sampling is 0.249 m,  1921 points
    layer 8: xloc grid is 140 x 140, sampling is 0.249 m,  1929 points
    layer 9: xloc grid is 140 x 140, sampling is 0.248 m,  2004 points
    layer 10: xloc grid is 140 x 140, sampling is 0.237 m,  2747 points
    layer 11: xloc grid is 140 x 140, sampling is 0.227 m,  3750 points
    layer 12: xloc grid is 140 x 140, sampling is 0.215 m,  5064 points
    layer 13: xloc grid is 140 x 140, sampling is 0.193 m,  8828 points
Setting up surface OPD

Surface 0:
Loading surface OPD from Keck_ncpa_rmswfe130nm.fits
Does not contain SURFEVL. Assume it covers all evaluation directions.
Does not contain SURFWFS, Assume it covers all WFS.

[00;00mSetting up powfs 0 PO WFS[00;00m

OTF dimension is 100x100 (calculated)
Uplink FWHM (illt 0, iwvl 0) is 0.582786"
Downlink FWHM (illt 0, iwvl 0) is 0.671379"
Generating matched filter for powfs 0
sa index   location       noise equivalent angle
     111: (  0.5,  -1.5) m, (182.57, 182.65) mas
     147: (  2.0,  -0.5) m, (177.40, 176.58) mas
     150: (  3.5,  -0.5) m, (174.42, 173.13) mas
     152: (  4.5,  -0.5) m, (174.18, 172.19) mas
     153: (  5.0,  -0.5) m, (188.02, 185.89) mas
sa index   location       noise equivalent angle
     111: (  0.5,  -1.5) m, (182.57, 182.65) mas
     147: (  2.0,  -0.5) m, (177.40, 176.58) mas
     150: (  3.5,  -0.5) m, (174.42, 173.13) mas
     152: (  4.5,  -0.5) m, (174.18, 172.19) mas
     153: (  5.0,  -0.5) m, (188.02, 185.89) mas
sa index   location       noise equivalent angle
     111: (  0.5,  -1.5) m, (182.57, 182.65) mas
     147: (  2.0,  -0.5) m, (177.40, 176.58) mas
     150: (  3.5,  -0.5) m, (174.42, 173.13) mas
     152: (  4.5,  -0.5) m, (174.18, 172.19) mas
     153: (  5.0,  -0.5) m, (188.02, 185.89) mas
sa index   location       noise equivalent angle
     111: (  0.5,  -1.5) m, (182.57, 182.65) mas
     147: (  2.0,  -0.5) m, (177.40, 176.58) mas
     150: (  3.5,  -0.5) m, (174.42, 173.13) mas
     152: (  4.5,  -0.5) m, (174.18, 172.19) mas
     153: (  5.0,  -0.5) m, (188.02, 185.89) mas

[00;00mSetting up powfs 2 PO WFS[00;00m

OTF dimension is 32x32 (calculated)
Generating matched filter for powfs 2
powfs2: sigrecon is limited to 0 for too high siglev 147933
Use sanea to derive neasim
Use sanea to derive neasim

[00;00mSetting up reconstructor[00;00m

Recon NEA: cmf(175.91) cmf(175.91) cmf(175.91) cmf(175.91) geom(2.22) mf(1.48)  mas
Setup or update control matrix parameters.
RRtwfs svd threshold is 1e-10
Replacing HA by HA*fit->actextrap
Adding piston cr to fit matrix
    dm 0, mode 1: there are 72 slave actuators
Before assembling fit matrix:	2377.2 MiB.
Building fit->FR
Building fit->FL
Adding tikhonov constraint of 1.0e-07 to FLM
The maximum eigen value is estimated to be around 9.0e-03
DM Fit number of Low rank terms: 2 in LHS
After assemble fit matrix:	2377.5 MiB.
After setup_recon:	2377.5 MiB.

*** Simulation started at 2024/11/11 20:50:51 in elisa. ***

Running seed 1
Converting windshake PSD to time series.
DM cache with grid 1/7.1048m
Wind dir: 267.3 261.7 167.0 130.5 300.7  32.3 119.8 139.0 150.8 277.7 203.0 133.1  45.9 265.1 deg
Using /Users/jlu/.aos/cache/atm/vonkarman_14_4096x4096_0.015625_3588971674d.bin
After genatm:	2414.2 MiB.
Step     #  Open Loop  PR TT  On axis  PR TT  Field RMS PR TT     Timing 
Step     0: OL 1205.0  779.8  OA 1128.1  803.7 CL 1205.0  779.8 nm  1.341 s
Step     1: OL 1204.4  777.7  OA 1122.0  792.7 CL 1204.4  777.7 nm  0.943 s
Step     2: OL 1206.7  780.0  OA 1123.1  791.7 CL 1206.7  780.0 nm  1.111 s
step 3 DM 0: 23 actuators clipped
Step     4: OL 1220.8  799.3  OA  800.1  629.4 CL  886.3  586.9 nm  1.263 s
step 4 DM 0: 17 actuators clipped
step 5 DM 0: 72 actuators clipped
Step 5, DM 0: 2 actuators over ia limit (print will be disabled after 10 steps). Fix is success. after 2 trials
Step     6: OL 1248.0  838.1  OA  443.1  347.6 CL  599.8  287.8 nm  1.221 s
step 6 DM 0: 51 actuators clipped
Step 6, DM 0: 4 actuators over ia limit (print will be disabled after 10 steps). Fix is success. after 2 trials
step 7 DM 0: 51 actuators clipped
Step 7, DM 0: 2 actuators over ia limit (print will be disabled after 10 steps). Fix is success. after 2 trials
Step     8: OL 1277.6  879.5  OA  405.0  260.2 CL  648.0  340.0 nm  1.334 s
step 8 DM 0: 26 actuators clipped
Step 8, DM 0: 2 actuators over ia limit (print will be disabled after 10 steps). Fix is success. after 2 trials
step 9 DM 0: 39 actuators clipped
Step 9, DM 0: 2 actuators over ia limit (print will be disabled after 10 steps). Fix is success. after 2 trials
Step    10: OL 1288.6  893.5  OA  333.1  168.1 CL  746.6  506.3 nm  1.213 s
Step    11: OL 1284.7  886.9  OA  447.6  366.9 CL  924.7  739.3 nm  1.074 s
Step    12: OL 1276.9  874.6  OA  487.5  413.4 CL  960.7  781.4 nm  1.367 s
Step    14: OL 1261.3  849.7  OA  687.6  636.3 CL 1143.9  992.4 nm  1.145 s
Step    16: OL 1257.4  842.2  OA  756.1  704.1 CL 1187.2 1051.2 nm  1.299 s
Step    18: OL 1267.4  855.2  OA  709.4  660.4 CL 1127.8  994.4 nm  1.281 s
Step    19: OL 1277.0  868.7  OA  636.9  582.1 CL 1053.5  895.9 nm  1.009 s
Step    20: OL 1288.9  885.4  OA  606.6  547.1 CL 1025.4  860.7 nm 12.559 s
Step    21: OL 1301.6  903.0  OA  518.1  444.3 CL  948.1  750.4 nm 12.149 s
Step    22: OL 1312.8  918.4  OA  497.0  417.2 CL  928.3  722.8 nm 12.372 s
Step    23: OL 1320.7  929.1  OA  453.4  369.3 CL  923.2  704.8 nm 12.465 s
Step    24: OL 1324.4  933.9  OA  453.4  365.9 CL  923.4  702.3 nm 12.660 s
Step    25: OL 1324.4  933.4  OA  548.5  485.2 CL 1025.4  832.8 nm 12.121 s
Step    26: OL 1322.1  929.7  OA  567.8  504.0 CL 1041.9  850.4 nm 12.320 s
Step    27: OL 1319.5  925.4  OA  677.0  627.2 CL 1124.3  970.5 nm 12.302 s
Step    28: OL 1317.9  922.8  OA  697.1  647.1 CL 1142.1  988.9 nm 12.579 s
Step    29: OL 1318.3  923.1  OA  753.5  707.2 CL 1171.6 1045.4 nm 12.335 s
Step    30: OL 1321.0  926.6  OA  756.7  709.8 CL 1174.8 1047.3 nm 12.369 s
Step    31: OL 1325.7  933.2  OA  746.0  699.1 CL 1160.7 1028.6 nm 12.483 s
step 31 DM 0: 43 actuators clipped
Step    32: OL 1331.9  941.7  OA  735.6  687.6 CL 1152.1 1017.2 nm 12.334 s
Step    33: OL 1338.5  950.9  OA  748.5  697.5 CL 1145.7 1007.5 nm 12.229 s
Step    34: OL 1344.5  959.4  OA  738.4  686.6 CL 1137.2  996.6 nm 12.510 s
Step    35: OL 1349.2  965.9  OA  737.3  685.2 CL 1133.6  983.8 nm 12.547 s
Step    36: OL 1352.2  970.2  OA  734.9  682.4 CL 1132.5  981.2 nm 12.454 s
Step    37: OL 1353.9  972.8  OA  724.1  671.5 CL 1127.2  972.2 nm 12.278 s
Step    38: OL 1355.1  974.6  OA  726.7  673.9 CL 1130.5  974.9 nm 12.406 s
Step    39: OL 1356.3  976.6  OA  759.9  715.2 CL 1158.7 1014.8 nm 12.438 s
Step    40: OL 1358.3  979.7  OA  760.2  715.1 CL 1159.6 1014.8 nm 12.513 s
Step    41: OL 1361.1  983.9  OA  819.7  774.7 CL 1213.6 1071.1 nm 12.505 s
Step    42: OL 1364.6  989.2  OA  815.2  769.3 CL 1209.7 1065.8 nm 12.402 s
Step    43: OL 1368.4  994.9  OA  787.4  737.8 CL 1185.9 1040.2 nm 12.188 s
Step    44: OL 1371.9 1000.2  OA  782.6  732.1 CL 1182.0 1034.4 nm 12.935 s
Step    45: OL 1374.8 1004.7  OA  727.9  667.8 CL 1145.3  978.1 nm 12.506 s
Step    46: OL 1376.9 1008.2  OA  727.0  665.9 CL 1145.1  976.1 nm 12.330 s
Step    47: OL 1378.6 1011.0  OA  772.0  713.4 CL 1189.4 1016.7 nm 12.373 s
Step    48: OL 1380.1 1013.8  OA  772.7  713.4 CL 1190.7 1016.5 nm 12.323 s
Step    49: OL 1382.3 1017.3  OA  866.1  814.4 CL 1264.9 1100.8 nm 12.358 s
Step    50: OL 1385.2 1022.1  OA  863.0  810.9 CL 1262.6 1096.8 nm 12.360 s
Step    51: OL 1389.1 1028.1  OA  891.0  850.4 CL 1270.9 1128.6 nm 12.126 s
Step    52: OL 1393.7 1034.9  OA  883.5  842.0 CL 1263.7 1119.6 nm 12.450 s
Step    53: OL 1398.4 1041.9  OA  915.1  878.8 CL 1274.4 1156.2 nm 12.194 s
Step    54: OL 1402.4 1048.1  OA  909.1  871.8 CL 1267.9 1148.5 nm 12.476 s
Step    55: OL 1405.3 1052.7  OA  924.1  884.8 CL 1277.0 1166.5 nm 12.285 s
Step    56: OL 1406.7 1055.4  OA  924.6  884.5 CL 1276.6 1165.6 nm 12.296 s
Step    57: OL 1406.8 1056.2  OA  906.8  870.6 CL 1274.9 1161.2 nm 12.157 s
step 57 DM 0: 45 actuators clipped
Step    58: OL 1406.0 1055.9  OA  913.3  876.5 CL 1280.3 1166.4 nm 12.398 s
Step    59: OL 1404.9 1055.1  OA  893.1  856.2 CL 1264.2 1144.8 nm 12.244 s
Step    60: OL 1404.0 1054.7  OA  899.9  862.4 CL 1269.9 1150.3 nm 12.539 s
Step    61: OL 1403.7 1054.8  OA  850.1  812.2 CL 1245.6 1102.3 nm 12.243 s
step 61 DM 0: 46 actuators clipped
Step    62: OL 1403.7 1055.6  OA  853.8  814.9 CL 1248.3 1104.2 nm 12.299 s
Step    63: OL 1404.1 1056.7  OA  856.8  814.1 CL 1263.3 1100.7 nm 12.126 s
Step    64: OL 1404.4 1057.7  OA  859.9  816.3 CL 1265.6 1102.1 nm 12.465 s
Step    65: OL 1404.3 1058.2  OA  909.0  868.6 CL 1300.0 1152.2 nm 12.413 s
Step    66: OL 1403.8 1058.0  OA  914.6  873.9 CL 1304.7 1156.4 nm 12.429 s
Step    67: OL 1402.9 1057.4  OA  945.8  907.8 CL 1323.5 1188.5 nm 12.228 s
Step    68: OL 1401.9 1056.6  OA  952.4  914.3 CL 1329.0 1193.8 nm 12.260 s
Step    69: OL 1401.3 1056.2  OA  958.1  924.9 CL 1324.9 1194.9 nm 12.145 s
Step    70: OL 1401.4 1056.8  OA  961.2  927.7 CL 1327.0 1196.4 nm 12.514 s
Step    71: OL 1402.4 1058.5  OA  911.6  879.2 CL 1276.5 1142.5 nm 12.399 s
Step    72: OL 1404.4 1061.4  OA  908.7  875.6 CL 1272.6 1137.5 nm 12.307 s
Step    73: OL 1407.1 1065.3  OA  806.1  768.0 CL 1183.2 1032.1 nm 12.075 s
Step    74: OL 1410.1 1069.6  OA  800.0  761.0 CL 1176.5 1023.5 nm 12.319 s
Step    75: OL 1413.2 1073.8  OA  744.2  694.2 CL 1139.6  964.3 nm 12.347 s
Step    76: OL 1415.6 1077.2  OA  740.4  689.2 CL 1135.0  957.8 nm 12.364 s
Step    77: OL 1417.3 1079.5  OA  786.2  735.4 CL 1178.9 1000.4 nm 12.095 s
Step    78: OL 1418.0 1080.4  OA  787.8  736.4 CL 1179.2  999.7 nm 12.384 s
Step    79: OL 1417.7 1080.1  OA  828.6  784.6 CL 1212.8 1039.5 nm 12.161 s
Step    80: OL 1416.6 1078.6  OA  835.2  791.3 CL 1217.9 1044.5 nm 12.572 s
Step    81: OL 1414.9 1076.4  OA  898.6  861.8 CL 1264.7 1102.9 nm 12.147 s
Step    82: OL 1413.0 1073.8  OA  907.3  871.0 CL 1272.0 1110.5 nm 12.281 s
Step    83: OL 1411.1 1071.2  OA  887.0  851.5 CL 1249.0 1086.6 nm 12.273 s
Step    84: OL 1409.7 1069.1  OA  893.9  858.6 CL 1254.4 1092.1 nm 12.669 s
Step    85: OL 1409.0 1068.0  OA  812.6  777.7 CL 1172.3 1003.5 nm 12.371 s
Step    86: OL 1409.2 1068.1  OA  813.0  778.1 CL 1171.5 1002.0 nm 12.282 s
Step    87: OL 1410.7 1069.8  OA  734.1  690.4 CL 1092.7  914.8 nm 12.172 s
Step    88: OL 1413.5 1073.1  OA  728.7  684.0 CL 1086.4  906.2 nm 12.395 s
Step    89: OL 1417.4 1077.9  OA  699.1  645.9 CL 1066.8  874.1 nm 12.268 s
Step    90: OL 1422.1 1083.7  OA  689.2  634.2 CL 1056.2  860.1 nm 12.551 s
Step    91: OL 1427.2 1089.9  OA  709.5  653.1 CL 1078.5  880.9 nm 12.182 s
Step    92: OL 1431.7 1095.5  OA  700.9  642.6 CL 1069.2  868.4 nm 12.297 s
Step    93: OL 1435.4 1099.7  OA  699.4  640.1 CL 1071.0  866.6 nm 12.259 s
Step    94: OL 1437.5 1102.0  OA  697.2  636.8 CL 1067.8  861.4 nm 12.285 s
Step    95: OL 1438.4 1102.5  OA  692.7  635.8 CL 1076.0  859.3 nm 12.500 s
Step    96: OL 1438.2 1101.6  OA  696.0  638.9 CL 1078.1  860.6 nm 12.428 s
Step    97: OL 1437.7 1100.3  OA  734.1  683.1 CL 1103.7  899.6 nm 12.194 s
Step    98: OL 1437.5 1099.5  OA  736.8  686.0 CL 1105.7  900.9 nm 12.293 s
Step    99: OL 1438.3 1099.9  OA  720.5  671.7 CL 1067.1  881.6 nm 12.155 s
Step   100: OL 1440.1 1101.6  OA  718.2  669.0 CL 1064.4  877.3 nm 12.331 s
Step   101: OL 1442.7 1104.3  OA  717.8  669.9 CL 1035.2  868.7 nm 12.416 s
Step   102: OL 1445.3 1107.0  OA  714.2  665.3 CL 1031.2  862.5 nm 12.367 s
Step   103: OL 1446.9 1108.4  OA  664.1  607.3 CL  955.2  788.6 nm 12.132 s
Step   104: OL 1446.6 1107.4  OA  666.5  609.0 CL  956.9  789.0 nm 12.251 s
Step   105: OL 1444.0 1103.3  OA  671.7  620.4 CL  968.6  786.9 nm 12.177 s
Step   106: OL 1439.4 1096.5  OA  683.1  631.5 CL  979.2  798.3 nm 12.653 s
Step   107: OL 1433.7 1088.2  OA  672.6  626.5 CL 1001.4  793.8 nm 12.392 s
Step   108: OL 1428.3 1080.4  OA  687.3  640.8 CL 1014.4  808.3 nm 12.476 s
Step   109: OL 1424.7 1074.8  OA  705.9  656.1 CL 1041.7  821.9 nm 12.235 s
Step   110: OL 1424.1 1073.3  OA  710.8  659.6 CL 1044.9  824.3 nm 12.624 s
Step   111: OL 1427.3 1076.7  OA  747.1  696.9 CL 1085.9  856.5 nm 12.401 s
Step   112: OL 1434.6 1085.5  OA  734.4  682.0 CL 1072.7  838.2 nm 12.394 s
Step   113: OL 1445.7 1099.4  OA  695.8  649.3 CL 1043.0  803.1 nm 13.738 s
Step   114: OL 1459.5 1116.7  OA  672.8  623.5 CL 1020.4  772.1 nm 14.021 s
Step   115: OL 1474.2 1135.0  OA  616.8  557.2 CL  973.1  695.0 nm 13.610 s
Step   116: OL 1487.2 1151.1  OA  601.7  538.9 CL  957.4  670.5 nm 13.997 s
Step   117: OL 1496.3 1162.1  OA  626.3  568.4 CL  953.8  666.9 nm 13.518 s
Step   118: OL 1499.9 1166.0  OA  625.2  565.7 CL  951.7  661.3 nm 13.663 s
Step   119: OL 1498.0 1162.8  OA  601.6  539.9 CL  927.3  634.0 nm 13.837 s
Step   120: OL 1491.5 1153.7  OA  609.3  546.6 CL  935.2  642.8 nm 13.603 s
Step   121: OL 1482.5 1141.1  OA  636.8  578.0 CL  949.2  705.7 nm 13.572 s
Step   122: OL 1472.9 1127.8  OA  654.8  595.8 CL  965.2  725.0 nm 13.945 s
Step   123: OL 1464.6 1116.1  OA  729.4  681.4 CL 1028.2  817.5 nm 13.654 s
Step   124: OL 1458.8 1107.7  OA  744.4  696.3 CL 1041.0  832.1 nm 14.111 s
Step   125: OL 1456.4 1103.5  OA  740.4  693.4 CL 1045.2  814.7 nm 13.612 s
Step   126: OL 1457.5 1104.1  OA  741.5  693.7 CL 1045.0  813.1 nm 13.792 s
Step   127: OL 1462.5 1109.8  OA  634.7  582.2 CL  962.2  694.2 nm 13.819 s
Step   128: OL 1471.3 1120.4  OA  624.7  570.5 CL  951.7  677.7 nm 13.642 s
Step   129: OL 1483.5 1135.6  OA  460.4  382.9 CL  842.7  492.6 nm 13.574 s
Step   130: OL 1498.9 1154.7  OA  450.8  369.4 CL  830.5  468.7 nm 14.094 s
Step   131: OL 1516.3 1176.3  OA  401.0  308.9 CL  786.9  409.3 nm 13.629 s
Step   132: OL 1534.3 1198.6  OA  397.5  301.8 CL  777.7  387.5 nm 13.756 s
Step   133: OL 1551.0 1219.0  OA  478.3  395.8 CL  828.5  483.3 nm 13.671 s
Step   134: OL 1564.4 1235.0  OA  474.9  389.2 CL  821.5  468.3 nm 13.767 s
Step   135: OL 1572.7 1244.7  OA  573.9  502.9 CL  898.8  595.1 nm 13.698 s
Step   136: OL 1575.1 1246.9  OA  576.0  503.7 CL  899.3  593.9 nm 13.796 s
Step   137: OL 1572.0 1242.1  OA  703.6  643.3 CL  987.0  723.7 nm 13.583 s
Step   138: OL 1564.5 1231.7  OA  715.2  655.1 CL  997.2  736.4 nm 13.868 s
Step   139: OL 1554.6 1218.2  OA  740.2  677.1 CL 1020.8  764.4 nm 13.558 s
Step   140: OL 1544.4 1204.3  OA  757.2  694.0 CL 1035.8  782.5 nm 13.899 s
Step   141: OL 1535.6 1192.1  OA  729.2  673.9 CL 1027.5  782.0 nm 13.858 s
Step   142: OL 1529.2 1182.9  OA  744.1  688.2 CL 1039.6  796.0 nm 13.730 s
Step   143: OL 1525.7 1177.5  OA  767.8  719.7 CL 1065.9  837.6 nm 13.587 s
Step   144: OL 1525.0 1175.7  OA  773.9  725.0 CL 1070.0  841.4 nm 14.192 s
Step   145: OL 1526.7 1177.0  OA  754.5  709.5 CL 1054.5  826.9 nm 13.722 s
Step   146: OL 1530.6 1181.1  OA  752.2  705.8 CL 1051.1  821.1 nm 13.848 s
Step   147: OL 1536.6 1188.1  OA  704.9  660.8 CL  966.7  756.5 nm 13.576 s
Step   148: OL 1545.1 1198.3  OA  696.3  650.2 CL  957.1  742.3 nm 13.691 s
Step   149: OL 1556.8 1212.4  OA  618.0  560.0 CL  868.3  633.1 nm 13.689 s
Step   150: OL 1572.0 1231.1  OA  605.9  544.7 CL  853.9  611.0 nm 13.674 s
Step   151: OL 1591.0 1254.4  OA  583.0  513.7 CL  849.8  569.0 nm 13.947 s
Step   152: OL 1612.8 1281.2  OA  571.9  498.4 CL  834.4  543.2 nm 13.796 s
Step   153: OL 1635.3 1308.7  OA  586.0  516.1 CL  852.2  563.4 nm 13.641 s
Step   154: OL 1655.3 1332.9  OA  577.8  504.2 CL  839.5  542.3 nm 13.803 s
Step   155: OL 1668.8 1349.0  OA  577.8  513.0 CL  854.5  572.7 nm 13.722 s
Step   156: OL 1672.6 1353.0  OA  578.8  512.4 CL  852.6  569.3 nm 13.823 s
Step   157: OL 1664.8 1342.8  OA  601.6  548.1 CL  888.6  636.1 nm 13.728 s
Step   158: OL 1646.3 1319.1  OA  629.8  577.5 CL  911.1  666.8 nm 13.765 s
Step   159: OL 1620.3 1285.9  OA  704.5  663.8 CL  990.2  770.6 nm 13.628 s
Step   160: OL 1591.8 1249.1  OA  758.5  719.6 CL 1034.9  826.7 nm 13.741 s
Step   161: OL 1566.1 1215.5  OA  781.5  739.4 CL 1068.2  847.0 nm 13.634 s
Step   162: OL 1547.3 1190.6  OA  824.3  782.7 CL 1103.1  890.0 nm 13.927 s
Step   163: OL 1538.2 1178.1  OA  805.8  757.5 CL 1097.8  857.2 nm 13.713 s
Step   164: OL 1540.2 1180.1  OA  807.4  757.3 CL 1097.0  855.4 nm 13.754 s
Step   165: OL 1553.9 1197.3  OA  666.7  605.8 CL  970.9  696.6 nm 13.574 s
Step   166: OL 1579.2 1229.4  OA  629.9  562.6 CL  937.7  648.2 nm 13.731 s
Step   167: OL 1614.5 1273.8  OA  535.7  465.7 CL  828.0  525.4 nm 13.544 s
Step   168: OL 1656.2 1325.7  OA  501.4  423.1 CL  793.4  467.6 nm 13.735 s
Step   169: OL 1698.3 1377.5  OA  540.7  467.8 CL  789.7  475.4 nm 13.753 s
Step   170: OL 1733.8 1420.5  OA  531.7  455.0 CL  773.3  446.2 nm 13.760 s
Step   171: OL 1755.8 1446.9  OA  593.4  529.0 CL  803.6  525.6 nm 13.612 s
Step   172: OL 1759.9 1451.4  OA  594.9  528.9 CL  802.3  523.0 nm 13.743 s
Step   173: OL 1744.8 1432.6  OA  695.5  635.1 CL  882.7  657.7 nm 20.460 s
Step   174: OL 1713.6 1394.0  OA  729.6  671.7 CL  914.5  700.4 nm 20.254 s
Step   175: OL 1672.5 1342.7  OA  802.7  752.1 CL 1008.3  808.2 nm 16.794 s
Step   176: OL 1629.4 1288.1  OA  872.9  826.0 CL 1071.6  886.6 nm 16.065 s
Step   177: OL 1591.9 1239.8  OA  945.0  903.6 CL 1151.4  970.3 nm 15.037 s
Step   178: OL 1565.3 1205.0  OA 1003.2  963.4 CL 1203.4 1031.5 nm 15.362 s
Step   179: OL 1552.4 1187.8  OA  936.9  892.7 CL 1149.2  958.3 nm 15.212 s
Step   180: OL 1554.3 1189.8  OA  937.7  892.0 CL 1147.8  956.3 nm 15.366 s
Step   181: OL 1571.3 1211.5  OA  740.2  684.1 CL  957.2  743.1 nm 15.504 s
Step   182: OL 1603.4 1252.3  OA  690.6  627.5 CL  909.8  680.0 nm 15.638 s
Step   183: OL 1648.2 1308.8  OA  584.4  511.5 CL  807.0  536.2 nm 15.883 s
Step   184: OL 1700.0 1373.1  OA  543.0  460.6 CL  763.0  466.7 nm 15.460 s
Step   185: OL 1750.0 1434.1  OA  602.9  529.7 CL  809.3  501.7 nm 15.198 s
Step   186: OL 1787.9 1479.8  OA  591.4  514.3 CL  791.3  471.7 nm 15.359 s
Step   187: OL 1805.6 1500.7  OA  551.4  459.4 CL  794.2  440.5 nm 15.312 s
Step   188: OL 1799.4 1493.0  OA  555.3  461.3 CL  796.6  444.7 nm 15.305 s
Step   189: OL 1771.5 1458.8  OA  548.6  457.2 CL  832.7  518.8 nm 15.205 s
Step   190: OL 1729.0 1406.4  OA  601.4  517.8 CL  876.3  586.0 nm 15.334 s
Step   191: OL 1681.6 1347.3  OA  702.1  636.5 CL  964.3  733.8 nm 15.182 s
Step   192: OL 1638.9 1293.1  OA  783.2  724.4 CL 1033.1  822.1 nm 15.540 s
Step   193: OL 1607.6 1252.8  OA  804.6  753.2 CL 1034.3  840.5 nm 15.325 s
Step   194: OL 1591.1 1231.2  OA  844.0  794.6 CL 1068.9  882.6 nm 15.356 s
Step   195: OL 1590.5 1229.9  OA  765.0  712.2 CL  970.6  762.5 nm 15.007 s
Step   196: OL 1605.8 1249.2  OA  740.3  684.2 CL  947.1  731.9 nm 15.548 s
Step   197: OL 1636.5 1287.9  OA  642.9  583.2 CL  857.1  590.9 nm 15.133 s
Step   198: OL 1680.3 1342.8  OA  599.7  532.7 CL  813.0  524.4 nm 15.558 s
Step   199: OL 1732.1 1406.6  OA  524.5  447.0 CL  758.2  420.7 nm 15.165 s
Step   200: OL 1783.4 1468.9  OA  511.8  428.8 CL  735.6  378.3 nm 15.509 s
Step   201: OL 1824.7 1518.4  OA  473.5  379.0 CL  707.3  343.0 nm 15.218 s
Step   202: OL 1847.9 1545.8  OA  473.5  376.1 CL  700.9  328.9 nm 15.396 s
Step   203: OL 1848.8 1546.4  OA  521.0  410.2 CL  733.9  406.0 nm 15.332 s
Step   204: OL 1828.4 1521.6  OA  533.9  426.4 CL  747.6  430.8 nm 15.366 s
Step   205: OL 1792.4 1477.7  OA  650.8  548.6 CL  844.7  599.1 nm 15.610 s
Step   206: OL 1749.6 1425.1  OA  708.5  617.7 CL  899.0  674.9 nm 15.311 s
Step   207: OL 1709.1 1374.6  OA  807.5  736.3 CL  991.8  796.3 nm 15.215 s
Step   208: OL 1677.9 1335.2  OA  865.0  799.8 CL 1045.5  863.2 nm 15.347 s
Step   209: OL 1660.2 1312.3  OA  895.3  841.2 CL 1074.0  895.0 nm 15.251 s
Step   210: OL 1657.4 1308.4  OA  905.9  852.6 CL 1083.6  906.8 nm 15.370 s
Step   211: OL 1669.4 1323.1  OA  855.1  807.6 CL 1044.7  851.5 nm 15.071 s
Step   212: OL 1694.9 1354.7  OA  815.8  765.1 CL 1007.0  805.0 nm 13.851 s
Step   213: OL 1730.7 1398.8  OA  680.9  624.5 CL  885.7  641.6 nm 13.797 s
Step   214: OL 1771.4 1448.5  OA  634.5  572.0 CL  840.4  578.0 nm 14.243 s
Step   215: OL 1809.9 1495.0  OA  584.6  507.7 CL  788.4  492.7 nm 13.730 s
Step   216: OL 1839.0 1529.7  OA  564.4  482.4 CL  766.1  456.3 nm 13.948 s
Step   217: OL 1853.3 1546.5  OA  566.2  474.5 CL  765.6  451.9 nm 12.671 s
Step   218: OL 1850.9 1543.2  OA  566.9  474.5 CL  766.2  453.4 nm 12.741 s
Step   219: OL 1833.7 1522.2  OA  620.1  528.8 CL  821.0  527.4 nm 12.971 s
Step   220: OL 1806.8 1489.4  OA  645.7  558.9 CL  846.5  566.8 nm 14.380 s
Step   221: OL 1776.8 1452.4  OA  672.3  595.9 CL  902.7  640.6 nm 13.256 s
Step   222: OL 1749.8 1418.9  OA  712.7  641.6 CL  939.4  691.9 nm 15.584 s
Step   223: OL 1730.4 1394.6  OA  703.5  645.8 CL  936.0  707.3 nm 13.064 s
Step   224: OL 1721.0 1382.7  OA  721.8  665.7 CL  952.5  729.4 nm 13.046 s
Step   225: OL 1722.4 1384.1  OA  703.5  643.7 CL  926.0  701.7 nm 13.129 s
Step   226: OL 1733.4 1397.6  OA  687.8  625.8 CL  911.8  683.0 nm 12.776 s
Step   227: OL 1751.9 1420.2  OA  620.5  555.2 CL  828.3  583.5 nm 13.044 s
Step   228: OL 1774.3 1447.6  OA  593.9  523.6 CL  802.5  546.2 nm 12.585 s
Step   229: OL 1796.3 1474.3  OA  583.6  514.0 CL  760.2  483.5 nm 12.376 s
Step   230: OL 1813.8 1495.3  OA  571.8  498.6 CL  745.7  460.6 nm 12.740 s
Step   231: OL 1823.8 1507.2  OA  569.7  499.1 CL  772.0  457.3 nm 12.321 s
Step   232: OL 1825.4 1509.1  OA  569.5  497.3 CL  770.4  455.4 nm 12.563 s
Step   233: OL 1820.3 1502.7  OA  568.3  491.1 CL  794.5  479.4 nm 13.015 s
Step   234: OL 1811.3 1491.7  OA  577.1  500.1 CL  802.5  493.6 nm 12.539 s
Step   235: OL 1802.0 1480.3  OA  593.4  519.3 CL  813.6  524.8 nm 12.633 s
Step   236: OL 1795.5 1472.3  OA  601.5  527.6 CL  821.1  537.1 nm 12.808 s
Step   237: OL 1793.5 1469.8  OA  578.0  507.5 CL  795.4  514.7 nm 12.639 s
Step   238: OL 1796.0 1472.8  OA  576.2  504.1 CL  793.3  512.0 nm 12.531 s
Step   239: OL 1801.8 1479.7  OA  553.6  481.3 CL  775.0  500.2 nm 12.663 s
Step   240: OL 1808.0 1487.4  OA  548.1  474.0 CL  769.4  492.2 nm 13.509 s
Step   241: OL 1812.0 1492.1  OA  582.6  510.4 CL  787.7  526.0 nm 12.562 s
Step   242: OL 1811.1 1491.0  OA  585.5  513.2 CL  790.5  530.9 nm 13.139 s
Step   243: OL 1804.5 1483.0  OA  615.2  551.8 CL  819.4  569.4 nm 12.435 s
Step   244: OL 1793.0 1468.9  OA  632.5  571.0 CL  836.2  594.6 nm 13.160 s
Step   245: OL 1779.2 1452.1  OA  613.3  552.3 CL  823.0  568.1 nm 12.901 s
Step   246: OL 1766.5 1436.5  OA  632.5  573.2 CL  841.6  596.1 nm 13.194 s
Step   247: OL 1758.2 1426.2  OA  619.5  562.1 CL  825.2  576.6 nm 12.779 s
Step   248: OL 1756.5 1424.2  OA  624.2  566.1 CL  829.4  583.4 nm 12.800 s
Step   249: OL 1762.9 1432.0  OA  635.9  574.6 CL  809.4  552.3 nm 12.717 s
Step   250: OL 1777.1 1449.5  OA  623.1  558.5 CL  793.5  529.7 nm 13.041 s
Step   251: OL 1797.8 1474.8  OA  586.8  523.4 CL  731.8  451.5 nm 12.410 s
Step   252: OL 1822.1 1504.3  OA  575.9  509.6 CL  713.0  421.4 nm 12.706 s
Step   253: OL 1845.6 1532.7  OA  542.3  474.1 CL  675.6  372.6 nm 12.976 s
Step   254: OL 1863.7 1554.4  OA  541.0  470.9 CL  666.8  357.2 nm 12.787 s
Step   255: OL 1872.3 1564.7  OA  594.5  530.0 CL  711.0  431.1 nm 13.056 s
step 255 DM 0: 49 actuators clipped
Step   256: OL 1869.1 1560.8  OA  597.4  532.5 CL  714.1  437.9 nm 12.921 s
Step   257: OL 1854.4 1543.2  OA  680.7  617.9 CL  801.6  561.4 nm 12.895 s
Step   258: OL 1831.2 1515.1  OA  705.5  645.7 CL  831.3  604.8 nm 12.708 s
Step   259: OL 1803.8 1481.9  OA  822.8  768.4 CL  944.8  753.6 nm 13.036 s
Step   260: OL 1777.2 1449.3  OA  869.2  818.8 CL  995.4  817.7 nm 13.646 s
Step   261: OL 1755.4 1422.5  OA  941.2  894.4 CL 1060.3  905.0 nm 12.988 s
Step   262: OL 1741.1 1404.7  OA  977.5  932.5 CL 1099.1  950.9 nm 12.501 s
Step   263: OL 1735.3 1397.5  OA  885.1  839.2 CL 1022.5  861.7 nm 12.695 s
Step   264: OL 1738.4 1401.3  OA  883.8  836.6 CL 1021.1  860.3 nm 12.927 s
Step   265: OL 1750.2 1415.8  OA  713.9  661.3 CL  859.1  655.5 nm 12.767 s
Step   266: OL 1770.1 1440.3  OA  684.9  628.0 CL  825.4  611.9 nm 12.735 s
Step   267: OL 1796.7 1472.8  OA  592.6  534.8 CL  704.7  445.2 nm 12.640 s
Step   268: OL 1827.0 1509.5  OA  579.2  517.9 CL  677.7  402.3 nm 12.744 s
Step   269: OL 1856.4 1545.0  OA  603.6  552.2 CL  658.4  369.4 nm 12.374 s
Step   270: OL 1880.0 1573.2  OA  610.5  558.1 CL  654.0  361.1 nm 13.225 s
Step   271: OL 1893.2 1588.8  OA  665.7  611.4 CL  675.8  402.7 nm 12.355 s
Step   272: OL 1893.6 1589.3  OA  663.3  607.7 CL  674.2  399.9 nm 12.970 s
Step   273: OL 1881.8 1575.0  OA  675.9  616.6 CL  715.7  450.2 nm 13.318 s
Step   274: OL 1860.7 1549.6  OA  679.3  619.9 CL  730.6  473.9 nm 12.942 s
Step   275: OL 1835.3 1518.9  OA  710.4  643.9 CL  821.8  592.4 nm 12.850 s
step 275 DM 0: 50 actuators clipped
Step   276: OL 1810.7 1489.0  OA  746.3  683.7 CL  867.8  655.0 nm 12.690 s
Step   277: OL 1791.0 1464.8  OA  794.4  730.5 CL  946.0  753.6 nm 12.883 s
Step   278: OL 1778.4 1449.3  OA  830.3  769.4 CL  985.9  803.4 nm 12.830 s
Step   279: OL 1773.7 1443.3  OA  772.1  715.1 CL  969.6  783.6 nm 12.935 s
Step   280: OL 1776.7 1446.9  OA  773.9  716.4 CL  972.9  787.3 nm 13.257 s
Step   281: OL 1787.1 1459.6  OA  655.0  595.0 CL  867.9  645.8 nm 13.154 s
Step   282: OL 1804.6 1480.8  OA  625.7  560.9 CL  838.5  604.9 nm 12.725 s
Step   283: OL 1828.2 1509.3  OA  613.1  551.1 CL  741.0  449.4 nm 12.560 s
Step   284: OL 1855.7 1542.4  OA  601.1  536.0 CL  716.5  407.3 nm 13.243 s
Step   285: OL 1883.6 1575.7  OA  715.6  666.0 CL  721.5  450.0 nm 12.980 s
Step   286: OL 1907.7 1604.4  OA  719.5  668.9 CL  713.1  436.7 nm 12.913 s
Step   287: OL 1924.2 1623.8  OA  701.3  646.1 CL  700.2  452.6 nm 13.143 s
Step   288: OL 1930.5 1631.2  OA  700.1  643.9 CL  697.6  448.2 nm 13.152 s
Step   289: OL 1926.4 1626.2  OA  652.7  583.6 CL  730.8  488.1 nm 12.858 s
Step   290: OL 1913.9 1611.2  OA  664.8  597.1 CL  751.8  518.1 nm 13.070 s
Step   291: OL 1896.6 1590.4  OA  722.1  652.7 CL  844.3  638.8 nm 13.207 s
Step   292: OL 1878.5 1568.7  OA  758.4  692.7 CL  888.4  695.2 nm 13.067 s
Step   293: OL 1863.1 1550.2  OA  764.1  703.6 CL  897.0  700.2 nm 12.620 s
Step   294: OL 1852.9 1537.8  OA  793.6  734.9 CL  930.8  742.6 nm 13.120 s
Step   295: OL 1848.7 1532.6  OA  798.3  746.4 CL  890.6  692.0 nm 13.182 s
Step   296: OL 1850.7 1535.0  OA  801.7  749.1 CL  895.0  697.3 nm 13.518 s
Step   297: OL 1858.6 1544.5  OA  774.7  726.4 CL  817.8  594.9 nm 12.753 s
Step   298: OL 1872.0 1560.4  OA  762.7  712.4 CL  799.6  569.5 nm 13.033 s
Step   299: OL 1889.8 1581.7  OA  720.1  674.3 CL  748.6  506.8 nm 13.508 s
Step   300: OL 1910.5 1606.3  OA  709.4  661.5 CL  727.2  474.1 nm 14.038 s
Step   301: OL 1931.7 1631.5  OA  759.8  712.8 CL  734.0  502.1 nm 12.726 s
Step   302: OL 1950.9 1654.0  OA  754.1  705.7 CL  719.7  479.8 nm 12.839 s
Step   303: OL 1965.6 1671.3  OA  750.0  698.8 CL  722.6  479.7 nm 12.738 s
Step   304: OL 1974.3 1681.4  OA  746.6  694.5 CL  717.9  471.0 nm 13.573 s
Step   305: OL 1976.6 1684.2  OA  728.7  670.9 CL  754.9  517.8 nm 13.026 s
Step   306: OL 1973.8 1680.7  OA  731.9  674.1 CL  764.4  529.6 nm 12.745 s
Step   307: OL 1967.3 1673.1  OA  771.2  708.1 CL  854.5  650.7 nm 13.009 s
Step   308: OL 1959.7 1664.1  OA  788.9  727.7 CL  879.6  682.0 nm 13.532 s
Step   309: OL 1952.9 1656.1  OA  796.7  732.8 CL  920.6  725.0 nm 12.936 s
Step   310: OL 1948.6 1651.0  OA  812.7  749.8 CL  941.2  749.9 nm 12.903 s
Step   311: OL 1947.8 1650.0  OA  737.0  679.1 CL  874.9  675.4 nm 13.646 s
Step   312: OL 1950.8 1653.6  OA  737.7  678.3 CL  878.0  678.0 nm 13.979 s
Step   313: OL 1957.5 1661.5  OA  689.0  627.4 CL  824.0  607.6 nm 20.322 s
Step   314: OL 1967.4 1673.2  OA  676.8  612.3 CL  812.5  590.1 nm 20.357 s
Step   315: OL 1979.5 1687.5  OA  622.3  552.9 CL  751.8  508.0 nm 19.673 s
Step   316: OL 1992.8 1702.9  OA  609.1  536.1 CL  737.3  484.1 nm 20.260 s
Step   317: OL 2005.6 1717.9  OA  614.0  548.5 CL  717.3  474.2 nm 20.536 s
Step   318: OL 2016.9 1731.0  OA  605.4  537.2 CL  707.7  457.2 nm 20.075 s
Step   319: OL 2025.6 1741.3  OA  703.7  647.4 CL  747.8  529.0 nm 17.689 s
Step   320: OL 2031.7 1748.3  OA  700.9  643.9 CL  746.2  525.2 nm 14.010 s
Step   321: OL 2035.3 1752.5  OA  756.0  696.9 CL  776.0  568.1 nm 13.865 s
Step   322: OL 2037.4 1754.9  OA  757.3  698.3 CL  780.8  573.2 nm 13.872 s
Step   323: OL 2039.0 1756.7  OA  771.1  708.8 CL  817.2  609.8 nm 13.730 s
Step   324: OL 2041.2 1759.0  OA  773.6  711.2 CL  823.0  615.8 nm 13.729 s
Step   325: OL 2044.5 1762.9  OA  811.3  750.0 CL  864.1  661.6 nm 13.374 s
Step   326: OL 2049.8 1768.9  OA  809.8  748.3 CL  864.0  660.2 nm 13.679 s
Step   327: OL 2057.0 1777.2  OA  832.4  773.8 CL  881.1  688.0 nm 13.903 s
Step   328: OL 2066.0 1787.4  OA  825.3  766.0 CL  873.9  677.3 nm 14.282 s
Step   329: OL 2075.9 1798.8  OA  853.7  792.0 CL  901.3  709.7 nm 18.734 s
Step   330: OL 2085.9 1810.2  OA  845.4  782.5 CL  892.1  696.5 nm 17.782 s
Step   331: OL 2094.7 1820.1  OA  873.0  807.1 CL  928.8  729.1 nm 16.914 s
Step   332: OL 2101.0 1827.1  OA  870.9  804.2 CL  927.3  725.4 nm 17.205 s
Step   333: OL 2103.8 1830.3  OA  875.7  811.9 CL  907.2  705.7 nm 18.891 s
Step   334: OL 2103.1 1829.2  OA  883.0  818.8 CL  917.4  717.2 nm 20.854 s
Step   335: OL 2099.3 1824.7  OA  919.8  859.3 CL  927.6  738.6 nm 20.177 s
Step   336: OL 2093.9 1818.3  OA  934.4  874.1 CL  947.6  762.0 nm 20.877 s
Step   337: OL 2088.8 1812.1  OA  962.7  908.8 CL  943.5  764.8 nm 20.488 s
Step   338: OL 2085.8 1808.5  OA  973.8  919.8 CL  959.4  782.7 nm 20.985 s
Step   339: OL 2086.6 1809.2  OA  945.0  893.4 CL  940.3  763.7 nm 20.614 s
Step   340: OL 2092.5 1815.7  OA  941.6  888.8 CL  936.9  757.8 nm 20.248 s
Step   341: OL 2103.9 1828.7  OA  935.1  872.3 CL  900.9  706.2 nm 20.004 s
Step   342: OL 2121.0 1848.0  OA  917.0  851.8 CL  875.7  672.1 nm 21.399 s
Step   343: OL 2142.4 1872.4  OA  913.1  848.7 CL  854.5  647.5 nm 20.388 s
Step   344: OL 2166.1 1899.2  OA  893.2  826.4 CL  824.2  604.9 nm 28.128 s
Step   345: OL 2188.4 1924.4  OA  893.5  834.0 CL  841.1  629.0 nm 28.675 s
Step   346: OL 2205.4 1943.4  OA  880.7  819.8 CL  823.6  603.2 nm 28.699 s
Step   347: OL 2213.7 1952.7  OA  880.6  820.6 CL  885.5  675.4 nm 26.884 s
Step   348: OL 2211.9 1950.5  OA  886.4  826.4 CL  897.2  688.3 nm 28.789 s
Step   349: OL 2201.1 1938.1  OA  911.0  846.7 CL  986.5  789.3 nm 27.823 s
Step   350: OL 2184.6 1919.1  OA  945.9  884.0 CL 1031.5  842.7 nm 27.007 s
Step   351: OL 2166.7 1898.5  OA 1009.0  955.8 CL 1108.8  932.4 nm 28.459 s
Step   352: OL 2151.7 1881.2  OA 1050.8  999.7 CL 1158.5  989.7 nm 28.473 s
Step   353: OL 2142.6 1870.7  OA 1094.1 1047.8 CL 1183.2 1020.0 nm 25.957 s
Step   354: OL 2141.4 1869.1  OA 1106.2 1060.2 CL 1199.5 1037.9 nm 28.667 s
Step   355: OL 2148.7 1877.4  OA 1058.3 1005.5 CL 1138.0  966.0 nm 28.440 s
Step   356: OL 2165.1 1896.0  OA 1026.7  971.8 CL 1104.7  925.3 nm 26.343 s
Step   357: OL 2190.1 1924.6  OA  926.9  865.8 CL  964.9  762.7 nm 28.041 s
Step   358: OL 2222.2 1960.9  OA  881.3  816.0 CL  908.1  687.8 nm 30.638 s
Step   359: OL 2257.2 2000.4  OA  864.1  793.0 CL  839.3  609.2 nm 25.653 s
Step   360: OL 2289.2 2036.4  OA  837.4  763.2 CL  799.1  550.7 nm 28.347 s
Step   361: OL 2311.8 2061.9  OA  900.8  826.4 CL  836.8  613.3 nm 27.936 s
Step   362: OL 2320.9 2072.0  OA  893.4  818.6 CL  829.1  601.8 nm 26.722 s
Step   363: OL 2315.2 2065.7  OA 1034.0  959.7 CL  997.4  817.1 nm 28.450 s
step 363 DM 0: 52 actuators clipped
Step   364: OL 2298.1 2046.5  OA 1057.7  986.5 CL 1034.6  861.7 nm 28.079 s
Step   365: OL 2275.2 2020.8  OA 1231.4 1169.5 CL 1239.8 1097.4 nm 25.712 s
Step   366: OL 2253.1 1995.9  OA 1277.5 1219.4 CL 1299.2 1164.2 nm 29.146 s
Step   367: OL 2236.9 1977.8  OA 1367.6 1314.5 CL 1406.1 1278.5 nm 28.319 s
Step   368: OL 2229.8 1969.8  OA 1389.9 1338.1 CL 1435.0 1310.1 nm 26.531 s
Step   369: OL 2232.7 1973.2  OA 1344.7 1297.1 CL 1416.6 1283.8 nm 28.122 s
Step   370: OL 2245.3 1987.5  OA 1320.4 1271.4 CL 1392.5 1256.5 nm 29.604 s
Step   371: OL 2265.6 2010.7  OA 1151.7 1104.6 CL 1240.9 1087.7 nm 26.028 s
Step   372: OL 2290.5 2038.7  OA 1105.1 1054.8 CL 1190.8 1029.2 nm 28.352 s
Step   373: OL 2314.7 2066.1  OA 1040.2  988.2 CL 1117.4  949.8 nm 28.430 s
Step   374: OL 2333.3 2087.0  OA 1010.2  955.1 CL 1085.1  910.5 nm 26.863 s
Step   375: OL 2342.5 2097.6  OA 1035.9  976.0 CL 1095.4  925.7 nm 27.888 s
Step   376: OL 2342.0 2097.2  OA 1036.9  975.7 CL 1100.7  931.0 nm 29.463 s
Step   377: OL 2334.0 2088.5  OA 1045.3  984.4 CL 1112.9  949.4 nm 26.544 s
Step   378: OL 2323.1 2076.6  OA 1064.0 1003.1 CL 1139.6  979.9 nm 29.458 s
Step   379: OL 2313.8 2066.5  OA 1105.6 1043.3 CL 1166.7 1014.1 nm 28.827 s
Step   380: OL 2309.7 2062.1  OA 1113.9 1051.4 CL 1180.6 1029.8 nm 27.160 s
Step   381: OL 2312.4 2065.4  OA 1091.0 1030.7 CL 1151.2 1005.9 nm 28.221 s
Step   382: OL 2322.0 2076.3  OA 1074.3 1012.6 CL 1134.6  986.9 nm 30.445 s
Step   383: OL 2336.6 2093.0  OA 1096.6 1035.8 CL 1136.0  998.6 nm 26.004 s
step 383 DM 0: 53 actuators clipped
Step   384: OL 2353.4 2112.0  OA 1069.5 1006.9 CL 1105.8  964.0 nm 28.557 s
Step   385: OL 2368.3 2129.0  OA 1115.2 1052.5 CL 1151.2 1011.6 nm 27.925 s
Step   386: OL 2377.9 2139.8  OA 1100.7 1036.9 CL 1136.8  995.1 nm 26.636 s
Step   387: OL 2379.7 2142.2  OA 1168.3 1109.2 CL 1251.4 1122.0 nm 28.100 s
Step   388: OL 2374.1 2136.2  OA 1179.4 1120.7 CL 1268.4 1140.7 nm 29.404 s
Step   389: OL 2362.8 2124.0  OA 1266.0 1208.8 CL 1389.0 1268.1 nm 25.569 s
Step   390: OL 2349.3 2109.2  OA 1294.8 1238.6 CL 1424.5 1306.6 nm 28.784 s
Step   391: OL 2336.9 2095.7  OA 1373.1 1317.8 CL 1488.4 1371.5 nm 29.129 s
Step   392: OL 2328.6 2086.7  OA 1392.9 1338.0 CL 1513.6 1398.6 nm 29.307 s
Step   393: OL 2326.1 2084.3  OA 1371.0 1319.8 CL 1459.9 1349.8 nm 28.693 s
Step   394: OL 2330.5 2089.4  OA 1362.4 1310.6 CL 1453.3 1342.6 nm 28.564 s
Step   395: OL 2341.6 2102.1  OA 1320.3 1265.4 CL 1387.8 1269.7 nm 26.068 s
Step   396: OL 2358.9 2121.5  OA 1287.8 1231.0 CL 1352.1 1230.5 nm 28.495 s
Step   397: OL 2380.3 2145.7  OA 1232.9 1168.4 CL 1270.1 1141.3 nm 27.824 s
Step   398: OL 2403.3 2171.3  OA 1196.1 1129.2 CL 1226.6 1092.7 nm 26.153 s
Step   399: OL 2424.0 2194.5  OA 1256.9 1189.5 CL 1289.8 1166.0 nm 28.672 s
Step   400: OL 2438.6 2210.7  OA 1234.6 1165.8 CL 1265.4 1138.8 nm 29.154 s
Step   401: OL 2443.6 2216.5  OA 1309.5 1246.1 CL 1354.8 1241.8 nm 26.200 s
Step   402: OL 2437.7 2210.0  OA 1318.0 1254.9 CL 1369.7 1257.6 nm 28.428 s
Step   403: OL 2421.3 2192.1  OA 1409.3 1347.9 CL 1473.1 1369.2 nm 28.209 s
Step   404: OL 2397.7 2166.1  OA 1449.8 1390.3 CL 1525.8 1425.4 nm 27.607 s
Step   405: OL 2371.4 2137.0  OA 1530.3 1473.0 CL 1630.6 1536.9 nm 27.845 s
Step   406: OL 2347.5 2110.5  OA 1580.3 1525.0 CL 1691.7 1601.2 nm 29.051 s
Step   407: OL 2329.9 2091.1  OA 1586.8 1533.7 CL 1706.5 1622.4 nm 26.035 s
Step   408: OL 2321.5 2081.6  OA 1606.3 1553.7 CL 1732.1 1649.0 nm 28.279 s
Step   409: OL 2323.3 2083.7  OA 1543.2 1489.6 CL 1664.3 1579.2 nm 28.601 s
Step   410: OL 2335.9 2097.7  OA 1511.7 1456.5 CL 1632.1 1544.9 nm 26.587 s
Step   411: OL 2358.4 2122.7  OA 1374.6 1314.8 CL 1485.5 1386.6 nm 28.123 s
Step   412: OL 2388.3 2155.8  OA 1313.9 1250.4 CL 1417.1 1312.5 nm 29.242 s
Step   413: OL 2421.1 2191.9  OA 1201.4 1135.1 CL 1297.1 1180.2 nm 25.252 s
Step   414: OL 2450.6 2224.4  OA 1153.2 1082.9 CL 1239.9 1116.2 nm 28.269 s
Step   415: OL 2470.8 2246.4  OA 1195.7 1129.6 CL 1291.5 1175.9 nm 28.220 s
Step   416: OL 2477.4 2253.5  OA 1184.4 1117.1 CL 1281.2 1163.3 nm 26.687 s
Step   417: OL 2469.5 2244.7  OA 1310.3 1250.5 CL 1415.4 1315.6 nm 28.923 s
step 417 DM 0: 54 actuators clipped
Step   418: OL 2449.5 2222.4  OA 1341.8 1283.9 CL 1457.0 1359.7 nm 29.313 s
Step   419: OL 2422.2 2192.1  OA 1512.8 1458.4 CL 1638.7 1555.8 nm 26.859 s
step 419 DM 0: 62 actuators clipped
Step   420: OL 2393.3 2159.8  OA 1569.3 1518.0 CL 1706.7 1627.1 nm 29.277 s
Step   421: OL 2367.6 2131.1  OA 1690.2 1640.1 CL 1826.3 1752.4 nm 28.879 s
Step   422: OL 2348.6 2109.7  OA 1733.1 1685.2 CL 1877.5 1805.3 nm 27.727 s
Step   423: OL 2337.9 2097.4  OA 1746.4 1700.5 CL 1893.5 1823.2 nm 27.405 s
Step   424: OL 2335.9 2094.9  OA 1750.9 1705.6 CL 1901.3 1830.6 nm 28.697 s
Step   425: OL 2342.3 2101.6  OA 1645.0 1602.2 CL 1804.8 1733.1 nm 27.477 s
Step   426: OL 2355.9 2116.4  OA 1611.9 1568.1 CL 1770.3 1696.1 nm 27.020 s
Step   427: OL 2374.9 2137.1  OA 1493.8 1447.8 CL 1643.7 1565.4 nm 28.221 s
Step   428: OL 2396.4 2160.6  OA 1448.5 1400.7 CL 1594.1 1512.0 nm 27.861 s
Step   429: OL 2416.7 2182.7  OA 1391.4 1340.8 CL 1510.4 1422.0 nm 28.154 s
Step   430: OL 2431.8 2199.1  OA 1363.8 1312.0 CL 1479.6 1388.0 nm 28.329 s
Step   431: OL 2438.4 2205.9  OA 1393.2 1343.5 CL 1508.2 1415.5 nm 27.198 s
Step   432: OL 2434.8 2201.5  OA 1397.5 1347.9 CL 1515.7 1422.1 nm 26.650 s
Step   433: OL 2421.1 2185.9  OA 1488.5 1443.5 CL 1623.1 1537.6 nm 28.110 s
Step   434: OL 2399.9 2161.9  OA 1525.5 1481.8 CL 1668.4 1584.3 nm 28.540 s
Step   435: OL 2374.9 2133.6  OA 1685.2 1645.5 CL 1837.0 1764.1 nm 26.312 s
Step   436: OL 2350.2 2105.6  OA 1736.8 1698.8 CL 1897.1 1825.8 nm 28.810 s
Step   437: OL 2329.4 2081.9  OA 1772.8 1737.2 CL 1931.7 1862.4 nm 28.239 s
Step   438: OL 2314.8 2065.0  OA 1805.3 1770.7 CL 1970.0 1901.2 nm 25.916 s
Step   439: OL 2307.6 2056.4  OA 1710.8 1678.9 CL 1873.2 1801.6 nm 28.002 s
Step   440: OL 2307.8 2056.1  OA 1706.7 1674.5 CL 1870.5 1797.6 nm 28.441 s
Step   441: OL 2314.9 2063.5  OA 1530.6 1497.4 CL 1681.8 1605.4 nm 25.499 s
Step   442: OL 2327.5 2077.1  OA 1498.8 1464.1 CL 1646.8 1567.1 nm 28.729 s
Step   443: OL 2343.4 2094.3  OA 1338.6 1297.3 CL 1499.3 1409.1 nm 28.343 s
Step   444: OL 2359.5 2111.7  OA 1303.5 1259.5 CL 1459.4 1364.7 nm 26.740 s
Step   445: OL 2372.3 2125.4  OA 1269.6 1218.1 CL 1427.8 1329.2 nm 28.157 s
Step   446: OL 2379.0 2132.3  OA 1254.7 1200.9 CL 1411.5 1309.8 nm 28.521 s
Step   447: OL 2377.6 2130.1  OA 1295.5 1244.4 CL 1450.6 1359.8 nm 25.795 s
Step   448: OL 2368.1 2118.9  OA 1310.4 1258.9 CL 1470.0 1379.1 nm 28.713 s
Step   449: OL 2351.9 2100.2  OA 1419.6 1377.0 CL 1595.4 1516.6 nm 28.198 s
Step   450: OL 2331.6 2076.9  OA 1459.0 1417.1 CL 1642.5 1565.0 nm 26.705 s
Step   451: OL 2310.3 2052.3  OA 1529.3 1489.7 CL 1741.0 1668.0 nm 28.406 s
Step   452: OL 2290.9 2029.8  OA 1573.7 1535.0 CL 1792.1 1720.2 nm 28.351 s
Step   453: OL 2275.2 2011.5  OA 1596.1 1559.8 CL 1828.5 1756.9 nm 25.892 s
Step   454: OL 2264.4 1998.6  OA 1621.9 1585.6 CL 1858.5 1786.9 nm 29.003 s
Step   455: OL 2258.7 1991.6  OA 1557.2 1521.3 CL 1798.9 1720.3 nm 28.047 s
Step   456: OL 2257.9 1990.1  OA 1553.6 1516.7 CL 1797.3 1717.0 nm 26.069 s
Step   457: OL 2261.1 1993.1  OA 1410.8 1372.1 CL 1635.9 1542.7 nm 28.131 s
Step   458: OL 2267.0 1999.2  OA 1390.2 1349.4 CL 1614.9 1518.3 nm 28.754 s
Step   459: OL 2273.8 2006.3  OA 1290.6 1246.3 CL 1484.1 1381.8 nm 25.982 s
Step   460: OL 2279.7 2012.4  OA 1272.9 1226.3 CL 1465.0 1359.0 nm 28.259 s
Step   461: OL 2282.9 2015.4  OA 1249.9 1201.8 CL 1426.3 1316.9 nm 28.197 s
Step   462: OL 2282.4 2014.4  OA 1246.5 1196.9 CL 1424.3 1312.5 nm 26.520 s
Step   463: OL 2278.3 2009.2  OA 1228.5 1183.8 CL 1419.2 1311.8 nm 28.062 s
Step   464: OL 2271.3 2000.7  OA 1238.1 1192.4 CL 1433.5 1325.0 nm 28.707 s
Step   465: OL 2262.7 1990.4  OA 1237.5 1194.7 CL 1462.4 1359.5 nm 26.062 s
Step   466: OL 2253.7 1979.7  OA 1252.0 1208.6 CL 1482.3 1378.8 nm 28.763 s
Step   467: OL 2245.4 1969.8  OA 1222.0 1179.8 CL 1462.1 1362.0 nm 28.124 s
Step   468: OL 2238.0 1960.9  OA 1233.1 1190.4 CL 1477.9 1377.1 nm 26.147 s
Step   469: OL 2231.6 1953.1  OA 1195.0 1147.5 CL 1439.2 1328.4 nm 28.113 s
Step   470: OL 2225.6 1945.9  OA 1202.9 1154.7 CL 1451.0 1339.2 nm 28.546 s
Step   471: OL 2219.6 1938.6  OA 1172.5 1122.8 CL 1411.5 1295.2 nm 26.063 s
Step   472: OL 2213.3 1930.9  OA 1181.7 1131.5 CL 1425.0 1307.7 nm 28.360 s
Step   473: OL 2206.6 1922.8  OA 1227.6 1182.1 CL 1465.8 1351.3 nm 28.393 s
Step   474: OL 2199.9 1914.7  OA 1238.2 1192.4 CL 1480.8 1365.4 nm 26.917 s
Step   475: OL 2194.0 1907.5  OA 1280.7 1235.3 CL 1527.6 1411.6 nm 27.927 s
Step   476: OL 2189.5 1902.0  OA 1285.8 1239.8 CL 1536.0 1418.5 nm 28.759 s
Step   477: OL 2187.0 1898.8  OA 1250.3 1204.9 CL 1489.2 1366.4 nm 26.540 s
Step   478: OL 2186.8 1898.3  OA 1243.5 1197.0 CL 1483.6 1358.0 nm 28.918 s
Step   479: OL 2188.7 1900.2  OA 1121.0 1074.4 CL 1355.8 1222.0 nm 28.675 s
Step   480: OL 2192.0 1903.7  OA 1106.4 1058.1 CL 1340.2 1202.3 nm 26.523 s
Step   481: OL 2195.7 1907.6  OA  995.6  945.4 CL 1225.6 1085.0 nm 27.693 s
Step   482: OL 2198.1 1910.2  OA  984.8  933.0 CL 1213.9 1069.1 nm 28.800 s
Step   483: OL 2197.9 1909.7  OA 1019.6  973.2 CL 1247.6 1106.7 nm 27.159 s
Step   484: OL 2194.2 1905.2  OA 1021.5  974.3 CL 1251.9 1109.0 nm 28.205 s
Step   485: OL 2186.8 1896.5  OA 1134.4 1088.4 CL 1392.7 1259.3 nm 28.408 s
Step   486: OL 2176.4 1884.4  OA 1151.9 1106.0 CL 1414.8 1281.7 nm 26.810 s
Step   487: OL 2164.4 1870.3  OA 1251.7 1205.4 CL 1530.1 1407.8 nm 27.607 s
Step   488: OL 2152.2 1856.0  OA 1276.8 1230.8 CL 1559.1 1437.6 nm 29.238 s
Step   489: OL 2141.2 1843.1  OA 1259.2 1215.7 CL 1535.2 1416.6 nm 27.908 s
step 489 DM 0: 74 actuators clipped
Step   490: OL 2132.4 1832.7  OA 1275.6 1232.0 CL 1554.1 1435.4 nm 30.751 s
Step   491: OL 2126.3 1825.4  OA 1182.0 1138.7 CL 1443.1 1315.5 nm 29.864 s
step 491 DM 0: 85 actuators clipped
Step   492: OL 2123.1 1821.5  OA 1182.2 1138.0 CL 1443.4 1313.9 nm 30.091 s
Step   493: OL 2122.4 1820.6  OA 1121.4 1077.9 CL 1348.8 1216.0 nm 30.014 s
Step   494: OL 2123.7 1822.0  OA 1111.2 1066.5 CL 1336.0 1199.6 nm 31.320 s
Step   495: OL 2126.1 1824.7  OA 1067.4 1023.0 CL 1283.8 1143.0 nm 33.164 s
Step   496: OL 2128.5 1827.4  OA 1057.2 1011.5 CL 1270.2 1125.5 nm 28.007 s
Step   497: OL 2129.6 1828.6  OA 1037.2  992.1 CL 1274.0 1128.8 nm 29.395 s
Step   498: OL 2128.4 1827.1  OA 1034.1  987.5 CL 1269.8 1121.7 nm 32.476 s
Step   499: OL 2124.3 1822.3  OA 1029.3  985.7 CL 1305.5 1157.0 nm 34.247 s
Step   500: OL 2117.3 1814.0  OA 1038.0  993.2 CL 1315.6 1166.2 nm 36.888 s
Step   501: OL 2108.0 1803.1  OA 1026.0  984.6 CL 1330.6 1179.7 nm 32.756 s
Step   502: OL 2097.5 1790.6  OA 1043.1 1000.7 CL 1349.6 1199.2 nm 30.898 s
Step   503: OL 2086.8 1778.1  OA 1034.6  990.3 CL 1362.2 1216.4 nm 33.633 s
Step   504: OL 2077.3 1766.9  OA 1050.4 1005.5 CL 1378.7 1233.3 nm 31.934 s
Step   505: OL 2069.8 1758.0  OA 1092.0 1050.3 CL 1416.5 1279.8 nm 27.556 s
Step   506: OL 2064.8 1752.1  OA 1095.4 1052.9 CL 1419.4 1281.6 nm 33.325 s
Step   507: OL 2062.6 1749.4  OA 1032.9  992.0 CL 1338.9 1202.4 nm 31.445 s
Step   508: OL 2062.8 1749.5  OA 1023.0  981.1 CL 1327.2 1187.7 nm 28.978 s
Step   509: OL 2064.5 1751.6  OA  966.3  923.8 CL 1261.7 1118.1 nm 36.370 s
Step   510: OL 2066.6 1754.0  OA  953.9  910.1 CL 1246.5 1099.2 nm 33.081 s
Step   511: OL 2067.1 1754.6  OA  952.9  904.5 CL 1242.1 1098.1 nm 28.234 s
Step   511 updated high order loop gain: 0.675
Step   512: OL 2064.4 1751.4  OA  951.1  902.0 CL 1239.1 1093.0 nm 31.266 s
Step   513: OL 2057.3 1743.0  OA  988.7  936.5 CL 1269.3 1132.7 nm 30.720 s
Step   514: OL 2045.6 1729.2  OA 1006.7  955.1 CL 1288.6 1152.9 nm 28.532 s
Step   515: OL 2030.3 1711.2  OA 1030.3  980.0 CL 1316.3 1187.2 nm 30.368 s
Step   516: OL 2013.6 1691.4  OA 1063.3 1014.0 CL 1351.0 1224.3 nm 31.151 s
Step   517: OL 1997.6 1672.4  OA 1104.6 1061.1 CL 1401.0 1272.5 nm 29.868 s
Step   518: OL 1984.5 1656.8  OA 1131.6 1088.4 CL 1427.9 1301.0 nm 39.150 s
Step   519: OL 1975.6 1646.3  OA 1103.7 1061.6 CL 1407.3 1272.2 nm 33.398 s
Step   520: OL 1971.8 1641.8  OA 1102.5 1059.4 CL 1403.8 1267.0 nm 31.393 s
Step   521: OL 1973.3 1643.8  OA 1025.9  982.7 CL 1321.9 1182.0 nm 32.594 s
Step   522: OL 1979.7 1651.8  OA  998.2  952.5 CL 1289.2 1143.8 nm 32.946 s
Step   523: OL 1989.6 1663.9  OA  908.5  857.8 CL 1176.8 1020.6 nm 27.279 s
Step   524: OL 1999.9 1676.5  OA  883.0  829.5 CL 1143.6  980.3 nm 32.351 s
Step   525: OL 2006.7 1684.9  OA  844.3  784.5 CL 1102.1  928.2 nm 31.901 s
Step   526: OL 2006.1 1684.5  OA  841.5  779.9 CL 1095.3  918.2 nm 30.677 s
Step   527: OL 1996.0 1672.9  OA  911.2  852.2 CL 1208.2 1046.5 nm 32.006 s
Step   528: OL 1976.8 1650.4  OA  944.3  886.1 CL 1241.1 1083.0 nm 32.591 s
Step   529: OL 1951.6 1620.6  OA 1063.4 1013.9 CL 1378.2 1246.5 nm 29.727 s
Step   530: OL 1924.6 1588.6  OA 1127.8 1080.2 CL 1440.9 1314.7 nm 32.443 s
Step   531: OL 1900.0 1559.3  OA 1186.2 1144.2 CL 1493.2 1377.6 nm 32.151 s
Step   532: OL 1880.5 1536.1  OA 1238.3 1197.5 CL 1543.2 1431.0 nm 28.085 s
Step   533: OL 1867.2 1520.5  OA 1195.4 1154.8 CL 1487.9 1376.7 nm 31.581 s
Step   534: OL 1860.6 1513.2  OA 1200.3 1159.1 CL 1490.1 1378.2 nm 32.350 s
Step   535: OL 1860.9 1514.4  OA 1008.1  958.1 CL 1279.7 1151.9 nm 30.338 s
Step   536: OL 1868.6 1524.8  OA  969.0  916.0 CL 1234.5 1100.5 nm 32.153 s
Step   537: OL 1883.6 1544.1  OA  805.7  746.0 CL 1055.9  898.2 nm 32.364 s
Step   538: OL 1903.8 1569.6  OA  762.2  697.7 CL  999.6  829.9 nm 32.113 s
Step   539: OL 1924.7 1595.9  OA  742.8  678.3 CL  955.8  765.4 nm 30.053 s
Step   540: OL 1940.2 1615.6  OA  728.4  660.8 CL  927.7  728.2 nm 32.793 s
Step   541: OL 1944.4 1621.8  OA  796.3  730.0 CL 1009.1  807.6 nm 31.918 s
Step   542: OL 1933.8 1610.3  OA  808.6  741.9 CL 1020.4  820.2 nm 29.865 s
Step   543: OL 1908.8 1581.4  OA  917.2  859.3 CL 1157.4  997.3 nm 32.193 s
Step   544: OL 1873.7 1540.2  OA  975.6  920.7 CL 1218.5 1066.8 nm 32.670 s
Step   545: OL 1835.3 1494.7  OA 1033.4  984.6 CL 1288.6 1164.2 nm 29.857 s
Step   546: OL 1800.4 1453.2  OA 1117.0 1071.2 CL 1371.6 1254.8 nm 32.671 s
Step   547: OL 1773.3 1421.2  OA 1107.2 1059.7 CL 1355.8 1246.5 nm 32.099 s
Step   548: OL 1755.5 1400.5  OA 1153.7 1107.6 CL 1400.3 1294.1 nm 30.721 s
Step   549: OL 1746.5 1391.0  OA 1022.1  971.1 CL 1264.3 1149.5 nm 31.624 s
Step   550: OL 1746.4 1392.8  OA  999.9  947.4 CL 1238.2 1120.0 nm 32.799 s
Step   551: OL 1755.8 1406.5  OA  845.8  788.4 CL 1084.5  935.7 nm 29.515 s
Step   552: OL 1774.6 1431.8  OA  788.2  725.6 CL 1017.8  857.0 nm 32.196 s
Step   553: OL 1799.1 1464.0  OA  730.1  666.0 CL  948.7  764.9 nm 32.153 s
Step   554: OL 1822.2 1494.2  OA  696.6  627.9 CL  902.0  705.1 nm 29.343 s
Step   555: OL 1835.2 1512.1  OA  696.8  630.7 CL  906.8  716.8 nm 31.415 s
Step   556: OL 1832.0 1510.2  OA  699.8  632.9 CL  905.4  713.7 nm 32.723 s
Step   557: OL 1811.5 1487.4  OA  799.0  739.1 CL 1029.8  859.6 nm 28.969 s
Step   558: OL 1778.4 1449.0  OA  852.5  795.8 CL 1082.4  921.1 nm 32.433 s
Step   559: OL 1740.4 1404.4  OA  966.4  915.0 CL 1216.2 1059.3 nm 31.818 s
Step   560: OL 1705.1 1362.9  OA 1046.0  997.9 CL 1291.3 1144.2 nm 28.791 s
Step   561: OL 1677.4 1330.6  OA 1068.0 1024.3 CL 1315.7 1176.6 nm 30.186 s
Step   562: OL 1658.6 1309.3  OA 1116.0 1073.2 CL 1358.6 1223.7 nm 30.902 s
Step   563: OL 1648.0 1298.5  OA  993.4  950.8 CL 1234.3 1098.3 nm 28.394 s
Step   564: OL 1644.7 1297.1  OA  985.2  940.6 CL 1221.6 1082.9 nm 31.753 s
Step   565: OL 1648.0 1303.9  OA  800.5  742.6 CL 1036.1  873.6 nm 30.383 s
Step   566: OL 1656.5 1317.4  OA  763.6  700.4 CL  994.1  821.9 nm 28.199 s
Step   567: OL 1667.6 1334.0  OA  700.0  633.5 CL  909.8  726.9 nm 30.369 s
Step   568: OL 1677.6 1349.1  OA  676.3  604.6 CL  878.3  685.6 nm 30.991 s
Step   569: OL 1682.7 1358.1  OA  735.7  671.4 CL  926.2  743.4 nm 27.703 s
Step   570: OL 1680.4 1358.1  OA  736.5  670.5 CL  920.9  736.2 nm 31.064 s
Step   571: OL 1670.4 1348.3  OA  807.9  747.4 CL  985.1  819.1 nm 30.528 s
Step   572: OL 1653.8 1330.5  OA  834.2  774.7 CL 1007.1  845.2 nm 28.260 s
Step   573: OL 1633.1 1307.6  OA  839.0  782.4 CL 1016.5  857.9 nm 30.721 s
Step   574: OL 1611.4 1283.2  OA  880.2  825.4 CL 1053.1  900.7 nm 31.369 s
Step   575: OL 1590.8 1260.3  OA  864.4  816.7 CL 1045.2  893.4 nm 28.077 s
Step   576: OL 1573.0 1240.8  OA  902.2  855.6 CL 1077.6  930.6 nm 34.274 s
Step   577: OL 1558.8 1225.7  OA  898.2  853.7 CL 1075.0  924.7 nm 30.390 s
Step   578: OL 1548.2 1215.4  OA  918.1  873.0 CL 1089.1  940.2 nm 32.490 s
Step   579: OL 1541.1 1209.5  OA  864.3  810.0 CL 1028.6  865.5 nm 35.105 s
Step   580: OL 1537.2 1207.6  OA  864.9  808.4 CL 1023.2  857.9 nm 36.030 s
Step   581: OL 1535.5 1208.6  OA  781.4  723.5 CL  944.8  766.3 nm 32.550 s
Step   582: OL 1535.2 1211.3  OA  773.9  713.2 CL  931.0  748.4 nm 35.487 s
Step   583: OL 1535.0 1214.1  OA  686.9  628.1 CL  853.2  655.2 nm 34.810 s
Step   584: OL 1533.4 1215.3  OA  684.5  623.7 CL  844.5  643.6 nm 31.268 s
Step   585: OL 1529.5 1213.4  OA  647.5  580.6 CL  792.1  588.4 nm 31.737 s
Step   586: OL 1522.9 1208.1  OA  656.2  588.6 CL  794.5  591.9 nm 31.728 s
Step   587: OL 1513.7 1199.5  OA  666.6  598.9 CL  798.4  603.5 nm 27.913 s
Step   588: OL 1502.7 1188.8  OA  684.3  617.3 CL  810.0  619.3 nm 31.241 s
Step   589: OL 1491.0 1176.9  OA  665.4  605.7 CL  797.3  605.5 nm 30.359 s
Step   590: OL 1479.2 1165.0  OA  686.6  627.8 CL  812.1  625.6 nm 27.976 s
Step   591: OL 1467.9 1153.7  OA  698.8  648.4 CL  822.5  634.1 nm 30.332 s
Step   592: OL 1457.2 1143.1  OA  718.8  668.9 CL  836.2  652.5 nm 30.919 s
Step   593: OL 1447.1 1133.3  OA  718.4  669.5 CL  832.8  652.5 nm 28.166 s
Step   594: OL 1437.6 1124.1  OA  737.2  688.6 CL  845.2  669.0 nm 30.981 s
Step   595: OL 1428.6 1115.6  OA  738.1  688.9 CL  842.7  667.3 nm 30.673 s
Step   596: OL 1420.5 1108.1  OA  754.6  705.1 CL  853.0  680.6 nm 28.271 s
Step   597: OL 1413.3 1101.8  OA  728.0  672.7 CL  821.1  639.5 nm 30.453 s
Step   598: OL 1407.4 1097.1  OA  737.2  681.2 CL  824.3  644.2 nm 31.146 s
Step   599: OL 1403.0 1094.2  OA  684.3  617.7 CL  785.4  587.7 nm 27.451 s
Step   600: OL 1400.0 1093.0  OA  684.2  616.1 CL  779.5  580.9 nm 30.799 s
Step   601: OL 1398.0 1093.1  OA  591.6  531.5 CL  706.4  488.9 nm 30.238 s
Step   602: OL 1396.2 1093.5  OA  589.0  527.2 CL  698.4  478.9 nm 28.550 s
Step   603: OL 1393.8 1092.9  OA  541.7  482.4 CL  638.6  404.4 nm 30.033 s
Step   604: OL 1389.4 1089.9  OA  547.1  486.6 CL  638.3  405.5 nm 31.230 s
Step   605: OL 1382.6 1083.5  OA  570.1  507.0 CL  653.9  410.9 nm 28.244 s
Step   606: OL 1373.2 1073.9  OA  585.3  522.5 CL  664.0  427.6 nm 30.827 s
Step   607: OL 1362.4 1062.2  OA  593.8  529.7 CL  683.2  446.0 nm 30.310 s
Step   608: OL 1351.3 1050.3  OA  621.2  559.1 CL  704.4  478.7 nm 30.012 s
Step   609: OL 1341.4 1039.6  OA  669.2  608.7 CL  732.0  537.5 nm 30.805 s
Step   610: OL 1333.2 1031.2  OA  699.7  640.7 CL  756.5  570.8 nm 31.054 s
Step   611: OL 1327.0 1025.1  OA  727.0  674.6 CL  768.6  601.5 nm 29.040 s
Step   612: OL 1322.3 1021.0  OA  743.6  691.3 CL  780.7  617.2 nm 29.758 s
Step   613: OL 1318.8 1018.3  OA  619.2  562.9 CL  683.0  478.1 nm 30.571 s
Step   614: OL 1316.2 1016.7  OA  618.7  561.6 CL  679.0  473.4 nm 30.576 s
Step   615: OL 1314.5 1016.1  OA  456.8  381.0 CL  577.1  283.6 nm 28.870 s
Step   616: OL 1313.4 1016.3  OA  451.3  373.2 CL  569.7  270.3 nm 31.204 s
Step   617: OL 1312.7 1016.8  OA  391.5  297.8 CL  527.4  176.1 nm 30.476 s
Step   618: OL 1311.7 1016.9  OA  395.2  300.4 CL  528.3  180.0 nm 28.856 s
Step   619: OL 1309.8 1015.7  OA  489.5  403.2 CL  565.9  292.8 nm 30.435 s
Step   620: OL 1306.7 1012.9  OA  490.5  402.5 CL  565.0  291.6 nm 30.449 s
Step   621: OL 1302.4 1008.4  OA  550.9  469.4 CL  582.6  344.1 nm 27.774 s
Step   622: OL 1297.5 1003.0  OA  549.5  467.3 CL  579.0  338.6 nm 31.384 s
Step   623: OL 1292.8  997.9  OA  561.1  476.5 CL  591.8  339.4 nm 30.330 s
Step   624: OL 1289.3  994.1  OA  570.0  487.7 CL  597.1  349.8 nm 28.421 s
Step   625: OL 1287.4  992.3  OA  587.0  510.7 CL  631.9  378.3 nm 30.170 s
Step   626: OL 1286.9  992.3  OA  605.8  533.3 CL  646.3  402.6 nm 30.829 s
Step   627: OL 1287.2  993.1  OA  545.4  485.0 CL  615.4  355.9 nm 28.012 s
Step   628: OL 1287.4  993.7  OA  558.3  499.0 CL  624.0  370.0 nm 30.800 s
Step   629: OL 1286.9  993.3  OA  517.9  450.5 CL  593.6  311.9 nm 30.649 s
Step   630: OL 1285.5  991.7  OA  520.1  451.6 CL  594.3  311.4 nm 28.614 s
Step   631: OL 1283.6  989.2  OA  487.2  408.5 CL  568.2  284.9 nm 30.244 s
Step   632: OL 1281.5  986.4  OA  493.0  412.7 CL  573.7  292.9 nm 31.003 s
Step   633: OL 1279.7  983.9  OA  561.9  486.1 CL  624.1  406.0 nm 27.933 s
Step   634: OL 1278.3  981.8  OA  574.0  497.1 CL  636.1  421.6 nm 31.232 s
Step   635: OL 1277.5  980.3  OA  659.9  601.4 CL  697.0  525.2 nm 30.520 s
Step   636: OL 1276.9  979.1  OA  666.2  606.6 CL  703.8  532.2 nm 28.241 s
Step   637: OL 1276.6  978.2  OA  634.7  578.8 CL  677.1  486.5 nm 30.079 s
Step   638: OL 1276.7  977.6  OA  632.0  575.2 CL  673.7  480.4 nm 31.062 s
Step   639: OL 1277.3  977.8  OA  553.9  494.0 CL  626.4  387.2 nm 27.555 s
Step   640: OL 1279.1  979.4  OA  548.0  487.3 CL  618.5  372.4 nm 31.086 s
Step   641: OL 1282.7  983.3  OA  526.9  458.1 CL  614.8  329.0 nm 30.130 s
Step   642: OL 1288.5  990.0  OA  527.2  458.7 CL  610.4  318.7 nm 28.666 s
Step   643: OL 1296.5  999.5  OA  526.7  454.0 CL  620.8  316.1 nm 30.155 s
Step   644: OL 1305.6 1010.3  OA  530.7  458.5 CL  619.4  310.9 nm 31.164 s
Step   645: OL 1314.0 1020.2  OA  461.2  395.4 CL  586.6  260.1 nm 27.969 s
Step   646: OL 1319.3 1026.0  OA  464.9  398.2 CL  586.9  257.1 nm 30.981 s
Step   647: OL 1319.8 1025.5  OA  440.0  367.6 CL  592.0  275.5 nm 30.416 s
Step   648: OL 1315.0 1018.4  OA  448.9  375.2 CL  601.3  290.2 nm 27.802 s
Step   649: OL 1306.6 1006.3  OA  538.9  476.6 CL  706.0  457.3 nm 30.428 s
Step   650: OL 1297.1  992.8  OA  575.6  515.5 CL  740.5  505.7 nm 31.038 s
Step   651: OL 1289.2  981.2  OA  680.1  635.2 CL  839.4  630.8 nm 27.866 s
Step   652: OL 1284.4  973.6  OA  718.1  674.8 CL  875.7  676.5 nm 30.758 s
Step   653: OL 1282.4  969.7  OA  731.1  686.4 CL  876.7  679.2 nm 32.838 s
Step   654: OL 1282.6  968.7  OA  735.3  690.3 CL  881.3  683.8 nm 36.709 s
Step   655: OL 1285.0  970.7  OA  639.6  588.3 CL  780.4  560.0 nm 33.330 s
Step   656: OL 1291.1  977.4  OA  609.7  554.5 CL  750.8  515.8 nm 33.447 s
Step   657: OL 1302.8  991.6  OA  484.9  418.9 CL  652.0  331.6 nm 29.434 s
Step   658: OL 1321.0 1014.2  OA  470.5  400.2 CL  630.3  283.0 nm 32.027 s
Step   659: OL 1343.9 1042.6  OA  483.0  423.9 CL  633.6  268.9 nm 31.536 s
Step   660: OL 1367.0 1071.1  OA  499.4  440.6 CL  636.4  272.0 nm 30.074 s
Step   661: OL 1385.0 1092.7  OA  483.3  425.3 CL  625.4  269.7 nm 31.501 s
Step   662: OL 1393.7 1102.7  OA  489.1  429.9 CL  626.4  269.0 nm 32.273 s
Step   663: OL 1391.9 1099.3  OA  440.9  377.4 CL  636.5  308.7 nm 29.264 s
Step   664: OL 1381.5 1084.9  OA  454.1  390.8 CL  650.0  332.8 nm 32.352 s
Step   665: OL 1366.4 1064.4  OA  539.9  486.4 CL  749.0  500.4 nm 31.298 s
Step   666: OL 1351.0 1043.5  OA  579.5  528.5 CL  784.8  550.2 nm 29.444 s
Step   667: OL 1338.8 1026.5  OA  685.9  640.1 CL  880.6  682.0 nm 32.228 s
Step   668: OL 1331.6 1015.9  OA  713.0  667.3 CL  905.6  712.0 nm 32.988 s
Step   669: OL 1330.0 1012.6  OA  724.6  680.4 CL  912.6  724.5 nm 28.156 s
Step   670: OL 1334.1 1016.7  OA  714.7  667.9 CL  903.7  711.8 nm 32.635 s
Step   671: OL 1343.8 1028.2  OA  651.1  603.9 CL  828.8  618.3 nm 31.755 s
Step   672: OL 1358.5 1046.2  OA  618.0  566.0 CL  797.7  574.4 nm 30.936 s
Step   673: OL 1376.7 1068.6  OA  557.8  514.6 CL  726.8  476.6 nm 31.559 s
Step   674: OL 1395.6 1091.8  OA  534.2  486.6 CL  701.9  436.2 nm 31.997 s
Step   675: OL 1412.3 1112.0  OA  486.0  435.5 CL  667.4  379.4 nm 29.100 s
Step   676: OL 1424.2 1125.9  OA  478.1  423.3 CL  657.1  358.9 nm 32.220 s
Step   677: OL 1430.3 1132.6  OA  483.8  421.4 CL  681.6  401.7 nm 31.454 s
Step   678: OL 1431.3 1132.9  OA  486.4  419.9 CL  682.6  401.0 nm 30.001 s
Step   679: OL 1429.3 1129.2  OA  548.7  495.2 CL  760.5  527.0 nm 31.457 s
Step   680: OL 1426.5 1124.5  OA  557.8  501.7 CL  768.0  535.8 nm 32.532 s
Step   681: OL 1425.0 1121.6  OA  643.3  596.9 CL  830.1  641.6 nm 29.651 s
Step   682: OL 1426.1 1121.9  OA  644.8  596.1 CL  831.4  641.8 nm 31.914 s
Step   683: OL 1430.3 1126.2  OA  673.9  627.5 CL  854.2  675.0 nm 31.700 s
Step   684: OL 1437.1 1133.9  OA  664.0  614.8 CL  844.9  662.0 nm 30.175 s
Step   685: OL 1445.6 1143.6  OA  684.0  639.5 CL  863.7  684.8 nm 31.056 s
Step   686: OL 1454.3 1153.6  OA  671.3  623.7 CL  851.4  668.3 nm 30.756 s
Step   687: OL 1462.0 1162.3  OA  716.1  669.9 CL  891.8  710.7 nm 28.272 s
Step   688: OL 1467.9 1168.6  OA  709.0  660.2 CL  884.7  701.0 nm 29.720 s
Step   689: OL 1471.5 1172.3  OA  733.7  684.9 CL  917.9  729.4 nm 29.740 s
Step   690: OL 1473.5 1173.9  OA  732.4  681.7 CL  916.5  727.2 nm 27.604 s
Step   691: OL 1474.5 1174.3  OA  666.9  616.9 CL  895.8  690.8 nm 29.495 s
Step   692: OL 1475.7 1175.0  OA  666.3  614.0 CL  894.9  689.4 nm 30.124 s
Step   693: OL 1478.0 1177.0  OA  694.2  649.4 CL  919.3  731.6 nm 28.302 s
Step   694: OL 1482.0 1181.2  OA  688.4  641.0 CL  914.0  724.4 nm 29.857 s
Step   695: OL 1488.3 1188.3  OA  780.2  736.1 CL  990.1  820.4 nm 28.315 s
Step   696: OL 1497.0 1198.4  OA  766.2  719.9 CL  977.9  805.0 nm 27.082 s
Step   697: OL 1507.9 1211.4  OA  761.7  716.4 CL  964.4  790.4 nm 28.107 s
Step   698: OL 1520.7 1226.6  OA  742.1  694.1 CL  946.4  768.0 nm 28.726 s
Step   699: OL 1534.5 1243.0  OA  748.9  709.1 CL  934.6  763.4 nm 26.389 s
Step   700: OL 1548.2 1259.3  OA  730.9  688.5 CL  917.4  741.8 nm 28.754 s
Step   701: OL 1560.4 1273.7  OA  757.9  722.7 CL  941.0  778.2 nm 28.354 s
Step   702: OL 1569.4 1284.2  OA  746.5  709.4 CL  930.5  765.1 nm 27.057 s
Step   703: OL 1574.1 1289.4  OA  780.4  745.6 CL  979.0  824.5 nm 28.174 s
Step   704: OL 1573.7 1288.5  OA  781.4  745.6 CL  981.8  827.2 nm 28.934 s
Step   705: OL 1568.7 1281.9  OA  836.7  802.1 CL 1041.2  896.4 nm 25.916 s
Step   706: OL 1560.4 1271.3  OA  850.4  814.9 CL 1055.7  912.5 nm 28.814 s
Step   707: OL 1551.1 1259.5  OA  882.4  848.7 CL 1109.1  966.3 nm 28.290 s
Step   708: OL 1543.5 1249.8  OA  895.6  860.5 CL 1122.6  981.1 nm 26.753 s
Step   709: OL 1540.1 1245.3  OA  907.0  875.3 CL 1162.7 1020.6 nm 27.941 s
Step   710: OL 1542.8 1248.3  OA  902.5  869.1 CL 1159.4 1016.7 nm 28.664 s
Step   711: OL 1552.4 1259.9  OA  900.3  869.2 CL 1161.7 1016.1 nm 25.653 s
Step   712: OL 1568.6 1279.6  OA  872.5  839.0 CL 1136.9  988.1 nm 28.764 s
Step   713: OL 1589.9 1305.4  OA  815.4  782.4 CL 1065.9  917.5 nm 28.805 s
Step   714: OL 1613.6 1333.9  OA  778.5  742.5 CL 1032.2  878.4 nm 26.394 s
Step   715: OL 1636.0 1360.8  OA  699.5  657.3 CL  961.4  798.5 nm 27.927 s
Step   716: OL 1653.9 1382.1  OA  672.7  627.2 CL  937.3  769.7 nm 28.555 s
Step   717: OL 1664.5 1394.7  OA  667.6  618.4 CL  942.3  774.8 nm 25.802 s
Step   718: OL 1666.9 1397.5  OA  662.7  611.7 CL  938.3  770.3 nm 28.518 s
Step   719: OL 1661.6 1391.1  OA  734.7  690.7 CL 1005.6  856.9 nm 28.137 s
Step   720: OL 1650.8 1377.9  OA  749.8  705.5 CL 1020.2  874.0 nm 26.635 s
Step   721: OL 1637.0 1361.4  OA  870.5  833.0 CL 1128.6  998.3 nm 28.458 s
Step   722: OL 1623.9 1345.5  OA  891.2  854.3 CL 1149.4 1021.7 nm 28.634 s
Step   723: OL 1614.0 1333.6  OA  937.7  902.8 CL 1195.0 1071.9 nm 26.503 s
Step   724: OL 1609.9 1328.5  OA  943.6  908.8 CL 1202.0 1079.7 nm 28.627 s
Step   725: OL 1612.8 1332.1  OA  955.5  919.7 CL 1213.5 1090.9 nm 28.294 s
Step   726: OL 1623.7 1345.2  OA  938.3  901.8 CL 1198.8 1074.5 nm 26.946 s
Step   727: OL 1641.8 1367.1  OA  934.0  894.0 CL 1193.8 1067.7 nm 28.151 s
Step   728: OL 1666.1 1396.1  OA  898.1  855.8 CL 1161.1 1030.8 nm 28.880 s
Step   729: OL 1693.6 1428.8  OA  891.9  852.6 CL 1165.0 1030.3 nm 26.008 s
Step   730: OL 1720.8 1461.0  OA  854.0  811.9 CL 1130.2  990.6 nm 31.038 s
Step   731: OL 1743.3 1487.5  OA  884.9  842.9 CL 1155.3 1019.2 nm 27.885 s
Step   732: OL 1757.2 1503.8  OA  867.4  823.5 CL 1139.1 1000.8 nm 26.743 s
Step   733: OL 1759.2 1506.2  OA  932.1  890.7 CL 1196.1 1066.0 nm 28.372 s
Step   734: OL 1748.7 1494.0  OA  947.8  906.4 CL 1211.3 1083.0 nm 28.703 s
Step   735: OL 1727.1 1468.8  OA 1101.7 1066.5 CL 1358.9 1245.9 nm 25.882 s
Step   736: OL 1698.7 1435.2  OA 1143.3 1109.6 CL 1399.8 1290.2 nm 28.839 s
Step   737: OL 1668.8 1399.9  OA 1232.9 1201.2 CL 1492.3 1388.9 nm 28.021 s
Step   738: OL 1643.8 1369.9  OA 1270.7 1240.1 CL 1529.4 1428.5 nm 26.759 s
Step   739: OL 1628.5 1351.6  OA 1214.9 1186.3 CL 1480.7 1379.7 nm 28.436 s
Step   740: OL 1626.7 1349.3  OA 1216.9 1188.2 CL 1483.0 1382.0 nm 28.583 s
Step   741: OL 1639.4 1364.7  OA 1091.0 1058.3 CL 1365.6 1255.9 nm 25.948 s
Step   742: OL 1665.8 1396.2  OA 1049.8 1015.7 CL 1326.6 1213.6 nm 28.837 s
Step   743: OL 1702.1 1439.3  OA  923.2  884.9 CL 1202.8 1076.8 nm 28.286 s
Step   744: OL 1742.4 1486.7  OA  866.9  825.5 CL 1149.6 1017.3 nm 26.291 s
Step   745: OL 1779.3 1529.8  OA  844.6  804.9 CL 1123.8  985.8 nm 27.933 s
Step   746: OL 1806.0 1560.6  OA  810.9  768.9 CL 1091.6  948.9 nm 28.766 s
Step   747: OL 1817.4 1573.7  OA  921.9  887.7 CL 1194.3 1068.4 nm 26.351 s
Step   748: OL 1811.9 1567.2  OA  929.6  895.4 CL 1201.6 1076.2 nm 28.680 s
Step   749: OL 1791.4 1543.3  OA 1081.0 1048.4 CL 1348.4 1232.5 nm 28.135 s
Step   750: OL 1760.8 1507.5  OA 1122.4 1091.0 CL 1387.7 1275.4 nm 26.350 s
Step   751: OL 1726.4 1467.1  OA 1182.5 1153.6 CL 1444.9 1340.0 nm 28.333 s
Step   752: OL 1694.9 1429.5  OA 1226.3 1198.4 CL 1486.7 1384.8 nm 30.060 s
Step   753: OL 1670.8 1400.8  OA 1180.8 1152.0 CL 1439.2 1337.3 nm 27.353 s
Step   754: OL 1657.8 1384.8  OA 1198.4 1169.7 CL 1455.9 1354.9 nm 29.560 s
Step   755: OL 1656.5 1383.0  OA 1112.4 1077.0 CL 1371.0 1259.5 nm 28.617 s
Step   756: OL 1666.3 1394.2  OA 1098.0 1061.5 CL 1356.9 1244.0 nm 26.943 s
Step   757: OL 1684.5 1415.6  OA 1024.0  981.9 CL 1293.0 1163.2 nm 27.899 s
Step   758: OL 1708.1 1443.2  OA  992.3  948.0 CL 1262.7 1128.9 nm 28.795 s
Step   759: OL 1733.0 1472.2  OA  909.8  865.9 CL 1196.0 1052.1 nm 26.793 s
Step   760: OL 1755.8 1498.4  OA  880.4  833.8 CL 1168.6 1019.8 nm 27.733 s
Step   761: OL 1773.4 1518.6  OA  869.2  828.0 CL 1160.8 1021.8 nm 28.217 s
Step   762: OL 1784.4 1530.8  OA  855.5  812.3 CL 1148.3 1006.4 nm 27.828 s
Step   763: OL 1788.0 1534.6  OA  903.3  866.3 CL 1190.9 1064.5 nm 27.014 s
Step   764: OL 1785.2 1530.6  OA  907.8  870.3 CL 1195.5 1068.6 nm 28.572 s
Step   765: OL 1776.9 1520.5  OA  953.5  922.8 CL 1236.0 1119.4 nm 27.645 s
Step   766: OL 1765.1 1505.9  OA  969.7  939.2 CL 1251.5 1135.9 nm 27.264 s
Step   767: OL 1750.8 1488.7  OA 1023.5  996.1 CL 1309.4 1191.2 nm 28.425 s
Step   768: OL 1735.7 1470.1  OA 1043.7 1016.6 CL 1328.6 1211.8 nm 28.120 s
Step   769: OL 1720.3 1451.3  OA 1115.2 1085.3 CL 1403.4 1280.8 nm 26.408 s
Step   770: OL 1705.5 1432.8  OA 1135.5 1105.8 CL 1422.4 1301.3 nm 28.943 s
Step   771: OL 1691.4 1415.4  OA 1140.1 1108.9 CL 1427.9 1306.3 nm 28.581 s
Step   772: OL 1679.1 1399.7  OA 1156.7 1125.2 CL 1443.2 1322.7 nm 26.349 s
Step   773: OL 1669.1 1387.0  OA 1089.8 1059.3 CL 1372.8 1257.3 nm 28.119 s
Step   774: OL 1663.1 1378.7  OA 1097.3 1066.0 CL 1379.6 1264.3 nm 28.637 s
Step   775: OL 1662.0 1376.5  OA  998.3  968.7 CL 1285.0 1168.9 nm 25.871 s
Step   776: OL 1667.4 1382.0  OA  989.4  958.4 CL 1276.5 1159.1 nm 32.429 s
Step   777: OL 1679.7 1396.0  OA  943.1  912.5 CL 1241.1 1115.0 nm 28.381 s
Step   778: OL 1698.9 1418.0  OA  915.6  883.3 CL 1216.1 1086.7 nm 30.778 s
Step   779: OL 1723.1 1446.0  OA  811.6  774.6 CL 1124.1  980.0 nm 29.134 s
Step   780: OL 1749.7 1476.5  OA  775.7  735.8 CL 1092.0  942.5 nm 27.855 s
Step   781: OL 1774.3 1504.7  OA  761.2  716.0 CL 1077.0  921.9 nm 29.285 s
Step   782: OL 1792.6 1525.1  OA  738.8  690.7 CL 1057.0  897.7 nm 29.805 s
Step   783: OL 1800.2 1533.1  OA  816.6  770.0 CL 1120.0  975.3 nm 28.007 s
Step   784: OL 1794.9 1525.7  OA  824.1  776.5 CL 1127.1  982.4 nm 30.048 s
Step   785: OL 1776.0 1502.4  OA  891.0  843.6 CL 1179.8 1049.2 nm 28.815 s
Step   786: OL 1746.3 1466.0  OA  928.8  882.5 CL 1215.2 1088.1 nm 28.464 s
Step   787: OL 1710.0 1421.4  OA 1014.5  974.2 CL 1294.3 1179.3 nm 29.731 s
Step   788: OL 1673.2 1375.6  OA 1063.8 1025.1 CL 1340.8 1229.7 nm 29.677 s
Step   789: OL 1641.6 1335.7  OA 1172.6 1140.8 CL 1449.6 1344.1 nm 27.270 s
Step   790: OL 1620.4 1308.0  OA 1203.0 1172.1 CL 1478.9 1375.3 nm 29.967 s
Step   791: OL 1612.6 1297.0  OA 1224.9 1193.1 CL 1505.2 1397.0 nm 29.519 s
Step   792: OL 1620.0 1304.5  OA 1215.6 1183.4 CL 1497.3 1388.1 nm 27.813 s
Step   793: OL 1641.5 1329.7  OA 1112.0 1074.4 CL 1396.9 1281.7 nm 29.305 s
Step   794: OL 1674.9 1369.1  OA 1067.9 1027.8 CL 1356.4 1236.8 nm 29.878 s
Step   795: OL 1715.3 1416.9  OA  916.9  872.0 CL 1216.6 1084.8 nm 26.756 s
Step   796: OL 1757.2 1465.9  OA  864.2  814.8 CL 1168.9 1030.1 nm 30.199 s
Step   797: OL 1793.6 1508.0  OA  772.9  720.5 CL 1088.7  938.6 nm 29.309 s
Step   798: OL 1818.7 1536.3  OA  742.9  685.8 CL 1062.0  906.1 nm 27.985 s
Step 799: Output PSF (cumulative average).
Step   799: OL 1827.8 1545.7  OA  750.2  695.0 CL 1063.5  915.8 nm 53.299 s
Mean: 1110.14 958.47 560.14  nm.

*** Simulation Finished at 2024/11/12 01:51:51 in elisa. ***

