/System/Volumes/Data/mnt/g3/scratch/nstieg/work/ao/keck/maos/keck_maos/base/maos -c A_keck_scao_lgs.conf -o A_keck_scao_lgs -O 
Output folder is 'A_keck_scao_lgs'.
SRC: /g/lu/code/maos v3.4 fe330bca1 2026-01-20 08:38:11 -0800
BUILT: /g/lu/code/maos/build by CLANG (v14.0.0) on 2026/01/31 02:14:05 CPU(F64,+O3) w/o CUDA
Launched at 2026/02/16 12:41:21 in spray with PID 27708.
The browser based job monitor and drawdaemon can be accessed at http://localhost:10074
Loaded configurations:
/System/Volumes/Data/mnt/g3/scratch/nstieg/work/ao/keck/maos/keck_maos/base/A_keck_scao_lgs.conf
Warning(path.c:48): Path not found: path=/System/Volumes/Data/mnt/g3/scratch/nstieg/work/ao/keck/maos/keck_maos/base/bin; abspath=/System/Volumes/Data/mnt/g3/scratch/nstieg/work/ao/keck/maos/keck_maos/base/bin; Ignored.
Warning(path.c:48): Path not found: path=/System/Volumes/Data/mnt/g3/scratch/nstieg/work/ao/keck/maos/keck_maos/base/atm; abspath=/System/Volumes/Data/mnt/g3/scratch/nstieg/work/ao/keck/maos/keck_maos/base/atm; Ignored.
|___/System/Volumes/Data/mnt/g3/scratch/nstieg/work/ao/keck/maos/keck_maos/base/keck_sim.conf
|___/System/Volumes/Data/mnt/g3/scratch/nstieg/work/ao/keck/maos/keck_maos/base/keck_dm_single.conf
Warning(readcfg.c:440): dm.vmisreg is no longer needed (removed).
|___/System/Volumes/Data/mnt/g3/scratch/nstieg/work/ao/keck/maos/keck_maos/base/atm_mk13n50p_ground_detail.conf
|___/System/Volumes/Data/mnt/g3/scratch/nstieg/work/ao/keck/maos/keck_maos/base/keck_wfs_lgs_strap_lbwfs.conf
    |___/u/nstieg/work/ao/keck/maos/keck_maos/base/powfs_none.conf
        |___/u/nstieg/work/ao/keck/maos/keck_maos/base/powfs_common.conf
Error(readcfg.c:335): Input (n the group drive) is not valid.

Signal caught: User defined signal 2: 31 (31)
maos_signal_handler: User defined signal 2: 31 (31)
