/System/Volumes/Data/mnt/g/lu/scratch/jlu/work/ao/keck/maos/keck/k1_lgs_ltao_kapa/maos -o A_keck_kapa_line A_keck_kapa_line.conf 
Output folder is 'A_keck_kapa_line'.
SRC: /Users/jlu/mycode/maos v2.9 56b82507 2024-04-25 12:00:56 -0700
BUILT: /Users/jlu/mycode/maos/build by CLANG (v14.0.0) on 2024/05/06 12:01:36 CPU(F64,+O3) w/o CUDA
Launched at 2024/11/10 15:30:59 in elisa with PID 28421.
The web based job monitor can be accessed at http://localhost:12158
Main config file is default.conf
loaded 144 (144 new) records from '/Users/jlu/mycode/maos/config/maos/sim.conf'
loaded   2 (  2 new) records from '/Users/jlu/mycode/maos/config/maos/dm_dual.conf'
loaded   5 (  5 new) records from '/Users/jlu/mycode/maos/config/maos/atm/atm_mk13n50p.conf'
loaded   4 (  4 new) records from '/Users/jlu/mycode/maos/config/maos/evl_sq34.conf'
loaded   4 (  4 new) records from '/Users/jlu/mycode/maos/config/maos/fit_sq34.conf'
loaded   0 (  0 new) records from '/Users/jlu/mycode/maos/config/maos/fov_sq34.conf'
loaded  71 ( 71 new) records from '/Users/jlu/mycode/maos/config/maos/recon.conf'
loaded  80 ( 80 new) records from '/Users/jlu/mycode/maos/config/maos/dbg.conf'
loaded   0 (  0 new) records from '/Users/jlu/mycode/maos/config/maos/mcao_base.conf'
loaded  81 ( 81 new) records from '/Users/jlu/mycode/maos/config/maos/powfs_common.conf'
loaded  44 ( 38 new) records from '/Users/jlu/mycode/maos/config/maos/powfs_none.conf'
loaded  38 (  0 new) records from '/Users/jlu/mycode/maos/config/maos/powfs_shlgs.conf'
loaded  38 (  0 new) records from '/Users/jlu/mycode/maos/config/maos/powfs_shngs.conf'
loaded  34 (  0 new) records from '/Users/jlu/mycode/maos/config/maos/powfs_shtt.conf'
loaded   8 (  0 new) records from '/Users/jlu/mycode/maos/config/maos/powfs_shttf.conf'
loaded  38 (  0 new) records from '/Users/jlu/mycode/maos/config/maos/powfs_shngs.conf'
loaded  34 (  0 new) records from '/Users/jlu/mycode/maos/config/maos/powfs_shtt.conf'
loaded   0 (  0 new) records from '/Users/jlu/mycode/maos/config/maos/wfs_lgs_ttf_tt.conf'
loaded   0 (  0 new) records from '/Users/jlu/mycode/maos/config/maos/mcao_lgs.conf'
loaded   0 (  0 new) records from '/Users/jlu/mycode/maos/config/maos/default.conf'
Replacing all existing input
loaded 133 (133 new) records from '/System/Volumes/Data/mnt/g/lu/scratch/jlu/work/ao/keck/maos/keck/k1_lgs_ltao_kapa/keck_sim.conf'
loaded  19 ( 19 new) records from '/System/Volumes/Data/mnt/g/lu/scratch/jlu/work/ao/keck/maos/keck/k1_lgs_ltao_kapa/keck_dm_single.conf'
loaded   8 (  6 new) records from '/System/Volumes/Data/mnt/g/lu/scratch/jlu/work/ao/keck/maos/keck/k1_lgs_ltao_kapa/atm_mk13n50p_ground_detail.conf'
loaded  81 ( 74 new) records from '/Users/jlu/mycode/maos/config/maos/powfs_common.conf'
loaded  44 ( 38 new) records from '/Users/jlu/mycode/maos/config/maos/powfs_none.conf'
loaded  44 (  0 new) records from '/System/Volumes/Data/mnt/g/lu/scratch/jlu/work/ao/keck/maos/keck/k1_lgs_ltao_kapa/keck_shwfs_lgs.conf'
loaded  44 (  0 new) records from '/System/Volumes/Data/mnt/g/lu/scratch/jlu/work/ao/keck/maos/keck/k1_lgs_ltao_kapa/keck_shwfs_ttf_strap.conf'
loaded  44 (  0 new) records from '/System/Volumes/Data/mnt/g/lu/scratch/jlu/work/ao/keck/maos/keck/k1_lgs_ltao_kapa/keck_shwfs_twfs_lbwfs.conf'
loaded   0 (  0 new) records from '/System/Volumes/Data/mnt/g/lu/scratch/jlu/work/ao/keck/maos/keck/k1_lgs_ltao_kapa/keck_wfs_lgs_strap_lbwfs.conf'
loaded  71 ( 71 new) records from '/Users/jlu/mycode/maos/config/maos/recon.conf'
loaded  80 ( 80 new) records from '/Users/jlu/mycode/maos/config/maos/dbg.conf'
loaded   4 (  4 new) records from '/Users/jlu/mycode/maos/config/maos/fit_oa.conf'
loaded  11 (  4 new) records from '/System/Volumes/Data/mnt/g/lu/scratch/jlu/work/ao/keck/maos/keck/k1_lgs_ltao_kapa/A_keck_kapa_line.conf'
loaded   0 (  0 new) records from 'command line'
loaded  26 ( 26 new) records from '/System/Volumes/Data/mnt/g/lu/scratch/jlu/work/ao/keck/maos/keck/k1_lgs_ltao_kapa/keck_llt_CL.conf'
loaded   2 (  0 new) records from '/System/Volumes/Data/mnt/g/lu/scratch/jlu/work/ao/keck/maos/keck/k1_lgs_ltao_kapa/keck_llt_ltao.conf'
Adjust LGS range by telescope altitude 4145m.
Zenith angle is 30 degree.
    Scaling turbulence height and LGS hs by sec(za).
    Scaling r0 by cos(za)^(3/5).
    Scaling wind speed and LGS signal level by cos(za).
powfs0.epfsm is set to 0.805944 (auto)
powfs2 is TWFS for powfs0
Focus blending is not implemented yet for integrated tomography
parms->sim.mffocus is reset to 0
There are 1 valid simulation seeds:  1
Output PSF for 10 directions
[00;00mAperture[00;00m is 11 m with sampling 1/64 m
[00;00mTurbulence at 30 degree zenith angle:[00;00m r0=0.128424m, L0=30m, 14 layers.
    Greenwood freq is 25.1Hz, anisoplanatic angle is 1.58 as
    Sampled 4096x4096 at 1/64m. wind dir is randomized.
    layer  0: height is      0 m, weight is 0.302, wind speed is  4.8 m/s
    layer  1: height is     17 m, weight is 0.154, wind speed is  5.0 m/s
    layer  2: height is     35 m, weight is 0.041, wind speed is  5.4 m/s
    layer  3: height is     52 m, weight is 0.002, wind speed is  6.6 m/s
    layer  4: height is    139 m, weight is 0.021, wind speed is  6.1 m/s
    layer  5: height is    231 m, weight is 0.010, wind speed is  6.1 m/s
    layer  6: height is    323 m, weight is 0.008, wind speed is  6.1 m/s
    layer  7: height is    416 m, weight is 0.005, wind speed is  6.1 m/s
    layer  8: height is    508 m, weight is 0.001, wind speed is  6.1 m/s
    layer  9: height is    932 m, weight is 0.107, wind speed is  5.6 m/s
    layer 10: height is   5022 m, weight is 0.144, wind speed is 11.1 m/s
    layer 11: height is   9238 m, weight is 0.093, wind speed is 19.1 m/s
    layer 12: height is  13856 m, weight is 0.075, wind speed is  8.2 m/s
    layer 13: height is  22518 m, weight is 0.036, wind speed is  4.8 m/s
[00;00mReconstruction[00;00m: r0=0.128424m L0=30m. 14 layers. use cone coordinate.
    layer  0: height is      0 m, weight is 0.302
    layer  1: height is     17 m, weight is 0.154
    layer  2: height is     35 m, weight is 0.041
    layer  3: height is     52 m, weight is 0.002
    layer  4: height is    139 m, weight is 0.021
    layer  5: height is    231 m, weight is 0.010
    layer  6: height is    323 m, weight is 0.008
    layer  7: height is    416 m, weight is 0.005
    layer  8: height is    508 m, weight is 0.001
    layer  9: height is    932 m, weight is 0.107
    layer 10: height is   5022 m, weight is 0.144
    layer 11: height is   9238 m, weight is 0.093
    layer 12: height is  13856 m, weight is 0.075
    layer 13: height is  22518 m, weight is 0.036
[00;00mThere are 3 powfs[00;00m
  powfs0: Order 22, LGS at 99.1 km. Sampling 1/64 m. Thres 30%. [00;00mT/T is removed in right hand side in tomography.[00;00m
    CCD image is 4x4 @ 3000x3000 mas, blur 38% (sigma), 236Hz, wvl: [ 5.89e-07]
    Gtilt in reconstruction. Physical optics start at 0 with [00;00m'matched filter'[00;00m [00;00m(noisy)[00;00m
  powfs1: Order  1, NGS at inf km. Sampling 1/16 m. Thres 30%. 
    Gtilt in reconstruction. Geomtric optics start at 2 with ztilt [00;00m(noisy)[00;00m
  powfs2: Order 22, NGS at inf km. Sampling 1/32 m. Thres 50%. 
    CCD image is 3x3 @ 1500x1500 mas, blur 0% (sigma), 0.472Hz, wvl: [ 7.2e-07]
    Gtilt in reconstruction. Geomtric optics start at 1000 with gtilt Physical optics start at 0 with [00;00m'matched filter'[00;00m [00;00m(noisy)[00;00m
[00;00mThere are 6 wfs[00;00m
    wfs 0: powfs 0, at (  -7.60,    0.00) arcsec,  99 km, siglev is 259.808 bkgrnd is 6
    wfs 1: powfs 0, at (   0.00,    7.60) arcsec,  99 km, siglev is 259.808 bkgrnd is 6
    wfs 2: powfs 0, at (   0.00,   -7.60) arcsec,  99 km, siglev is 259.808 bkgrnd is 6
    wfs 3: powfs 0, at (   7.60,    0.00) arcsec,  99 km, siglev is 259.808 bkgrnd is 6
    wfs 4: powfs 1, at (   0.00,    0.00) arcsec, inf km, siglev is 64529 bkgrnd is 8.273
    wfs 5: powfs 2, at (   0.00,    0.00) arcsec, inf km, siglev is 1.47933e+08 bkgrnd is 25.25
[00;00mThere are 1 DMs[00;00m
  DM 0: at 0 km, pitch 0.563 m, offset 0, 2 micron stroke, 1.2 micron inter-actuator stroke.
    Normalized cubic influence function with inter-actuator coupling of 0.223
[00;00mTomography[00;00m is using CG, with [00;00mFourer Domain[00;00m preconditioner, [00;00m12[00;00m iterations, integrated tomo.
[00;00mDM Fitting [00;00mis using CG, with [00;00mNo[00;00m preconditioner, [00;00m10[00;00m iterations
[00;00mThere are 1 DM fitting directions[00;00m
    Fit 0: weight is 1.000, at (   0.00,    0.00) arcsec
[00;00mThere are 10 evaluation directions[00;00m at sampling 1/64 m.
    Evl 0: weight is 0.100, at (   0.00,    0.00) arcsec
    Evl 1: weight is 0.100, at (   5.00,    0.00) arcsec
    Evl 2: weight is 0.100, at (  10.00,    0.00) arcsec
    Evl 3: weight is 0.100, at (  15.00,    0.00) arcsec
    Evl 4: weight is 0.100, at (  20.00,    0.00) arcsec
    Evl 5: weight is 0.100, at (  25.00,    0.00) arcsec
    Evl 6: weight is 0.100, at (  30.00,    0.00) arcsec
    Evl 7: weight is 0.100, at (  35.00,    0.00) arcsec
    Evl 8: weight is 0.100, at (  45.00,    0.00) arcsec
    Evl 9: weight is 0.100, at (  60.00,    0.00) arcsec
[00;00mSimulation[00;00m start at step 0, end at step 800, with time step 1/472s, [00;00mclose loop[00;00m.
After setup_parms:	2.2 MiB.

*** Preparation started at 2024/11/10 15:31:00 in elisa. ***

Using thread pool with 8 threads
Reading aperture amplitude map from KECK.fits
Warning(accphi.c:478): 27866 points not covered by input screen
iwvl 0: Science PSF is using grid size of 1400. The PSF will sum to 6.56969377481658
iwvl 1: Science PSF is using grid size of 1400. The PSF will sum to 6.56969377481658
iwvl 2: Science PSF is using grid size of 1400. The PSF will sum to 6.56969377481658
iwvl 3: Science PSF is using grid size of 1400. The PSF will sum to 6.56969377481658
iwvl 4: Science PSF is using grid size of 1400. The PSF will sum to 6.56969377481658
iwvl 5: Science PSF is using grid size of 1400. The PSF will sum to 6.56969377481658
iwvl 6: Science PSF is using grid size of 1400. The PSF will sum to 6.56969377481658
iwvl 7: Science PSF is using grid size of 1400. The PSF will sum to 6.56969377481658
iwvl 8: Science PSF is using grid size of 1400. The PSF will sum to 6.56969377481658
After setup_aper:	33.5 MiB.

[00;00mSetting up powfs 0 geom[00;00m

There are 32 points in each subaperture of 0.5m.
There are 307 valid subaperture.

[00;00mSetting up powfs 1 geom[00;00m

There are 176 points in each subaperture of 11m.
There are 1 valid subaperture.

[00;00mSetting up powfs 2 geom[00;00m

There are 16 points in each subaperture of 0.5m.
There are 290 valid subaperture.
After setup_powfs_init:	66.9 MiB.

[00;00mSetting up reconstructor geometry.[00;00m

PLOC is 47x47, with sampling of 0.25m (not square)
    DM 0: grid is 23 x 23
FLOC is 47x47, with sampling of 0.25m (not square)
Tomography grid is not square:
    layer 0: xloc grid is 128 x 128, sampling is 0.250 m,  1845 points
    layer 1: xloc grid is 128 x 128, sampling is 0.250 m,  1847 points
    layer 2: xloc grid is 128 x 128, sampling is 0.250 m,  1851 points
    layer 3: xloc grid is 128 x 128, sampling is 0.250 m,  1851 points
    layer 4: xloc grid is 128 x 128, sampling is 0.250 m,  1865 points
    layer 5: xloc grid is 128 x 128, sampling is 0.249 m,  1871 points
    layer 6: xloc grid is 128 x 128, sampling is 0.249 m,  1881 points
    layer 7: xloc grid is 128 x 128, sampling is 0.249 m,  1899 points
    layer 8: xloc grid is 128 x 128, sampling is 0.249 m,  1901 points
    layer 9: xloc grid is 128 x 128, sampling is 0.248 m,  1936 points
    layer 10: xloc grid is 128 x 128, sampling is 0.237 m,  2355 points
    layer 11: xloc grid is 128 x 128, sampling is 0.227 m,  2847 points
    layer 12: xloc grid is 128 x 128, sampling is 0.215 m,  3474 points
    layer 13: xloc grid is 128 x 128, sampling is 0.193 m,  5039 points
Setting up surface OPD

Surface 0:
Loading surface OPD from Keck_ncpa_rmswfe130nm.fits
Does not contain SURFEVL. Assume it covers all evaluation directions.
Does not contain SURFWFS, Assume it covers all WFS.

[00;00mSetting up powfs 0 PO WFS[00;00m

OTF dimension is 100x100 (calculated)
There is no bias
There is no bias
Uplink FWHM (illt 0, iwvl 0) is 0.582786"
Downlink FWHM (illt 0, iwvl 0) is 0.671379"
Generating matched filter for powfs 0
sa index   location       noise equivalent angle
     111: (  0.5,  -1.5) m, (182.57, 182.65) mas
     147: (  2.0,  -0.5) m, (177.40, 176.58) mas
     150: (  3.5,  -0.5) m, (174.42, 173.13) mas
     152: (  4.5,  -0.5) m, (174.18, 172.19) mas
     153: (  5.0,  -0.5) m, (188.02, 185.89) mas
sa index   location       noise equivalent angle
     111: (  0.5,  -1.5) m, (182.57, 182.65) mas
     147: (  2.0,  -0.5) m, (177.40, 176.58) mas
     150: (  3.5,  -0.5) m, (174.42, 173.13) mas
     152: (  4.5,  -0.5) m, (174.18, 172.19) mas
     153: (  5.0,  -0.5) m, (188.02, 185.89) mas
sa index   location       noise equivalent angle
     111: (  0.5,  -1.5) m, (182.57, 182.65) mas
     147: (  2.0,  -0.5) m, (177.40, 176.58) mas
     150: (  3.5,  -0.5) m, (174.42, 173.13) mas
     152: (  4.5,  -0.5) m, (174.18, 172.19) mas
     153: (  5.0,  -0.5) m, (188.02, 185.89) mas
sa index   location       noise equivalent angle
     111: (  0.5,  -1.5) m, (182.57, 182.65) mas
     147: (  2.0,  -0.5) m, (177.40, 176.58) mas
     150: (  3.5,  -0.5) m, (174.42, 173.13) mas
     152: (  4.5,  -0.5) m, (174.18, 172.19) mas
     153: (  5.0,  -0.5) m, (188.02, 185.89) mas

[00;00mSetting up powfs 2 PO WFS[00;00m

OTF dimension is 32x32 (calculated)
There is no bias
Generating matched filter for powfs 2
powfs2: sigrecon is limited to 0 for too high siglev 147933
Use sanea to derive neasim
Use sanea to derive neasim

[00;00mSetting up reconstructor[00;00m

Recon NEA: cmf(175.91) cmf(175.91) cmf(175.91) cmf(175.91) geom(2.22) mf(1.48)  mas
Setup or update control matrix parameters.
RRtwfs svd threshold is 1e-10
Replacing HA by HA*fit->actextrap
Adding piston cr to fit matrix
    dm 0, mode 1: there are 72 slave actuators
Before assembling fit matrix:	2173.1 MiB.
Building fit->FR
Building fit->FL
Adding tikhonov constraint of 1.0e-07 to FLM
The maximum eigen value is estimated to be around 9.0e-03
DM Fit number of Low rank terms: 2 in LHS
After assemble fit matrix:	2173.6 MiB.
After setup_recon:	2173.6 MiB.

*** Simulation started at 2024/11/10 15:31:15 in elisa. ***

Running seed 1
Converting windshake PSD to time series.
DM cache with grid 1/7.1048m
Wind dir: 267.3 261.7 167.0 130.5 300.7  32.3 119.8 139.0 150.8 277.7 203.0 133.1  45.9 265.1 deg
Layer 0: Randn: 0.74 FFT: 0.34 Save: 0.20 seconds.
Layer 1: Randn: 0.00 FFT: 0.01 Save: 0.22 seconds.
Layer 2: Randn: 0.30 FFT: 0.41 Save: 0.21 seconds.
Layer 3: Randn: 0.00 FFT: 0.02 Save: 0.21 seconds.
Layer 4: Randn: 0.61 FFT: 0.73 Save: 0.21 seconds.
Layer 5: Randn: 0.00 FFT: 0.02 Save: 0.21 seconds.
Layer 6: Randn: 0.32 FFT: 0.29 Save: 0.22 seconds.
Layer 7: Randn: 0.00 FFT: 0.01 Save: 0.22 seconds.
Layer 8: Randn: 0.28 FFT: 0.21 Save: 0.20 seconds.
Layer 9: Randn: 0.00 FFT: 0.01 Save: 0.20 seconds.
Layer 10: Randn: 0.29 FFT: 0.28 Save: 0.21 seconds.
Layer 11: Randn: 0.00 FFT: 0.01 Save: 0.21 seconds.
Layer 12: Randn: 0.29 FFT: 0.44 Save: 0.22 seconds.
Layer 13: Randn: 0.00 FFT: 0.02 Save: 0.21 seconds.
Using /Users/jlu/.aos/cache/atm/vonkarman_14_4096x4096_0.015625_3588971674d.bin
After genatm:	2524.0 MiB.
Step     #  Open Loop  PR TT  On axis  PR TT  Field RMS PR TT     Timing 
Step     0: OL 1299.3  910.9  OA 1128.1  803.7 CL 1299.3  910.9 nm  0.452 s
step 3 DM 0: 23 actuators clipped
Step     4: OL 1312.2  931.1  OA  796.8  629.6 CL  979.2  731.9 nm  0.464 s
step 4 DM 0: 16 actuators clipped
step 5 DM 0: 68 actuators clipped
Step 5, DM 0: 1 actuators over ia limit (print will be disabled after 10 steps). Fix is success. after 2 trials
step 6 DM 0: 50 actuators clipped
Step 6, DM 0: 2 actuators over ia limit (print will be disabled after 10 steps). Fix is success. after 2 trials
Step     7: OL 1384.8 1031.9  OA  419.4  282.2 CL  581.6  255.1 nm  0.306 s
step 7 DM 0: 56 actuators clipped
Step 7, DM 0: 1 actuators over ia limit (print will be disabled after 10 steps). Fix is success. after 2 trials
step 8 DM 0: 22 actuators clipped
Step 8, DM 0: 1 actuators over ia limit (print will be disabled after 10 steps). Fix is success. after 2 trials
step 9 DM 0: 39 actuators clipped
Step 9, DM 0: 1 actuators over ia limit (print will be disabled after 10 steps). Fix is success. after 2 trials
Step    10: OL 1417.9 1076.4  OA  359.9  194.7 CL  535.5  112.5 nm  0.605 s
Step    14: OL 1352.0  988.4  OA  663.9  618.0 CL  747.8  577.7 nm  0.527 s
Step    18: OL 1347.1  982.0  OA  676.6  629.2 CL  753.7  570.9 nm  0.692 s
Step    20: OL 1385.0 1033.7  OA  592.2  536.4 CL  676.8  470.2 nm  2.196 s
Step    21: OL 1406.0 1061.9  OA  549.8  485.1 CL  639.7  416.3 nm  1.839 s
Step    22: OL 1423.6 1085.2  OA  528.0  457.1 CL  624.8  388.5 nm  2.330 s
Step    23: OL 1434.8 1100.1  OA  550.2  486.7 CL  636.2  418.8 nm  2.164 s
Step    24: OL 1438.6 1105.3  OA  551.2  484.9 CL  637.9  417.4 nm  2.349 s
Step    25: OL 1435.8 1102.0  OA  616.1  563.8 CL  687.6  496.6 nm  2.100 s
Step    26: OL 1429.0 1093.4  OA  635.2  582.6 CL  703.8  515.9 nm  2.043 s
Step    27: OL 1421.1 1083.6  OA  742.4  689.0 CL  793.0  624.9 nm  2.099 s
Step    28: OL 1415.1 1076.2  OA  761.6  708.3 CL  810.6  644.4 nm  2.312 s
Step    29: OL 1413.0 1073.8  OA  772.8  715.0 CL  819.0  647.3 nm  1.748 s
Step    30: OL 1415.2 1077.4  OA  774.7  716.1 CL  821.9  648.7 nm  1.821 s
Step    31: OL 1421.5 1086.2  OA  725.8  666.6 CL  782.5  589.2 nm  1.883 s
Step    32: OL 1430.4 1098.5  OA  713.8  653.1 CL  773.7  575.7 nm  2.014 s
Step    33: OL 1440.0 1111.7  OA  697.6  636.5 CL  769.2  551.8 nm  1.895 s
Step    34: OL 1448.5 1123.4  OA  686.4  623.7 CL  761.2  538.9 nm  2.332 s
Step    35: OL 1454.5 1131.9  OA  712.1  659.4 CL  769.2  576.2 nm  2.039 s
Step    36: OL 1457.7 1136.7  OA  709.9  656.5 CL  768.5  573.5 nm  1.841 s
Step    37: OL 1458.7 1138.8  OA  719.5  670.8 CL  763.8  595.4 nm  1.513 s
Step    38: OL 1458.6 1139.6  OA  723.4  674.2 CL  768.4  599.1 nm  1.679 s
Step    39: OL 1458.9 1140.7  OA  740.6  695.4 CL  773.5  621.4 nm  1.556 s
step 39 DM 0: 41 actuators clipped
Step    40: OL 1460.4 1143.6  OA  741.9  696.0 CL  775.8  622.3 nm  1.908 s
Step    41: OL 1463.6 1148.5  OA  794.8  750.9 CL  816.6  672.1 nm  1.623 s
Step    42: OL 1468.1 1155.0  OA  791.0  746.5 CL  814.6  667.9 nm  1.796 s
Step    43: OL 1473.0 1162.2  OA  779.4  735.2 CL  808.2  653.8 nm  2.217 s
Step    44: OL 1477.6 1168.8  OA  774.7  729.8 CL  805.2  648.6 nm  2.260 s
Step    45: OL 1481.0 1174.0  OA  789.7  745.3 CL  822.5  665.5 nm  1.555 s
Step    46: OL 1483.2 1177.7  OA  788.9  744.0 CL  822.9  664.5 nm  1.671 s
Step    47: OL 1484.7 1180.3  OA  805.3  757.0 CL  843.7  678.6 nm  1.420 s
Step    48: OL 1486.1 1183.0  OA  805.7  756.9 CL  845.0  678.9 nm  1.614 s
Step    49: OL 1488.5 1186.7  OA  818.9  771.6 CL  856.0  691.1 nm  1.368 s
Step    50: OL 1492.3 1192.3  OA  814.9  766.8 CL  853.4  686.6 nm  1.449 s
Step    51: OL 1497.7 1199.8  OA  803.2  754.8 CL  835.6  672.7 nm  1.327 s
Step    52: OL 1504.2 1208.7  OA  794.7  744.8 CL  829.0  662.9 nm  1.600 s
Step    53: OL 1510.8 1217.5  OA  800.8  752.4 CL  823.8  667.6 nm  1.390 s
step 53 DM 0: 45 actuators clipped
Step    54: OL 1516.3 1225.1  OA  794.6  744.8 CL  819.1  660.2 nm  1.935 s
Step    55: OL 1520.0 1230.3  OA  876.4  833.4 CL  880.2  747.1 nm  1.701 s
Step    56: OL 1521.4 1232.5  OA  878.0  834.4 CL  882.5  748.4 nm  2.148 s
Step    57: OL 1520.6 1232.1  OA  943.5  906.2 CL  942.5  821.1 nm  1.989 s
Step    58: OL 1518.4 1230.0  OA  950.9  913.2 CL  950.2  828.7 nm  1.976 s
Step    59: OL 1515.7 1227.2  OA  974.8  941.7 CL  973.6  859.5 nm  1.589 s
Step    60: OL 1513.4 1224.8  OA  982.0  948.6 CL  981.0  867.2 nm  1.748 s
Step    61: OL 1511.9 1223.3  OA  933.5  899.6 CL  938.4  822.3 nm  2.200 s
Step    62: OL 1511.1 1222.8  OA  936.4  902.1 CL  941.9  825.7 nm  2.050 s
Step    63: OL 1510.7 1222.7  OA  878.6  845.0 CL  897.9  771.3 nm  1.683 s
Step    64: OL 1510.3 1222.5  OA  880.0  846.1 CL  900.6  773.5 nm  1.936 s
Step    65: OL 1509.3 1221.4  OA  853.5  818.3 CL  882.4  750.5 nm  2.194 s
Step    66: OL 1507.5 1219.4  OA  858.2  822.6 CL  888.0  755.9 nm  2.123 s
Step    67: OL 1505.2 1216.7  OA  851.1  810.9 CL  886.7  742.8 nm  2.092 s
Step    68: OL 1502.7 1213.8  OA  857.3  816.7 CL  893.8  749.6 nm  2.586 s
Step    69: OL 1500.9 1211.5  OA  846.3  805.8 CL  879.5  731.2 nm  2.312 s
Step    70: OL 1500.3 1210.7  OA  849.3  808.0 CL  883.5  734.3 nm  2.442 s
Step    71: OL 1501.2 1211.8  OA  808.9  767.6 CL  842.1  689.6 nm  2.398 s
Step    72: OL 1503.6 1214.6  OA  806.4  764.2 CL  840.8  686.8 nm  2.228 s
Step    73: OL 1507.3 1218.9  OA  801.5  763.1 CL  833.8  686.1 nm  1.593 s
Step    74: OL 1511.5 1223.9  OA  796.2  756.9 CL  830.0  680.2 nm  1.947 s
Step    75: OL 1515.5 1228.6  OA  803.0  765.9 CL  828.4  691.8 nm  1.704 s
Step    76: OL 1518.7 1232.2  OA  799.4  761.4 CL  826.1  687.7 nm  1.927 s
Step    77: OL 1520.6 1234.3  OA  817.0  781.3 CL  832.8  708.7 nm  1.448 s
Step    78: OL 1521.0 1234.4  OA  818.4  782.3 CL  835.3  710.3 nm  1.493 s
Step    79: OL 1519.9 1232.7  OA  830.1  796.1 CL  854.2  725.2 nm  1.559 s
Step    80: OL 1517.5 1229.4  OA  836.2  802.3 CL  861.3  732.1 nm  1.656 s
Step    81: OL 1514.3 1225.0  OA  783.8  747.1 CL  823.3  672.3 nm  1.478 s
Step    82: OL 1510.7 1220.1  OA  791.4  754.9 CL  831.9  680.8 nm  1.545 s
Step    83: OL 1507.1 1215.3  OA  775.3  738.6 CL  817.0  661.9 nm  1.471 s
Step    84: OL 1504.2 1211.3  OA  781.9  745.1 CL  824.3  669.0 nm  1.543 s
Step    85: OL 1502.5 1208.7  OA  764.8  722.6 CL  812.5  648.3 nm  1.348 s
Step    86: OL 1502.3 1208.0  OA  766.5  723.9 CL  815.2  649.9 nm  1.941 s
Step    87: OL 1504.1 1209.6  OA  757.0  706.3 CL  806.6  629.0 nm  1.383 s
Step    88: OL 1507.7 1213.7  OA  751.9  700.6 CL  803.3  623.2 nm  1.529 s
Step    89: OL 1513.2 1219.9  OA  727.7  674.1 CL  775.4  595.0 nm  1.350 s
Step    90: OL 1519.7 1227.4  OA  717.9  663.3 CL  768.3  583.7 nm  1.490 s
Step    91: OL 1526.6 1235.3  OA  693.1  642.9 CL  743.3  564.3 nm  1.575 s
Step    92: OL 1532.7 1242.4  OA  684.6  633.1 CL  737.5  554.1 nm  1.537 s
Step    93: OL 1537.3 1247.5  OA  666.1  618.9 CL  729.1  540.3 nm  1.412 s
Step    94: OL 1539.9 1250.0  OA  663.7  615.5 CL  728.5  536.8 nm  1.535 s
Step    95: OL 1540.5 1250.1  OA  692.5  649.6 CL  742.3  568.9 nm  1.419 s
Step    96: OL 1539.7 1248.4  OA  695.6  652.3 CL  746.7  571.8 nm  1.549 s
Step    97: OL 1538.5 1246.1  OA  704.5  655.9 CL  761.8  576.7 nm  1.376 s
Step    98: OL 1537.8 1244.6  OA  707.4  658.3 CL  766.3  579.5 nm  1.507 s
Step    99: OL 1538.5 1244.7  OA  726.9  667.1 CL  794.4  589.7 nm  1.372 s
Step   100: OL 1540.7 1246.6  OA  725.0  664.5 CL  794.9  587.2 nm  1.513 s
Step   101: OL 1544.0 1249.7  OA  754.4  697.8 CL  823.0  616.6 nm  1.510 s
Step   102: OL 1547.3 1252.9  OA  751.0  693.6 CL  822.1  612.4 nm  1.638 s
Step   103: OL 1549.2 1254.4  OA  718.6  669.9 CL  783.9  585.1 nm  1.525 s
Step   104: OL 1548.6 1252.6  OA  721.0  672.0 CL  788.0  587.7 nm  1.543 s
Step   105: OL 1544.8 1246.9  OA  704.6  661.2 CL  771.6  574.7 nm  1.307 s
Step   106: OL 1538.0 1237.6  OA  716.2  673.4 CL  783.5  587.7 nm  1.574 s
Step   107: OL 1529.8 1226.3  OA  731.1  691.6 CL  797.5  604.4 nm  1.383 s
Step   108: OL 1521.9 1215.4  OA  745.1  706.2 CL  811.6  619.9 nm  1.565 s
Step   109: OL 1516.6 1207.6  OA  726.5  686.6 CL  794.2  596.2 nm  1.344 s
Step   110: OL 1515.6 1205.3  OA  729.4  689.1 CL  798.6  598.7 nm  1.424 s
Step   111: OL 1520.1 1209.8  OA  664.1  619.0 CL  752.0  522.7 nm  1.318 s
Step   112: OL 1530.3 1221.4  OA  654.5  607.2 CL  746.6  510.2 nm  1.420 s
Step   113: OL 1545.6 1239.4  OA  591.0  536.6 CL  697.8  438.9 nm  1.456 s
Step   114: OL 1564.1 1261.4  OA  578.9  520.6 CL  691.6  422.7 nm  1.537 s
Step   115: OL 1583.2 1284.0  OA  547.2  490.0 CL  663.6  392.1 nm  1.380 s
Step   116: OL 1599.8 1303.3  OA  537.4  476.5 CL  659.1  378.2 nm  1.533 s
Step   117: OL 1611.2 1316.2  OA  554.0  492.6 CL  682.8  394.3 nm  1.425 s
Step   118: OL 1615.7 1320.6  OA  553.3  489.6 CL  684.0  390.5 nm  1.418 s
Step   119: OL 1613.2 1316.5  OA  596.2  536.3 CL  717.0  438.1 nm  1.289 s
Step   120: OL 1605.0 1305.3  OA  608.7  548.6 CL  727.6  450.2 nm  1.467 s
Step   121: OL 1593.5 1290.0  OA  663.1  609.6 CL  749.9  511.2 nm  1.325 s
Step   122: OL 1581.2 1273.5  OA  682.4  629.6 CL  766.2  531.4 nm  1.547 s
Step   123: OL 1570.4 1258.9  OA  748.2  704.9 CL  809.1  606.3 nm  1.383 s
Step   124: OL 1562.8 1248.3  OA  763.1  719.9 CL  822.5  621.1 nm  1.547 s
Step   125: OL 1559.6 1243.0  OA  731.4  687.1 CL  790.6  583.3 nm  1.581 s
Step   126: OL 1561.2 1243.7  OA  732.7  687.0 CL  792.5  582.3 nm  1.813 s
Step   127: OL 1567.8 1250.7  OA  655.8  604.2 CL  724.1  495.2 nm  1.456 s
Step   128: OL 1579.2 1263.7  OA  647.9  593.6 CL  719.1  483.3 nm  1.574 s
Step   129: OL 1595.0 1282.1  OA  593.6  520.4 CL  693.3  409.7 nm  1.440 s
Step   130: OL 1614.3 1304.8  OA  583.5  506.0 CL  688.1  394.6 nm  1.494 s
Step   131: OL 1635.9 1330.1  OA  535.3  442.9 CL  675.0  332.1 nm  1.587 s
Step   132: OL 1657.7 1355.6  OA  527.7  430.7 CL  672.8  320.6 nm  1.737 s
Step   133: OL 1677.6 1378.6  OA  494.6  395.6 CL  672.7  284.8 nm  1.485 s
Step   134: OL 1693.3 1396.5  OA  489.0  385.2 CL  671.5  273.7 nm  1.563 s
Step   135: OL 1703.0 1407.1  OA  504.5  413.7 CL  673.9  303.5 nm  1.465 s
Step   136: OL 1706.0 1409.4  OA  507.2  414.0 CL  676.2  302.7 nm  1.560 s
Step   137: OL 1702.3 1403.8  OA  568.1  500.6 CL  689.0  389.8 nm  1.600 s
Step   138: OL 1693.6 1392.0  OA  582.5  515.3 CL  699.3  404.5 nm  1.540 s
Step   139: OL 1682.1 1376.7  OA  655.9  591.2 CL  741.6  480.6 nm  1.421 s
Step   140: OL 1670.2 1360.7  OA  675.4  611.4 CL  756.8  501.1 nm  1.556 s
Step   141: OL 1659.8 1346.6  OA  718.6  656.6 CL  775.0  541.9 nm  1.527 s
Step   142: OL 1652.3 1336.0  OA  732.7  670.6 CL  786.6  555.8 nm  1.566 s
Step   143: OL 1648.2 1329.6  OA  792.4  735.3 CL  823.9  618.2 nm  1.403 s
Step   144: OL 1647.3 1327.3  OA  797.7  739.8 CL  828.4  621.9 nm  1.575 s
Step   145: OL 1649.4 1328.7  OA  820.9  767.9 CL  845.4  646.1 nm  1.667 s
Step   146: OL 1654.1 1333.3  OA  819.2  764.9 CL  843.8  641.6 nm  1.631 s
Step   147: OL 1661.3 1341.0  OA  741.1  684.6 CL  785.4  557.4 nm  1.393 s
Step   148: OL 1671.4 1352.4  OA  733.6  675.0 CL  779.1  545.5 nm  1.662 s
Step   149: OL 1684.9 1368.1  OA  635.8  565.9 CL  708.8  436.1 nm  1.545 s
Step   150: OL 1702.6 1388.9  OA  622.5  549.1 CL  699.0  416.2 nm  1.603 s
Step   151: OL 1724.3 1414.5  OA  593.0  524.9 CL  667.1  390.0 nm  1.417 s
Step   152: OL 1749.0 1443.6  OA  577.1  504.6 CL  655.7  366.6 nm  1.530 s
Step   153: OL 1774.2 1473.2  OA  589.6  518.0 CL  655.1  379.1 nm  1.832 s
Step   154: OL 1796.3 1499.1  OA  577.9  502.2 CL  646.2  360.5 nm  1.879 s
Step   155: OL 1811.2 1516.1  OA  558.7  483.9 CL  644.5  347.6 nm  1.443 s
Step   156: OL 1815.1 1520.1  OA  560.0  482.8 CL  644.3  344.7 nm  1.515 s
Step   157: OL 1806.3 1509.0  OA  615.7  561.1 CL  681.2  430.8 nm  1.590 s
Step   158: OL 1785.5 1483.4  OA  644.1  590.2 CL  701.7  461.5 nm  1.956 s
Step   159: OL 1756.2 1447.4  OA  713.9  666.3 CL  744.3  535.9 nm  1.893 s
Step   160: OL 1723.6 1407.1  OA  762.0  715.8 CL  783.5  588.5 nm  1.691 s
Step   161: OL 1693.7 1369.7  OA  784.7  737.9 CL  792.5  604.6 nm  1.419 s
Step   162: OL 1671.4 1341.5  OA  822.0  775.4 CL  824.0  644.1 nm  2.237 s
Step   163: OL 1660.3 1327.1  OA  811.2  757.0 CL  804.3  619.7 nm  2.011 s
Step   164: OL 1662.3 1329.1  OA  813.0  756.7 CL  804.3  618.0 nm  1.647 s
Step   165: OL 1678.1 1348.4  OA  717.7  656.5 CL  728.1  521.7 nm  1.430 s
Step   166: OL 1707.1 1383.9  OA  682.9  615.5 CL  696.9  475.1 nm  1.619 s
Step   167: OL 1747.0 1432.4  OA  594.5  523.2 CL  635.2  388.6 nm  2.426 s
Step   168: OL 1793.2 1488.0  OA  548.5  467.4 CL  599.4  324.6 nm  2.355 s
Step   169: OL 1839.2 1542.7  OA  496.6  418.7 CL  555.3  265.5 nm  1.719 s
Step   170: OL 1877.3 1587.6  OA  477.1  392.6 CL  543.5  237.6 nm  1.644 s
Step   171: OL 1900.6 1614.8  OA  502.0  414.7 CL  570.4  255.3 nm  1.408 s
Step   172: OL 1904.5 1619.0  OA  503.7  413.9 CL  570.6  253.8 nm  1.545 s
Step   173: OL 1887.8 1598.9  OA  567.1  489.6 CL  606.9  320.4 nm  1.359 s
Step   174: OL 1853.5 1557.8  OA  594.6  518.9 CL  624.1  351.5 nm  1.587 s
Step   175: OL 1807.9 1502.9  OA  716.2  657.0 CL  711.6  514.4 nm  1.582 s
Step   176: OL 1759.5 1443.8  OA  785.4  730.8 CL  771.5  595.0 nm  1.609 s
Step   177: OL 1716.4 1390.6  OA  899.6  850.6 CL  872.0  727.9 nm  1.516 s
Step   178: OL 1685.1 1351.3  OA  958.4  911.6 CL  926.2  792.1 nm  1.651 s
Step   179: OL 1669.4 1331.3  OA  959.7  918.1 CL  908.2  788.6 nm  1.386 s
Step   180: OL 1671.0 1332.9  OA  961.2  918.4 CL  908.5  788.5 nm  1.541 s
Step   181: OL 1690.4 1356.7  OA  791.9  748.9 CL  738.3  603.3 nm  1.391 s
Step   182: OL 1726.6 1401.3  OA  740.3  692.4 CL  688.7  540.2 nm  1.488 s
Step   183: OL 1776.4 1461.9  OA  589.0  533.9 CL  568.2  372.1 nm  1.485 s
Step   184: OL 1832.8 1529.8  OA  537.8  474.4 CL  526.7  302.9 nm  1.888 s
Step   185: OL 1886.3 1593.2  OA  508.1  441.8 CL  517.8  267.7 nm  1.426 s
Step   186: OL 1926.3 1640.1  OA  489.2  417.0 CL  506.6  243.2 nm  1.546 s
Step   187: OL 1944.4 1661.2  OA  475.0  385.3 CL  518.3  219.9 nm  1.379 s
Step   188: OL 1937.1 1652.6  OA  479.8  388.6 CL  520.0  223.4 nm  1.576 s
Step   189: OL 1906.5 1616.5  OA  497.4  405.9 CL  539.9  255.5 nm  1.648 s
Step   190: OL 1859.9 1561.1  OA  540.0  455.5 CL  570.2  314.6 nm  1.593 s
Step   191: OL 1807.4 1497.9  OA  654.8  587.3 CL  647.8  446.1 nm  1.410 s
Step   192: OL 1759.1 1439.2  OA  722.3  661.0 CL  707.7  529.6 nm  1.505 s
Step   193: OL 1723.0 1394.6  OA  796.1  736.9 CL  755.3  591.7 nm  1.384 s
Step   194: OL 1703.2 1370.0  OA  829.9  772.4 CL  787.5  631.9 nm  1.466 s
Step   195: OL 1701.7 1367.9  OA  841.9  786.2 CL  762.6  620.0 nm  1.390 s
Step   196: OL 1718.4 1388.4  OA  820.9  762.1 CL  741.6  592.9 nm  1.531 s
Step   197: OL 1752.4 1430.0  OA  720.4  662.9 CL  640.8  479.4 nm  1.379 s
Step   198: OL 1800.3 1488.2  OA  677.1  613.3 CL  599.9  420.8 nm  1.574 s
Step   199: OL 1856.0 1554.9  OA  542.0  467.9 CL  507.3  280.6 nm  1.473 s
Step   200: OL 1910.4 1619.2  OA  525.8  446.1 CL  499.6  263.2 nm  1.575 s
Step   201: OL 1953.6 1669.6  OA  431.6  331.9 CL  468.7  184.7 nm  1.404 s
Step   202: OL 1977.3 1697.0  OA  429.9  327.2 CL  471.3  188.5 nm  1.535 s
Step   203: OL 1977.4 1696.9  OA  464.0  358.8 CL  496.7  219.0 nm  1.458 s
Step   204: OL 1955.0 1670.4  OA  479.9  379.3 CL  508.1  244.9 nm  2.443 s
Step   205: OL 1915.9 1624.1  OA  640.1  558.5 CL  634.2  436.6 nm  2.284 s
Step   206: OL 1869.2 1568.4  OA  700.9  628.9 CL  690.2  516.5 nm  1.872 s
Step   207: OL 1824.5 1514.3  OA  814.5  749.0 CL  786.0  635.2 nm  1.853 s
Step   208: OL 1789.4 1471.5  OA  871.9  811.5 CL  842.0  704.2 nm  1.816 s
Step   209: OL 1768.9 1446.0  OA  926.0  870.6 CL  879.9  751.8 nm  1.465 s
Step   210: OL 1765.0 1440.8  OA  936.2  881.4 CL  890.8  764.5 nm  1.607 s
Step   211: OL 1777.7 1455.8  OA  810.1  757.3 CL  777.9  633.5 nm  1.437 s
Step   212: OL 1805.0 1488.6  OA  771.0  714.2 CL  741.2  586.3 nm  1.534 s
Step   213: OL 1843.3 1534.3  OA  618.3  560.1 CL  595.8  398.8 nm  1.369 s
Step   214: OL 1886.4 1585.4  OA  578.9  514.4 CL  561.6  342.7 nm  1.566 s
Step   215: OL 1926.7 1632.8  OA  540.2  467.3 CL  533.6  279.9 nm  1.553 s
Step   216: OL 1956.8 1667.8  OA  529.3  453.0 CL  527.6  264.8 nm  1.599 s
Step   217: OL 1971.1 1684.1  OA  514.9  424.4 CL  530.5  249.7 nm  1.393 s
Step   218: OL 1967.8 1679.9  OA  516.0  424.7 CL  533.2  251.7 nm  1.397 s
Step   219: OL 1948.9 1657.3  OA  582.7  502.3 CL  589.7  361.9 nm  1.310 s
Step   220: OL 1919.6 1622.4  OA  613.0  538.1 CL  619.0  407.3 nm  1.672 s
Step   221: OL 1886.9 1583.0  OA  728.6  669.1 CL  727.7  567.8 nm  1.515 s
Step   222: OL 1857.1 1547.0  OA  774.9  720.9 CL  774.0  626.1 nm  1.661 s
Step   223: OL 1835.4 1520.4  OA  845.9  797.9 CL  833.3  702.6 nm  1.547 s
Step   224: OL 1824.5 1506.8  OA  866.9  820.9 CL  855.9  728.8 nm  1.765 s
Step   225: OL 1825.3 1507.3  OA  850.8  802.6 CL  834.0  694.2 nm  1.419 s
Step   226: OL 1836.7 1520.6  OA  835.0  785.7 CL  820.6  676.8 nm  1.521 s
Step   227: OL 1856.2 1543.6  OA  684.9  630.1 CL  688.3  505.4 nm  1.603 s
Step   228: OL 1879.8 1571.4  OA  655.4  596.4 CL  662.9  467.5 nm  1.653 s
Step   229: OL 1902.8 1598.5  OA  542.3  465.5 CL  573.1  314.0 nm  1.651 s
Step   230: OL 1921.0 1619.6  OA  528.9  447.3 CL  563.6  292.2 nm  1.817 s
Step   231: OL 1931.1 1631.2  OA  528.4  442.5 CL  554.1  265.0 nm  1.554 s
Step   232: OL 1932.5 1632.4  OA  527.5  439.2 CL  554.7  262.9 nm  1.632 s
Step   233: OL 1926.6 1624.9  OA  582.1  498.2 CL  566.8  315.9 nm  1.437 s
Step   234: OL 1916.6 1612.7  OA  587.3  503.1 CL  573.4  324.7 nm  1.697 s
Step   235: OL 1906.4 1600.1  OA  635.3  563.2 CL  613.9  397.6 nm  1.470 s
Step   236: OL 1899.1 1590.9  OA  642.5  571.2 CL  623.3  409.8 nm  1.784 s
Step   237: OL 1896.6 1587.5  OA  619.1  554.7 CL  628.7  420.8 nm  1.616 s
Step   238: OL 1899.0 1590.0  OA  618.0  553.1 CL  630.7  420.6 nm  1.618 s
Step   239: OL 1904.9 1596.6  OA  564.6  497.7 CL  614.8  390.1 nm  1.512 s
Step   240: OL 1911.4 1604.0  OA  559.0  490.2 CL  612.8  383.4 nm  1.643 s
Step   241: OL 1915.3 1608.3  OA  537.4  460.6 CL  617.3  356.2 nm  1.601 s
Step   242: OL 1914.2 1606.6  OA  539.9  462.3 CL  622.3  361.2 nm  1.715 s
Step   243: OL 1906.9 1597.5  OA  604.7  536.1 CL  648.2  400.2 nm  1.453 s
Step   244: OL 1894.2 1582.1  OA  619.6  552.1 CL  664.1  423.0 nm  1.674 s
Step   245: OL 1879.1 1563.6  OA  676.3  616.4 CL  682.0  470.1 nm  1.431 s
Step   246: OL 1865.0 1546.4  OA  694.8  636.0 CL  702.3  496.8 nm  1.797 s
Step   247: OL 1855.6 1534.7  OA  719.2  665.0 CL  701.3  509.2 nm  1.502 s
Step   248: OL 1853.6 1531.9  OA  724.5  669.7 CL  708.2  516.5 nm  1.560 s
Step   249: OL 1860.2 1539.7  OA  734.1  684.2 CL  688.4  498.1 nm  1.529 s
Step   250: OL 1875.6 1557.9  OA  722.7  670.6 CL  677.1  479.8 nm  1.581 s
Step   251: OL 1897.9 1584.4  OA  671.4  618.0 CL  626.6  408.3 nm  1.478 s
Step   252: OL 1923.9 1615.2  OA  661.3  605.0 CL  616.2  388.4 nm  1.666 s
Step   253: OL 1949.1 1644.8  OA  601.9  543.0 CL  582.2  332.7 nm  1.533 s
Step   254: OL 1968.3 1667.2  OA  599.4  538.1 CL  580.3  325.2 nm  1.708 s
Step   255: OL 1977.2 1677.4  OA  605.5  545.7 CL  581.5  331.8 nm  1.508 s
Step   256: OL 1973.6 1672.8  OA  606.3  545.3 CL  583.6  332.5 nm  1.626 s
Step   257: OL 1957.7 1653.7  OA  631.7  569.7 CL  608.9  384.6 nm  1.452 s
step 257 DM 0: 47 actuators clipped
Step   258: OL 1932.3 1623.3  OA  651.5  591.6 CL  632.1  419.1 nm  1.712 s
Step   259: OL 1902.2 1586.9  OA  776.0  713.8 CL  760.1  582.9 nm  1.572 s
Step   260: OL 1872.5 1550.8  OA  823.0  765.4 CL  811.2  647.6 nm  2.542 s
Step   261: OL 1847.6 1520.3  OA  869.8  815.0 CL  844.1  689.3 nm  2.102 s
Step   262: OL 1830.8 1499.4  OA  903.7  850.6 CL  881.9  733.6 nm  2.134 s
Step   263: OL 1823.6 1490.1  OA  799.2  754.2 CL  784.8  632.7 nm  1.696 s
Step   264: OL 1826.6 1493.2  OA  797.7  751.1 CL  785.9  631.2 nm  1.612 s
Step   265: OL 1839.5 1508.5  OA  686.0  639.0 CL  676.5  488.5 nm  1.921 s
Step   266: OL 1861.6 1534.8  OA  660.0  608.5 CL  652.0  448.9 nm  2.108 s
Step   267: OL 1890.9 1569.7  OA  618.6  548.8 CL  602.7  346.5 nm  1.635 s
Step   268: OL 1923.9 1608.7  OA  609.2  534.9 CL  593.4  322.8 nm  1.968 s
Step   269: OL 1955.7 1646.0  OA  614.4  535.8 CL  594.1  317.0 nm  2.070 s
Step   270: OL 1980.7 1675.1  OA  620.3  540.1 CL  601.8  323.8 nm  2.341 s
Step   271: OL 1994.4 1690.7  OA  598.4  531.2 CL  576.9  314.0 nm  1.920 s
step 271 DM 0: 52 actuators clipped
Step   272: OL 1994.4 1690.0  OA  596.6  527.7 CL  578.8  311.6 nm  2.533 s
Step   273: OL 1980.9 1673.5  OA  535.7  464.4 CL  571.2  299.1 nm  2.102 s
Step   274: OL 1957.3 1644.9  OA  546.5  476.7 CL  588.5  326.9 nm  1.767 s
Step   275: OL 1928.6 1610.0  OA  573.9  503.8 CL  644.1  411.9 nm  1.498 s
Step   276: OL 1900.4 1575.3  OA  614.7  550.1 CL  688.6  476.1 nm  1.571 s
Step   277: OL 1877.0 1546.3  OA  672.0  616.0 CL  737.4  545.3 nm  1.431 s
Step   278: OL 1861.4 1526.6  OA  708.1  654.9 CL  776.4  595.2 nm  1.621 s
Step   279: OL 1854.7 1517.7  OA  734.1  689.1 CL  747.3  573.6 nm  1.344 s
Step   280: OL 1857.0 1519.8  OA  735.5  690.0 CL  751.9  577.6 nm  1.828 s
Step   281: OL 1868.0 1532.5  OA  707.8  665.1 CL  690.0  489.9 nm  1.550 s
Step   282: OL 1887.1 1555.0  OA  689.0  643.9 CL  670.3  459.2 nm  1.733 s
Step   283: OL 1912.7 1585.4  OA  702.7  659.3 CL  650.2  420.6 nm  2.056 s
Step   284: OL 1942.2 1620.3  OA  696.0  650.6 CL  640.1  401.9 nm  1.842 s
Step   285: OL 1971.7 1655.0  OA  743.2  693.9 CL  659.1  428.6 nm  1.433 s
Step   286: OL 1996.8 1684.3  OA  747.3  696.6 CL  661.6  429.2 nm  1.937 s
Step   287: OL 2013.3 1703.3  OA  724.5  665.7 CL  639.6  405.0 nm  2.096 s
Step   288: OL 2018.8 1709.3  OA  723.7  663.7 CL  640.2  402.8 nm  1.977 s
Step   289: OL 2013.0 1702.0  OA  691.5  620.3 CL  627.0  391.9 nm  1.713 s
Step   290: OL 1997.9 1683.7  OA  696.2  625.3 CL  638.3  407.3 nm  1.529 s
Step   291: OL 1977.4 1658.9  OA  738.3  667.1 CL  701.2  499.8 nm  1.486 s
Step   292: OL 1955.8 1632.8  OA  765.1  697.1 CL  736.8  547.9 nm  1.503 s
Step   293: OL 1937.0 1609.9  OA  797.2  734.2 CL  790.1  613.3 nm  1.448 s
Step   294: OL 1923.6 1593.5  OA  825.2  764.5 CL  824.8  655.9 nm  1.520 s
Step   295: OL 1916.9 1585.2  OA  778.3  724.1 CL  811.7  641.3 nm  1.378 s
Step   296: OL 1917.3 1585.4  OA  782.9  728.6 CL  820.1  650.1 nm  1.425 s
Step   297: OL 1924.4 1593.8  OA  708.1  652.6 CL  757.2  553.1 nm  1.306 s
Step   298: OL 1937.6 1609.6  OA  689.1  630.8 CL  739.8  526.7 nm  1.410 s
Step   299: OL 1955.6 1631.1  OA  605.4  542.6 CL  666.4  417.5 nm  1.420 s
Step   300: OL 1976.7 1656.1  OA  586.9  519.6 CL  647.6  382.9 nm  1.616 s
Step   301: OL 1998.0 1681.4  OA  581.5  517.7 CL  607.7  351.9 nm  1.410 s
Step   302: OL 2016.9 1703.7  OA  573.7  506.8 CL  599.1  332.0 nm  1.578 s
Step   303: OL 2030.9 1720.0  OA  630.5  570.2 CL  602.0  366.7 nm  1.495 s
Step   304: OL 2038.4 1728.7  OA  627.1  565.3 CL  600.6  360.9 nm  1.635 s
Step   305: OL 2039.0 1729.4  OA  656.1  595.2 CL  631.2  413.6 nm  1.456 s
Step   306: OL 2034.0 1723.3  OA  659.4  598.4 CL  640.3  425.4 nm  1.452 s
Step   307: OL 2025.2 1712.8  OA  724.1  657.1 CL  724.2  509.7 nm  1.525 s
Step   308: OL 2015.1 1700.6  OA  737.6  672.5 CL  745.0  537.8 nm  1.683 s
Step   309: OL 2005.8 1689.5  OA  793.2  728.0 CL  802.1  598.5 nm  1.612 s
Step   310: OL 1999.3 1681.5  OA  806.5  742.3 CL  821.3  622.6 nm  1.593 s
Step   311: OL 1996.4 1678.1  OA  774.7  712.6 CL  786.0  591.8 nm  1.697 s
Step   312: OL 1998.0 1679.6  OA  775.3  712.3 CL  790.8  596.1 nm  1.933 s
Step   313: OL 2003.4 1685.9  OA  708.3  651.1 CL  722.8  539.8 nm  1.905 s
Step   314: OL 2012.5 1696.3  OA  697.3  637.9 CL  714.5  525.8 nm  2.063 s
Step   315: OL 2023.9 1709.6  OA  647.9  590.1 CL  688.5  501.8 nm  1.956 s
Step   316: OL 2036.5 1724.1  OA  633.1  572.4 CL  675.7  481.0 nm  2.071 s
Step   317: OL 2048.5 1738.0  OA  610.8  544.8 CL  676.1  471.4 nm  1.768 s
Step   318: OL 2058.9 1749.8  OA  600.2  530.8 CL  668.4  456.4 nm  2.575 s
Step   319: OL 2066.5 1758.4  OA  654.2  581.9 CL  708.0  504.4 nm  2.013 s
Step   320: OL 2071.3 1763.6  OA  650.8  576.7 CL  708.5  501.9 nm  2.273 s
Step   321: OL 2073.4 1765.7  OA  705.2  633.6 CL  734.5  528.1 nm  2.158 s
Step   322: OL 2074.0 1765.9  OA  707.3  634.8 CL  741.0  534.5 nm  2.238 s
Step   323: OL 2073.9 1765.4  OA  704.3  632.8 CL  737.2  533.2 nm  1.567 s
Step   324: OL 2074.4 1765.5  OA  706.4  634.2 CL  743.7  539.9 nm  1.511 s
Step   325: OL 2076.2 1767.2  OA  701.6  636.4 CL  740.7  559.1 nm  1.738 s
Step   326: OL 2080.1 1771.3  OA  699.7  634.1 CL  742.0  559.4 nm  1.889 s
Step   327: OL 2086.0 1777.7  OA  723.2  664.8 CL  776.6  609.5 nm  1.877 s
Step   328: OL 2093.7 1786.3  OA  715.8  657.0 CL  771.7  601.7 nm  1.935 s
Step   329: OL 2102.5 1796.1  OA  771.5  714.6 CL  811.2  639.5 nm  2.179 s
Step   330: OL 2111.3 1806.0  OA  763.7  706.4 CL  805.2  630.2 nm  1.920 s
Step   331: OL 2118.8 1814.2  OA  859.8  797.3 CL  858.4  677.2 nm  2.002 s
Step   332: OL 2123.6 1819.4  OA  858.7  796.2 CL  859.2  676.8 nm  2.307 s
Step   333: OL 2124.9 1820.5  OA  943.3  882.8 CL  909.6  739.5 nm  1.900 s
Step   334: OL 2122.3 1817.1  OA  951.6  891.8 CL  922.1  753.6 nm  2.386 s
Step   335: OL 2116.6 1810.1  OA 1001.5  943.3 CL  961.3  804.0 nm  2.080 s
Step   336: OL 2109.2 1801.0  OA 1017.3  959.8 CL  983.3  828.9 nm  2.239 s
Step   337: OL 2101.9 1792.3  OA 1030.3  971.6 CL  998.9  843.2 nm  1.851 s
Step   338: OL 2097.1 1786.2  OA 1043.2  984.6 CL 1017.0  863.1 nm  1.970 s
Step   339: OL 2096.1 1785.0  OA 1013.8  960.6 CL  981.5  831.3 nm  1.881 s
Step   340: OL 2100.6 1790.0  OA 1010.3  956.0 CL  979.3  827.1 nm  1.927 s
Step   341: OL 2111.0 1802.0  OA  942.9  888.6 CL  932.5  769.0 nm  2.062 s
Step   342: OL 2127.3 1820.8  OA  920.6  863.6 CL  907.1  735.8 nm  2.087 s
Step   343: OL 2148.2 1845.1  OA  870.0  810.2 CL  854.6  668.5 nm  2.120 s
Step   344: OL 2171.4 1871.9  OA  845.5  782.2 CL  824.2  626.4 nm  2.047 s
Step   345: OL 2193.0 1897.0  OA  858.0  798.9 CL  813.8  625.5 nm  2.160 s
Step   346: OL 2209.2 1915.6  OA  844.9  783.9 CL  797.8  602.1 nm  2.235 s
Step   347: OL 2216.4 1923.9  OA  842.0  779.9 CL  820.0  633.9 nm  2.229 s
Step   348: OL 2213.1 1920.1  OA  846.7  784.2 CL  830.5  644.9 nm  1.535 s
Step   349: OL 2200.5 1905.6  OA  950.9  883.7 CL  946.2  769.5 nm  1.367 s
Step   350: OL 2181.9 1884.0  OA  981.0  915.9 CL  986.9  817.4 nm  1.481 s
Step   351: OL 2161.6 1860.7  OA 1057.5  993.4 CL 1061.7  908.5 nm  1.425 s
Step   352: OL 2144.5 1840.8  OA 1094.5 1032.8 CL 1108.4  961.5 nm  1.527 s
Step   353: OL 2133.4 1828.1  OA 1143.7 1083.4 CL 1159.1 1025.0 nm  1.305 s
Step   354: OL 2130.7 1825.0  OA 1154.8 1095.0 CL 1174.5 1041.6 nm  1.493 s
Step   355: OL 2137.1 1832.7  OA 1149.4 1096.6 CL 1169.2 1045.2 nm  1.390 s
Step   356: OL 2153.2 1851.7  OA 1117.8 1063.1 CL 1135.6 1006.5 nm  1.425 s
Step   357: OL 2178.5 1881.3  OA  987.3  932.5 CL  984.6  848.3 nm  1.259 s
Step   358: OL 2211.2 1919.3  OA  937.1  878.2 CL  925.0  776.6 nm  1.489 s
Step   359: OL 2246.8 1960.5  OA  882.6  818.6 CL  858.1  698.0 nm  1.479 s
Step   360: OL 2279.3 1997.8  OA  848.3  780.2 CL  813.9  640.6 nm  1.779 s
Step   361: OL 2302.1 2024.0  OA  863.9  794.9 CL  836.9  661.1 nm  2.321 s
Step   362: OL 2310.7 2034.0  OA  855.9  785.3 CL  829.2  649.6 nm  1.845 s
Step   363: OL 2303.9 2026.6  OA  926.8  857.6 CL  928.3  763.1 nm  1.977 s
step 363 DM 0: 54 actuators clipped
Step   364: OL 2285.2 2005.5  OA  952.3  884.9 CL  963.6  804.8 nm  1.960 s
Step   365: OL 2260.3 1977.4  OA 1114.6 1052.3 CL 1125.2  991.9 nm  1.753 s
Step   366: OL 2236.2 1949.9  OA 1160.7 1101.7 CL 1181.8 1055.6 nm  2.045 s
Step   367: OL 2218.2 1929.6  OA 1270.5 1216.8 CL 1280.4 1174.3 nm  1.559 s
Step   368: OL 2209.8 1920.3  OA 1291.0 1239.2 CL 1306.7 1203.3 nm  1.950 s
Step   369: OL 2212.2 1923.3  OA 1238.3 1188.6 CL 1254.2 1156.6 nm  1.916 s
Step   370: OL 2225.0 1938.2  OA 1214.1 1163.5 CL 1229.4 1129.3 nm  2.004 s
Step   371: OL 2246.1 1962.7  OA 1091.0 1040.8 CL 1099.6  987.3 nm  1.738 s
Step   372: OL 2272.0 1992.5  OA 1048.1  995.1 CL 1051.2  932.0 nm  2.128 s
Step   373: OL 2297.3 2021.6  OA 1063.8 1009.7 CL 1050.7  924.5 nm  1.741 s
Step   374: OL 2316.6 2043.7  OA 1037.7  981.0 CL 1020.7  889.1 nm  1.430 s
Step   375: OL 2326.1 2054.7  OA 1111.0 1057.0 CL 1103.9  985.6 nm  1.288 s
Step   376: OL 2325.2 2053.9  OA 1113.6 1058.6 CL 1109.9  991.4 nm  1.429 s
Step   377: OL 2316.4 2044.2  OA 1122.6 1070.8 CL 1145.6 1034.5 nm  1.323 s
Step   378: OL 2304.6 2030.9  OA 1143.9 1092.1 CL 1173.3 1064.2 nm  1.691 s
Step   379: OL 2294.4 2019.5  OA 1163.9 1109.0 CL 1207.8 1099.0 nm  2.057 s
Step   380: OL 2289.7 2014.3  OA 1173.9 1118.5 CL 1222.0 1113.7 nm  2.043 s
Step   381: OL 2292.3 2017.5  OA 1191.3 1129.9 CL 1233.2 1119.0 nm  1.567 s
Step   382: OL 2302.4 2029.0  OA 1174.1 1110.7 CL 1216.5 1099.5 nm  1.758 s
Step   383: OL 2318.0 2046.8  OA 1145.7 1083.3 CL 1163.8 1046.5 nm  1.379 s
Step   384: OL 2335.9 2067.1  OA 1117.9 1052.8 CL 1133.6 1011.8 nm  1.569 s
Step   385: OL 2351.8 2085.1  OA 1121.1 1060.7 CL 1110.1  997.7 nm  1.554 s
Step   386: OL 2362.1 2096.5  OA 1106.8 1044.7 CL 1095.3  980.5 nm  1.842 s
Step   387: OL 2364.1 2098.8  OA 1186.8 1131.6 CL 1191.1 1088.7 nm  2.166 s
Step   388: OL 2358.1 2091.9  OA 1197.2 1141.9 CL 1206.4 1104.9 nm  1.789 s
Step   389: OL 2346.0 2078.2  OA 1289.6 1235.2 CL 1328.8 1229.9 nm  1.619 s
Step   390: OL 2331.5 2061.5  OA 1318.2 1264.6 CL 1363.7 1267.3 nm  1.663 s
Step   391: OL 2318.1 2046.2  OA 1374.3 1317.9 CL 1426.4 1328.2 nm  1.425 s
Step   392: OL 2309.2 2035.6  OA 1393.4 1337.3 CL 1450.0 1353.2 nm  1.629 s
Step   393: OL 2306.6 2032.4  OA 1360.9 1304.5 CL 1416.0 1319.5 nm  1.362 s
Step   394: OL 2311.4 2037.4  OA 1352.1 1294.7 CL 1409.0 1311.4 nm  1.433 s
Step   395: OL 2323.7 2051.0  OA 1312.4 1251.1 CL 1344.2 1242.5 nm  1.276 s
Step   396: OL 2342.7 2071.9  OA 1279.1 1215.5 CL 1308.7 1203.3 nm  1.453 s
Step   397: OL 2366.1 2097.9  OA 1234.6 1170.9 CL 1251.6 1146.6 nm  1.587 s
Step   398: OL 2391.2 2125.6  OA 1195.9 1129.2 CL 1208.7 1098.5 nm  1.562 s
Step   399: OL 2413.7 2150.4  OA 1206.5 1140.3 CL 1228.6 1124.3 nm  1.287 s
Step   400: OL 2429.7 2167.6  OA 1183.0 1114.6 CL 1204.2 1096.4 nm  1.426 s
Step   401: OL 2435.3 2173.4  OA 1207.2 1143.4 CL 1239.2 1140.0 nm  1.314 s
Step   402: OL 2429.1 2165.8  OA 1215.5 1151.6 CL 1252.5 1153.6 nm  1.520 s
Step   403: OL 2411.6 2145.5  OA 1305.2 1247.2 CL 1365.7 1277.0 nm  1.699 s
Step   404: OL 2386.2 2116.2  OA 1349.2 1292.9 CL 1418.2 1332.5 nm  2.025 s
Step   405: OL 2357.6 2083.2  OA 1489.4 1435.9 CL 1560.8 1483.4 nm  1.592 s
Step   406: OL 2331.4 2052.7  OA 1542.8 1491.4 CL 1622.1 1547.8 nm  1.888 s
Step   407: OL 2311.9 2029.8  OA 1583.5 1534.4 CL 1653.5 1580.4 nm  1.787 s
Step   408: OL 2302.4 2018.2  OA 1603.5 1554.9 CL 1678.3 1606.1 nm  2.299 s
Step   409: OL 2304.3 2019.7  OA 1533.6 1483.4 CL 1592.6 1515.7 nm  2.245 s
Step   410: OL 2318.3 2034.9  OA 1503.1 1451.5 CL 1561.9 1482.8 nm  2.453 s
Step   411: OL 2343.1 2062.4  OA 1408.2 1353.1 CL 1449.7 1365.8 nm  2.295 s
Step   412: OL 2376.0 2099.0  OA 1351.0 1292.8 CL 1386.7 1297.8 nm  2.636 s
Step   413: OL 2411.6 2138.7  OA 1265.2 1200.4 CL 1298.9 1201.4 nm  2.095 s
Step   414: OL 2443.7 2174.0  OA 1219.2 1151.3 CL 1247.2 1144.0 nm  2.213 s
Step   415: OL 2465.3 2197.8  OA 1246.0 1183.1 CL 1284.7 1187.6 nm  1.970 s
Step   416: OL 2472.4 2205.0  OA 1235.4 1171.9 CL 1275.5 1176.9 nm  1.971 s
Step   417: OL 2463.5 2194.6  OA 1336.9 1279.7 CL 1405.1 1313.5 nm  2.012 s
Step   418: OL 2441.5 2169.3  OA 1369.6 1314.2 CL 1445.1 1356.3 nm  2.186 s
Step   419: OL 2411.3 2134.8  OA 1506.2 1449.5 CL 1595.3 1508.5 nm  1.664 s
Step   420: OL 2379.1 2097.8  OA 1561.6 1507.8 CL 1658.5 1575.7 nm  1.836 s
Step   421: OL 2350.2 2064.5  OA 1679.3 1622.0 CL 1785.1 1700.6 nm  1.970 s
Step   422: OL 2328.5 2039.1  OA 1721.8 1666.5 CL 1832.7 1750.7 nm  1.726 s
Step   423: OL 2315.8 2024.2  OA 1735.4 1682.2 CL 1848.2 1769.1 nm  1.535 s
Step   424: OL 2313.0 2020.5  OA 1739.2 1686.2 CL 1854.2 1775.0 nm  1.638 s
Step   425: OL 2319.5 2027.6  OA 1671.7 1619.6 CL 1772.6 1694.7 nm  1.358 s
Step   426: OL 2334.3 2044.0  OA 1639.9 1586.5 CL 1740.1 1659.8 nm  1.570 s
Step   427: OL 2355.0 2067.3  OA 1524.6 1473.0 CL 1607.2 1527.9 nm  1.907 s
Step   428: OL 2378.4 2093.5  OA 1482.7 1429.3 CL 1562.5 1479.6 nm  1.856 s
Step   429: OL 2400.4 2118.0  OA 1426.7 1378.7 CL 1495.4 1415.2 nm  1.839 s
Step   430: OL 2416.5 2135.9  OA 1400.8 1351.7 CL 1467.7 1384.8 nm  1.999 s
Step   431: OL 2423.2 2143.1  OA 1462.3 1414.4 CL 1535.7 1454.1 nm  1.799 s
Step   432: OL 2418.5 2137.5  OA 1466.8 1419.3 CL 1542.9 1461.1 nm  2.391 s
Step   433: OL 2402.8 2119.4  OA 1577.2 1530.3 CL 1664.1 1586.1 nm  2.318 s
Step   434: OL 2378.6 2091.6  OA 1613.9 1568.6 CL 1706.7 1630.5 nm  1.900 s
Step   435: OL 2349.9 2058.7  OA 1676.6 1637.6 CL 1774.6 1705.8 nm  1.988 s
Step   436: OL 2321.5 2025.8  OA 1725.8 1688.0 CL 1829.9 1762.7 nm  2.027 s
Step   437: OL 2297.1 1997.6  OA 1721.6 1683.8 CL 1824.8 1757.5 nm  1.973 s
Step   438: OL 2279.8 1977.3  OA 1752.9 1715.4 CL 1860.5 1793.5 nm  2.374 s
Step   439: OL 2270.7 1966.7  OA 1635.2 1593.5 CL 1748.6 1672.8 nm  2.074 s
Step   440: OL 2270.4 1966.1  OA 1631.8 1589.0 CL 1746.8 1669.1 nm  1.792 s
Step   441: OL 2278.0 1974.7  OA 1530.3 1489.8 CL 1646.7 1568.6 nm  1.528 s
Step   442: OL 2292.0 1990.5  OA 1499.2 1456.7 CL 1614.5 1532.9 nm  2.147 s
Step   443: OL 2309.5 2010.6  OA 1372.0 1329.8 CL 1498.9 1415.4 nm  1.884 s
Step   444: OL 2327.2 2030.7  OA 1336.6 1292.0 CL 1461.4 1374.1 nm  2.160 s
Step   445: OL 2341.1 2046.6  OA 1322.0 1275.7 CL 1443.7 1357.8 nm  2.302 s
Step   446: OL 2348.0 2054.4  OA 1306.6 1258.6 CL 1428.0 1339.7 nm  2.378 s
Step   447: OL 2345.9 2052.0  OA 1377.2 1329.2 CL 1486.7 1401.0 nm  2.139 s
Step   448: OL 2334.6 2039.1  OA 1392.0 1343.6 CL 1504.8 1419.0 nm  2.019 s
Step   449: OL 2315.7 2017.4  OA 1429.8 1383.4 CL 1555.4 1467.3 nm  2.122 s
Step   450: OL 2292.0 1990.3  OA 1467.6 1421.4 CL 1598.6 1511.7 nm  1.865 s
Step   451: OL 2267.0 1961.5  OA 1503.8 1461.8 CL 1652.0 1569.7 nm  1.757 s
Step   452: OL 2243.8 1934.8  OA 1546.5 1504.6 CL 1699.6 1618.2 nm  1.996 s
Step   453: OL 2224.8 1913.0  OA 1559.7 1519.8 CL 1722.7 1644.8 nm  1.618 s
Step   454: OL 2211.6 1897.7  OA 1584.5 1544.2 CL 1750.9 1672.7 nm  2.269 s
Step   455: OL 2204.4 1889.5  OA 1547.7 1505.5 CL 1716.5 1636.7 nm  1.998 s
Step   456: OL 2203.0 1888.1  OA 1544.0 1500.6 CL 1714.7 1633.1 nm  2.064 s
Step   457: OL 2206.4 1892.3  OA 1408.1 1365.5 CL 1578.5 1493.3 nm  1.675 s
Step   458: OL 2213.1 1900.2  OA 1386.6 1342.1 CL 1557.8 1469.7 nm  2.276 s
Step   459: OL 2220.7 1909.5  OA 1242.7 1201.4 CL 1397.5 1307.2 nm  2.041 s
step 459 DM 0: 58 actuators clipped
Step   460: OL 2227.3 1917.3  OA 1224.8 1181.6 CL 1380.0 1286.4 nm  2.398 s
Step   461: OL 2230.7 1921.5  OA 1210.5 1169.2 CL 1342.3 1251.6 nm  1.892 s
Step   462: OL 2229.8 1920.8  OA 1207.2 1164.9 CL 1340.9 1248.1 nm  1.862 s
Step   463: OL 2224.7 1915.1  OA 1251.9 1210.1 CL 1387.9 1299.7 nm  1.797 s
Step   464: OL 2216.2 1905.5  OA 1261.3 1218.7 CL 1401.5 1312.3 nm  2.222 s
Step   465: OL 2205.7 1893.6  OA 1283.2 1239.6 CL 1434.2 1349.4 nm  2.096 s
Step   466: OL 2194.8 1881.2  OA 1297.5 1253.3 CL 1453.3 1367.7 nm  1.817 s
Step   467: OL 2184.7 1869.7  OA 1295.5 1245.5 CL 1470.4 1379.5 nm  1.494 s
Step   468: OL 2175.7 1859.5  OA 1306.8 1256.2 CL 1485.9 1394.0 nm  1.861 s
Step   469: OL 2167.8 1850.5  OA 1285.3 1230.8 CL 1474.7 1374.8 nm  2.074 s
Step   470: OL 2160.4 1842.3  OA 1293.2 1238.1 CL 1486.4 1385.3 nm  2.538 s
Step   471: OL 2153.1 1834.0  OA 1199.9 1151.0 CL 1394.9 1289.9 nm  2.035 s
Step   472: OL 2145.3 1825.1  OA 1208.8 1159.3 CL 1407.8 1301.6 nm  2.229 s
Step   473: OL 2137.0 1815.8  OA 1139.0 1095.5 CL 1340.8 1234.4 nm  2.114 s
Step   474: OL 2128.8 1806.4  OA 1148.7 1104.8 CL 1354.6 1247.2 nm  2.955 s
Step   475: OL 2121.6 1798.1  OA 1189.5 1147.3 CL 1392.7 1294.7 nm  2.213 s
Step   476: OL 2116.1 1792.0  OA 1193.9 1151.1 CL 1400.6 1301.2 nm  1.955 s
Step   477: OL 2113.1 1788.7  OA 1209.1 1164.2 CL 1412.8 1316.0 nm  1.495 s
Step   478: OL 2113.0 1788.9  OA 1201.7 1155.7 CL 1407.8 1308.5 nm  2.271 s
Step   479: OL 2115.4 1792.1  OA 1164.0 1114.9 CL 1359.0 1258.2 nm  1.930 s
Step   480: OL 2119.6 1797.3  OA 1149.2 1098.8 CL 1345.5 1241.6 nm  1.825 s
Step   481: OL 2124.2 1802.9  OA 1097.8 1049.8 CL 1282.1 1179.8 nm  1.896 s
Step   482: OL 2127.2 1806.8  OA 1087.3 1038.2 CL 1272.8 1167.6 nm  1.904 s
Step   483: OL 2127.1 1806.9  OA 1047.0  996.2 CL 1232.3 1119.5 nm  2.131 s
Step   484: OL 2122.8 1802.1  OA 1048.9  997.4 CL 1237.5 1122.7 nm  2.239 s
Step   485: OL 2114.1 1792.0  OA 1075.0 1020.3 CL 1277.9 1162.4 nm  1.598 s
Step   486: OL 2101.7 1777.6  OA 1090.7 1036.3 CL 1298.6 1182.8 nm  1.578 s
Step   487: OL 2087.3 1760.8  OA 1196.8 1148.1 CL 1417.0 1311.3 nm  1.819 s
step 487 DM 0: 67 actuators clipped
Step   488: OL 2072.7 1743.6  OA 1220.4 1172.4 CL 1445.0 1339.6 nm  2.209 s
Step   489: OL 2059.5 1728.1  OA 1242.3 1201.8 CL 1480.7 1373.3 nm  2.227 s
step 489 DM 0: 70 actuators clipped
Step   490: OL 2049.1 1715.7  OA 1258.5 1217.7 CL 1500.0 1391.9 nm  2.230 s
Step   491: OL 2042.0 1707.4  OA 1194.8 1158.8 CL 1437.5 1331.9 nm  1.582 s
Step   492: OL 2038.5 1703.4  OA 1194.4 1157.4 CL 1439.1 1331.3 nm  1.625 s
Step   493: OL 2038.3 1703.2  OA 1137.7 1101.1 CL 1372.5 1268.6 nm  2.031 s
Step   494: OL 2040.6 1706.0  OA 1125.6 1088.0 CL 1361.3 1254.3 nm  1.925 s
Step   495: OL 2044.1 1710.4  OA 1095.3 1052.7 CL 1336.1 1224.8 nm  1.947 s
Step   496: OL 2047.6 1714.7  OA 1082.1 1038.2 CL 1323.4 1208.9 nm  2.084 s
Step   497: OL 2049.5 1717.1  OA 1040.8  992.0 CL 1285.9 1162.6 nm  2.215 s
Step   498: OL 2048.7 1716.1  OA 1036.8  986.8 CL 1282.9 1157.0 nm  2.048 s
Step   499: OL 2044.2 1711.0  OA 1005.7  950.0 CL 1247.7 1116.3 nm  1.629 s
Step   500: OL 2036.3 1701.7  OA 1014.5  957.9 CL 1258.6 1125.8 nm  1.781 s
Step   501: OL 2025.7 1689.0  OA 1056.7 1003.3 CL 1301.2 1176.9 nm  2.043 s
Step   502: OL 2013.4 1674.5  OA 1074.0 1020.0 CL 1320.9 1196.3 nm  2.012 s
Step   503: OL 2001.1 1659.9  OA 1112.2 1063.1 CL 1362.7 1247.9 nm  2.261 s
Step   504: OL 1990.1 1646.8  OA 1128.1 1078.3 CL 1380.5 1265.2 nm  1.924 s
Step   505: OL 1981.5 1636.7  OA 1102.5 1063.1 CL 1358.9 1254.2 nm  1.788 s
step 505 DM 0: 73 actuators clipped
Step   506: OL 1976.1 1630.4  OA 1105.8 1065.5 CL 1363.5 1257.4 nm  1.853 s
Step   507: OL 1974.0 1628.2  OA 1022.8  984.9 CL 1281.8 1175.1 nm  1.886 s
Step   508: OL 1974.9 1629.5  OA 1012.6  973.4 CL 1272.4 1162.8 nm  1.662 s
Step   509: OL 1977.6 1633.2  OA  953.6  906.9 CL 1216.6 1098.1 nm  1.553 s
Step   510: OL 1980.6 1637.3  OA  939.9  891.6 CL 1203.4 1081.4 nm  2.194 s
Step   511: OL 1981.6 1639.1  OA  935.7  883.1 CL 1197.1 1075.3 nm  1.980 s
Step   511 updated high order loop gain: 0.675
Step   512: OL 1978.9 1636.2  OA  933.5  879.8 CL 1195.6 1071.8 nm  1.509 s
Step   513: OL 1970.8 1627.0  OA  972.6  918.4 CL 1229.9 1112.4 nm  1.476 s
Step   514: OL 1957.2 1611.1  OA  990.8  937.1 CL 1249.5 1132.7 nm  1.593 s
Step   515: OL 1939.3 1590.1  OA 1023.6  972.1 CL 1283.9 1170.9 nm  1.522 s
Step   516: OL 1919.6 1566.7  OA 1056.9 1006.2 CL 1318.2 1207.1 nm  2.067 s
Step   517: OL 1900.6 1544.3  OA 1087.5 1035.3 CL 1346.8 1240.7 nm  1.500 s
Step   518: OL 1885.0 1526.0  OA 1114.4 1062.6 CL 1373.9 1268.9 nm  1.684 s
Step   519: OL 1874.6 1514.2  OA 1105.7 1060.8 CL 1371.0 1269.9 nm  1.392 s
Step   520: OL 1870.4 1510.2  OA 1103.6 1057.5 CL 1368.4 1265.8 nm  1.449 s
Step   521: OL 1872.8 1514.4  OA  964.9  919.6 CL 1238.4 1124.6 nm  1.296 s
Step   522: OL 1881.2 1526.1  OA  934.9  886.6 CL 1207.4 1088.7 nm  1.435 s
Step   523: OL 1893.4 1542.5  OA  835.5  784.6 CL 1110.8  978.9 nm  1.335 s
Step   524: OL 1905.9 1559.3  OA  806.7  752.0 CL 1079.6  941.3 nm  1.461 s
Step   525: OL 1913.9 1570.8  OA  804.0  749.1 CL 1074.3  936.3 nm  1.434 s
Step   526: OL 1913.3 1571.8  OA  800.5  743.6 CL 1069.1  928.5 nm  1.694 s
Step   527: OL 1901.6 1559.3  OA  904.9  853.8 CL 1162.2 1049.8 nm  1.327 s
Step   528: OL 1879.3 1534.0  OA  938.9  888.8 CL 1196.0 1085.8 nm  1.531 s
Step   529: OL 1849.7 1499.6  OA 1058.9 1011.9 CL 1307.8 1216.9 nm  1.750 s
Step   530: OL 1817.7 1462.2  OA 1121.8 1076.9 CL 1369.9 1282.6 nm  1.524 s
Step   531: OL 1788.1 1427.7  OA 1158.6 1113.7 CL 1401.1 1319.5 nm  1.375 s
Step   532: OL 1764.5 1400.6  OA 1209.5 1166.1 CL 1451.0 1371.6 nm  1.648 s
Step   533: OL 1748.6 1383.1  OA 1122.7 1080.3 CL 1364.0 1280.8 nm  1.517 s
Step   534: OL 1741.0 1376.3  OA 1128.0 1085.1 CL 1368.1 1284.3 nm  1.540 s
Step   535: OL 1742.1 1380.6  OA  957.3  913.1 CL 1194.7 1099.4 nm  1.317 s
Step   536: OL 1752.4 1396.4  OA  921.9  875.0 CL 1156.3 1056.4 nm  1.547 s
Step   537: OL 1770.9 1422.6  OA  807.4  757.4 CL 1033.4  926.0 nm  1.487 s
Step   538: OL 1795.1 1455.6  OA  766.7  713.2 CL  985.6  871.0 nm  1.621 s
Step   539: OL 1819.6 1488.6  OA  730.8  675.2 CL  941.4  826.2 nm  1.320 s
Step   540: OL 1837.5 1513.5  OA  712.0  654.4 CL  916.0  795.6 nm  1.515 s
Step   541: OL 1842.3 1522.3  OA  733.8  675.1 CL  940.0  823.5 nm  1.464 s
Step   542: OL 1830.2 1510.7  OA  745.3  687.1 CL  952.0  835.5 nm  1.513 s
Step   543: OL 1801.4 1479.0  OA  816.5  756.1 CL 1036.4  920.1 nm  1.411 s
step 543 DM 0: 75 actuators clipped
Step   544: OL 1760.9 1432.7  OA  871.2  814.2 CL 1093.6  982.5 nm  1.715 s
Step   545: OL 1716.0 1380.7  OA 1001.4  948.2 CL 1227.1 1126.9 nm  2.347 s
Step   546: OL 1674.7 1332.7  OA 1082.6 1033.0 CL 1307.7 1212.7 nm  2.192 s
Step   547: OL 1642.2 1295.6  OA 1164.5 1124.5 CL 1386.4 1305.7 nm  1.958 s
Step   548: OL 1620.8 1272.2  OA 1212.2 1173.2 CL 1432.4 1353.3 nm  2.281 s
Step   549: OL 1610.3 1263.0  OA 1162.9 1126.5 CL 1385.4 1304.5 nm  2.313 s
Step   550: OL 1611.1 1268.0  OA 1141.3 1103.1 CL 1362.5 1278.6 nm  2.122 s
Step   551: OL 1623.3 1287.5  OA  941.9  898.5 CL 1163.4 1066.2 nm  1.408 s
Step   552: OL 1646.3 1320.2  OA  881.8  833.3 CL 1100.6  995.0 nm  1.478 s
Step   553: OL 1675.3 1360.1  OA  729.4  671.8 CL  942.1  820.7 nm  1.338 s
Step   554: OL 1702.1 1396.6  OA  692.9  629.6 CL  899.2  768.0 nm  1.479 s
Step   555: OL 1717.0 1418.3  OA  626.0  556.1 CL  826.1  690.9 nm  1.390 s
Step   556: OL 1713.4 1417.5  OA  628.7  557.3 CL  826.9  688.7 nm  1.601 s
Step   557: OL 1690.1 1393.0  OA  702.6  632.2 CL  905.7  779.0 nm  1.571 s
Step   558: OL 1652.3 1350.6  OA  751.3  685.2 CL  955.4  834.3 nm  1.779 s
Step   559: OL 1608.6 1300.8  OA  926.9  868.5 CL 1129.8 1024.9 nm  1.631 s
Step   560: OL 1567.9 1254.1  OA 1004.4  950.2 CL 1205.6 1106.3 nm  1.956 s
Step   561: OL 1535.6 1217.7  OA 1121.7 1071.3 CL 1319.1 1227.8 nm  1.602 s
Step   562: OL 1513.8 1194.3  OA 1169.4 1120.3 CL 1364.6 1275.0 nm  1.941 s
Step   563: OL 1502.0 1183.4  OA 1063.0 1015.4 CL 1261.0 1168.8 nm  1.654 s
Step   564: OL 1499.1 1183.8  OA 1054.4 1005.3 CL 1251.0 1156.1 nm  1.780 s
Step   565: OL 1503.9 1194.0  OA  827.3  782.1 CL 1036.8  930.6 nm  1.687 s
Step   566: OL 1514.7 1211.5  OA  786.6  737.3 CL  995.8  882.1 nm  1.743 s
Step   567: OL 1528.2 1232.2  OA  685.7  633.0 CL  891.3  762.8 nm  1.407 s
Step   568: OL 1540.3 1250.7  OA  661.1  603.3 CL  863.3  726.5 nm  1.545 s
Step   569: OL 1546.5 1262.1  OA  719.9  658.7 CL  902.3  773.6 nm  1.397 s
Step   570: OL 1544.5 1263.1  OA  721.4  658.2 CL  900.7  769.0 nm  1.513 s
Step   571: OL 1533.5 1253.3  OA  772.8  712.3 CL  950.1  831.8 nm  1.401 s
Step   572: OL 1515.4 1234.5  OA  799.3  739.7 CL  974.8  857.6 nm  1.598 s
Step   573: OL 1492.8 1210.2  OA  833.7  776.3 CL 1007.8  897.5 nm  1.488 s
Step   574: OL 1469.0 1184.2  OA  876.3  820.9 CL 1048.3  940.6 nm  1.513 s
Step   575: OL 1446.6 1159.8  OA  871.0  821.4 CL 1043.4  939.8 nm  1.347 s
Step   576: OL 1427.5 1139.4  OA  910.0  861.5 CL 1079.8  977.9 nm  1.490 s
Step   577: OL 1412.6 1124.1  OA  900.3  857.2 CL 1072.6  972.7 nm  1.338 s
Step   578: OL 1402.0 1114.0  OA  920.4  877.2 CL 1090.3  989.9 nm  1.519 s
Step   579: OL 1395.5 1109.0  OA  892.5  849.0 CL 1065.1  956.1 nm  1.369 s
Step   580: OL 1392.4 1108.2  OA  892.1  847.2 CL 1062.7  950.9 nm  1.522 s
Step   581: OL 1391.8 1110.6  OA  822.6  767.7 CL  992.5  865.5 nm  1.350 s
Step   582: OL 1392.8 1114.7  OA  813.6  756.5 CL  981.5  850.0 nm  1.426 s
Step   583: OL 1393.9 1118.8  OA  706.1  646.1 CL  865.7  732.1 nm  1.352 s
Step   584: OL 1393.5 1121.0  OA  702.7  640.6 CL  859.7  722.0 nm  1.461 s
Step   585: OL 1390.5 1120.0  OA  657.3  584.5 CL  809.2  666.6 nm  1.304 s
Step   586: OL 1384.7 1115.3  OA  665.5  592.1 CL  815.0  671.0 nm  1.526 s
Step   587: OL 1376.1 1107.2  OA  693.3  621.4 CL  830.3  694.3 nm  1.498 s
Step   588: OL 1365.9 1096.8  OA  711.6  640.4 CL  846.4  711.2 nm  1.501 s
Step   589: OL 1354.9 1085.4  OA  722.0  662.4 CL  835.1  717.6 nm  1.314 s
Step   590: OL 1344.0 1074.1  OA  742.3  683.6 CL  853.7  737.3 nm  1.472 s
Step   591: OL 1333.7 1063.5  OA  718.0  668.6 CL  822.2  711.6 nm  1.354 s
Step   592: OL 1324.3 1053.7  OA  736.6  687.5 CL  839.0  729.2 nm  1.853 s
Step   593: OL 1315.5 1044.8  OA  683.4  630.7 CL  785.5  669.0 nm  1.789 s
Step   594: OL 1307.5 1036.7  OA  700.0  647.5 CL  800.1  684.4 nm  1.708 s
Step   595: OL 1300.2 1029.4  OA  697.4  640.1 CL  802.1  684.9 nm  1.609 s
Step   596: OL 1293.7 1023.0  OA  712.6  655.9 CL  815.1  698.7 nm  1.595 s
Step   597: OL 1288.3 1017.9  OA  701.7  651.8 CL  812.0  699.8 nm  1.371 s
Step   598: OL 1284.3 1014.4  OA  710.9  660.8 CL  818.7  706.0 nm  1.429 s
Step   599: OL 1281.5 1012.5  OA  691.2  642.6 CL  798.1  688.1 nm  1.382 s
Step   600: OL 1280.1 1012.1  OA  691.0  641.3 CL  795.3  683.2 nm  1.545 s
Step   601: OL 1279.6 1012.9  OA  674.8  627.6 CL  759.9  656.7 nm  1.374 s
Step   602: OL 1279.3 1013.8  OA  671.4  623.4 CL  753.8  648.5 nm  1.578 s
Step   603: OL 1278.3 1013.8  OA  619.1  565.1 CL  691.1  573.2 nm  1.346 s
Step   604: OL 1275.7 1011.6  OA  623.7  569.8 CL  694.1  575.3 nm  1.457 s
Step   605: OL 1270.6 1006.4  OA  649.6  592.1 CL  713.8  587.8 nm  1.350 s
Step   606: OL 1263.6  998.5  OA  666.4  609.9 CL  730.7  606.4 nm  1.481 s
Step   607: OL 1255.3  989.0  OA  672.2  610.8 CL  747.0  616.2 nm  1.365 s
Step   608: OL 1247.3  979.6  OA  702.1  642.4 CL  776.8  650.3 nm  1.488 s
Step   609: OL 1240.6  972.0  OA  654.4  592.0 CL  744.6  606.2 nm  1.425 s
Step   610: OL 1235.8  966.6  OA  685.2  623.8 CL  774.0  639.7 nm  1.447 s
Step   611: OL 1232.6  963.2  OA  604.7  548.6 CL  690.4  559.3 nm  1.325 s
Step   612: OL 1230.6  961.1  OA  621.0  564.1 CL  705.1  574.8 nm  1.473 s
Step   613: OL 1228.9  959.6  OA  521.8  465.0 CL  579.7  453.7 nm  1.355 s
Step   614: OL 1227.7  958.4  OA  521.9  463.9 CL  577.9  449.7 nm  1.462 s
Step   615: OL 1226.8  957.5  OA  437.5  357.3 CL  481.3  323.3 nm  1.385 s
Step   616: OL 1226.3  957.1  OA  434.5  353.1 CL  475.3  312.8 nm  1.440 s
Step   617: OL 1226.0  957.0  OA  397.3  312.5 CL  431.4  238.0 nm  1.330 s
Step   618: OL 1225.8  956.7  OA  400.9  315.0 CL  432.2  236.2 nm  1.465 s
Step   619: OL 1225.0  955.7  OA  415.5  329.3 CL  456.9  244.7 nm  1.330 s
Step   620: OL 1223.6  953.9  OA  418.5  330.2 CL  460.9  246.4 nm  1.489 s
Step   621: OL 1221.7  951.3  OA  435.3  352.3 CL  488.4  287.0 nm  1.346 s
Step   622: OL 1219.8  948.8  OA  443.2  360.9 CL  500.6  302.2 nm  1.538 s
Step   623: OL 1219.0  947.4  OA  486.2  411.8 CL  539.8  362.5 nm  1.337 s
Step   624: OL 1219.8  948.0  OA  504.1  433.0 CL  562.2  391.6 nm  1.443 s
Step   625: OL 1222.3  950.8  OA  493.3  422.8 CL  540.2  369.2 nm  1.379 s
Step   626: OL 1226.0  955.1  OA  508.9  441.6 CL  560.1  394.8 nm  1.552 s
Step   627: OL 1230.0  959.6  OA  520.8  458.5 CL  530.8  381.1 nm  1.390 s
Step   628: OL 1233.0  962.7  OA  526.4  465.0 CL  539.7  390.1 nm  1.711 s
Step   629: OL 1234.2  963.7  OA  549.3  480.8 CL  545.5  383.1 nm  1.557 s
Step   630: OL 1233.7  962.1  OA  551.7  483.5 CL  549.2  384.5 nm  1.950 s
Step   631: OL 1231.7  958.8  OA  529.4  450.4 CL  544.0  343.2 nm  1.514 s
Step   632: OL 1229.0  954.4  OA  536.0  457.2 CL  550.7  348.3 nm  1.538 s
Step   633: OL 1226.4  950.1  OA  548.5  483.2 CL  556.2  371.8 nm  1.334 s
Step   634: OL 1224.3  946.3  OA  558.4  493.0 CL  565.9  381.2 nm  1.470 s
Step   635: OL 1223.0  943.5  OA  548.5  491.1 CL  554.7  379.8 nm  1.425 s
Step   636: OL 1222.6  941.7  OA  554.0  495.6 CL  561.3  384.0 nm  1.470 s
Step   637: OL 1223.1  941.2  OA  508.7  445.8 CL  532.5  333.6 nm  1.437 s
Step   638: OL 1224.8  942.1  OA  506.5  441.6 CL  533.8  328.9 nm  1.469 s
Step   639: OL 1227.9  945.0  OA  489.7  423.7 CL  531.2  314.6 nm  1.614 s
Step   640: OL 1233.2  950.6  OA  488.0  420.5 CL  534.9  314.1 nm  1.626 s
Step   641: OL 1241.1  959.6  OA  548.5  483.3 CL  584.5  388.4 nm  1.478 s
Step   642: OL 1251.8  972.2  OA  559.0  494.1 CL  599.9  406.0 nm  1.597 s
Step   643: OL 1265.0  987.8  OA  603.5  540.1 CL  636.7  445.5 nm  1.547 s
Step   644: OL 1279.0 1004.5  OA  615.6  552.2 CL  653.0  463.6 nm  1.583 s
Step   645: OL 1291.2 1018.9  OA  600.8  536.0 CL  638.4  424.7 nm  1.435 s
Step   646: OL 1299.0 1027.5  OA  603.6  537.2 CL  644.1  427.2 nm  1.570 s
Step   647: OL 1300.0 1027.6  OA  608.1  539.1 CL  644.1  418.9 nm  1.472 s
Step   648: OL 1293.8 1018.5  OA  618.9  549.1 CL  654.6  428.3 nm  1.497 s
Step   649: OL 1281.9 1002.2  OA  672.4  618.2 CL  689.0  501.1 nm  1.321 s
Step   650: OL 1267.7  982.7  OA  705.1  651.6 CL  719.2  536.5 nm  1.486 s
Step   651: OL 1254.5  964.6  OA  727.2  684.0 CL  730.9  576.6 nm  1.353 s
Step   652: OL 1245.1  951.1  OA  763.9  720.8 CL  766.1  615.6 nm  1.450 s
Step   653: OL 1240.3  943.6  OA  749.0  709.3 CL  745.1  605.0 nm  1.413 s
Step   654: OL 1240.2  942.3  OA  754.0  713.0 CL  751.5  608.3 nm  1.501 s
Step   655: OL 1245.3  947.9  OA  652.1  611.0 CL  654.1  497.8 nm  1.415 s
Step   656: OL 1256.9  962.0  OA  621.7  577.4 CL  629.7  459.9 nm  1.542 s
Step   657: OL 1276.4  986.3  OA  473.9  413.9 CL  527.9  290.0 nm  1.373 s
Step   658: OL 1303.5 1020.1  OA  454.9  390.2 CL  520.9  268.4 nm  1.546 s
Step   659: OL 1335.0 1059.1  OA  402.5  323.1 CL  509.4  211.8 nm  1.469 s
Step   660: OL 1365.3 1096.1  OA  410.5  328.7 CL  523.9  233.5 nm  1.605 s
Step   661: OL 1388.3 1123.8  OA  428.7  352.2 CL  517.8  228.2 nm  1.400 s
Step   662: OL 1399.4 1136.7  OA  427.7  346.9 CL  520.6  223.1 nm  1.712 s
Step   663: OL 1397.4 1133.5  OA  524.6  462.4 CL  580.2  345.4 nm  1.455 s
Step   664: OL 1384.7 1116.9  OA  545.9  483.2 CL  598.5  368.0 nm  1.678 s
Step   665: OL 1365.5 1092.3  OA  641.9  595.7 CL  688.5  494.0 nm  1.429 s
Step   666: OL 1345.5 1066.4  OA  683.6  638.0 CL  725.5  539.1 nm  1.440 s
Step   667: OL 1329.1 1044.8  OA  799.2  762.1 CL  819.0  663.3 nm  1.325 s
Step   668: OL 1319.2 1031.3  OA  825.6  788.0 CL  844.1  690.0 nm  1.661 s
Step   669: OL 1317.0 1027.7  OA  790.1  759.1 CL  802.8  659.6 nm  1.469 s
Step   670: OL 1323.0 1034.6  OA  779.7  746.8 CL  794.6  646.0 nm  1.792 s
Step   671: OL 1336.7 1051.3  OA  676.5  640.5 CL  700.1  538.8 nm  2.000 s
Step   672: OL 1357.1 1076.3  OA  639.7  600.0 CL  670.1  494.7 nm  2.141 s
Step   673: OL 1381.4 1106.1  OA  560.0  508.0 CL  613.1  393.3 nm  2.036 s
Step   674: OL 1406.3 1136.2  OA  528.2  470.6 CL  591.3  351.3 nm  1.929 s
Step   675: OL 1427.8 1162.0  OA  450.8  386.1 CL  540.4  262.8 nm  1.902 s
Step   676: OL 1443.2 1180.1  OA  440.5  369.7 CL  537.0  244.4 nm  2.215 s
Step   677: OL 1451.4 1189.4  OA  455.9  398.4 CL  530.0  277.2 nm  1.909 s
Step   678: OL 1453.5 1191.1  OA  458.0  396.7 CL  534.2  275.1 nm  2.283 s
Step   679: OL 1451.8 1188.1  OA  558.0  507.7 CL  594.4  391.1 nm  1.974 s
Step   680: OL 1449.2 1184.0  OA  565.3  513.2 CL  602.5  396.7 nm  2.018 s
Step   681: OL 1448.2 1181.9  OA  653.1  606.3 CL  667.7  495.4 nm  1.889 s
Step   682: OL 1450.6 1183.8  OA  653.5  605.1 CL  670.1  493.4 nm  2.065 s
Step   683: OL 1456.8 1190.5  OA  646.7  603.0 CL  672.5  503.7 nm  1.925 s
Step   684: OL 1466.4 1201.1  OA  635.7  589.6 CL  665.4  488.8 nm  2.000 s
Step   685: OL 1478.0 1214.2  OA  643.7  602.0 CL  677.2  496.4 nm  1.998 s
Step   686: OL 1490.0 1227.7  OA  630.7  586.1 CL  668.4  478.7 nm  1.932 s
Step   687: OL 1500.6 1239.5  OA  634.0  583.4 CL  668.2  469.8 nm  1.711 s
Step   688: OL 1509.1 1248.6  OA  627.7  573.9 CL  664.9  459.0 nm  1.883 s
Step   689: OL 1514.9 1254.5  OA  666.7  616.3 CL  696.1  505.4 nm  2.062 s
Step   690: OL 1518.7 1257.9  OA  666.0  613.2 CL  697.4  501.6 nm  1.671 s
Step   691: OL 1521.5 1260.0  OA  730.1  690.2 CL  736.6  577.3 nm  1.371 s
Step   692: OL 1524.5 1262.4  OA  729.9  688.3 CL  738.2  574.8 nm  2.078 s
Step   693: OL 1528.7 1266.3  OA  760.0  722.5 CL  751.0  608.2 nm  1.570 s
Step   694: OL 1535.3 1272.8  OA  755.4  715.9 CL  748.9  601.0 nm  1.482 s
Step   695: OL 1544.4 1282.6  OA  793.1  756.9 CL  774.4  643.3 nm  1.631 s
Step   696: OL 1556.5 1295.9  OA  780.1  742.1 CL  764.8  627.7 nm  1.663 s
Step   697: OL 1571.3 1312.3  OA  813.8  775.0 CL  790.6  660.1 nm  1.346 s
Step   698: OL 1588.2 1331.3  OA  794.7  753.9 CL  775.6  638.1 nm  1.523 s
Step   699: OL 1606.3 1351.6  OA  749.3  705.7 CL  741.8  595.7 nm  1.423 s
Step   700: OL 1624.2 1371.5  OA  728.3  682.3 CL  725.5  571.5 nm  1.511 s
Step   701: OL 1640.1 1389.2  OA  684.2  631.8 CL  690.5  526.9 nm  1.377 s
Step   702: OL 1652.4 1402.5  OA  670.2  615.7 CL  681.1  510.4 nm  1.627 s
Step   703: OL 1659.5 1409.8  OA  629.6  576.1 CL  660.6  478.6 nm  1.734 s
Step   704: OL 1660.8 1410.2  OA  629.0  574.2 CL  662.5  477.0 nm  1.550 s
Step   705: OL 1656.6 1404.2  OA  684.7  636.1 CL  709.6  545.9 nm  1.340 s
Step   706: OL 1648.6 1393.6  OA  697.2  648.3 CL  722.5  558.8 nm  1.463 s
Step   707: OL 1639.3 1381.6  OA  817.2  782.7 CL  819.1  691.0 nm  1.413 s
Step   708: OL 1632.0 1371.8  OA  829.4  795.1 CL  832.9  704.1 nm  1.599 s
Step   709: OL 1629.5 1367.9  OA  874.3  842.4 CL  870.2  753.8 nm  1.566 s
Step   710: OL 1634.4 1372.5  OA  869.4  836.8 CL  868.4  748.5 nm  1.604 s
Step   711: OL 1647.4 1386.9  OA  799.3  762.3 CL  810.3  673.8 nm  1.336 s
Step   712: OL 1668.1 1410.5  OA  772.5  732.6 CL  788.6  643.8 nm  1.465 s
Step   713: OL 1694.6 1440.8  OA  726.6  680.9 CL  750.0  589.3 nm  1.364 s
Step   714: OL 1723.5 1473.7  OA  692.8  642.3 CL  723.3  550.1 nm  1.618 s
Step   715: OL 1750.7 1504.7  OA  689.6  638.9 CL  723.7  546.3 nm  1.501 s
Step   716: OL 1772.6 1529.2  OA  666.5  611.3 CL  707.0  518.8 nm  1.644 s
Step   717: OL 1786.2 1544.2  OA  771.2  721.6 CL  808.4  634.2 nm  1.691 s
Step   718: OL 1790.4 1548.2  OA  769.7  718.2 CL  810.2  631.7 nm  1.979 s
Step   719: OL 1785.7 1542.2  OA  907.7  863.6 CL  925.5  782.8 nm  2.022 s
Step   720: OL 1774.7 1528.7  OA  924.8  880.5 CL  943.6  800.9 nm  1.700 s
Step   721: OL 1760.4 1511.4  OA 1019.7  983.3 CL 1017.3  905.2 nm  1.356 s
Step   722: OL 1746.6 1494.6  OA 1039.9 1003.8 CL 1038.3  926.7 nm  1.526 s
Step   723: OL 1736.5 1482.2  OA  973.3  937.1 CL  966.2  858.7 nm  1.374 s
Step   724: OL 1732.9 1477.4  OA  978.5  941.7 CL  973.2  864.3 nm  1.464 s
Step   725: OL 1737.5 1482.2  OA  915.8  878.0 CL  917.7  803.8 nm  1.445 s
Step   726: OL 1751.0 1497.4  OA  898.1  858.5 CL  903.6  784.9 nm  1.576 s
Step   727: OL 1772.8 1522.5  OA  875.0  835.9 CL  890.0  768.1 nm  1.471 s
Step   728: OL 1801.4 1555.1  OA  838.4  796.5 CL  859.0  729.1 nm  1.650 s
Step   729: OL 1833.4 1591.6  OA  858.7  822.3 CL  883.0  757.9 nm  1.774 s
Step   730: OL 1864.8 1627.2  OA  820.4  781.2 CL  850.9  717.2 nm  1.684 s
Step   731: OL 1890.8 1656.5  OA  904.6  869.6 CL  925.6  804.3 nm  1.909 s
Step   732: OL 1907.0 1674.5  OA  887.2  850.7 CL  911.7  785.7 nm  1.721 s
Step   733: OL 1910.0 1677.6  OA 1003.6  969.8 CL 1013.9  902.8 nm  1.470 s
Step   734: OL 1899.2 1664.7  OA 1019.2  985.5 CL 1030.4  919.1 nm  1.508 s
Step   735: OL 1875.9 1637.7  OA 1144.9 1114.6 CL 1143.0 1048.1 nm  1.366 s
Step   736: OL 1844.8 1601.5  OA 1186.4 1157.4 CL 1184.3 1091.6 nm  1.494 s
Step   737: OL 1811.9 1563.1  OA 1244.7 1216.6 CL 1234.8 1151.6 nm  1.314 s
Step   738: OL 1784.2 1530.2  OA 1281.9 1254.5 CL 1271.8 1190.1 nm  1.491 s
Step   739: OL 1767.5 1510.2  OA 1276.9 1249.7 CL 1268.2 1186.0 nm  1.338 s
Step   740: OL 1766.0 1507.8  OA 1279.3 1251.8 CL 1271.8 1188.6 nm  1.504 s
Step   741: OL 1781.1 1524.8  OA 1162.9 1132.7 CL 1164.2 1070.3 nm  1.462 s
Step   742: OL 1811.6 1559.6  OA 1122.6 1091.0 CL 1127.4 1028.9 nm  1.867 s
Step   743: OL 1852.7 1606.6  OA  932.8  897.0 CL  959.8  835.6 nm  2.125 s
Step   744: OL 1898.0 1657.8  OA  875.5  836.9 CL  909.5  775.9 nm  1.991 s
Step   745: OL 1939.0 1704.1  OA  797.0  759.9 CL  843.1  699.4 nm  1.947 s
Step   746: OL 1968.6 1736.9  OA  761.4  721.6 CL  813.8  661.7 nm  2.076 s
Step   747: OL 1981.3 1750.7  OA  865.5  829.5 CL  897.5  769.9 nm  2.202 s
Step   748: OL 1975.6 1743.5  OA  872.6  836.2 CL  905.6  777.3 nm  2.238 s
Step   749: OL 1953.6 1717.7  OA 1002.8  967.7 CL 1019.7  909.2 nm  1.531 s
Step   750: OL 1920.5 1679.0  OA 1043.8 1009.6 CL 1059.2  951.6 nm  1.528 s
Step   751: OL 1883.0 1635.2  OA 1145.0 1116.7 CL 1150.0 1059.1 nm  1.518 s
Step   752: OL 1848.4 1594.2  OA 1189.5 1161.8 CL 1193.5 1104.8 nm  1.560 s
Step   753: OL 1822.1 1562.7  OA 1257.5 1232.3 CL 1263.1 1176.2 nm  1.431 s
Step   754: OL 1807.9 1545.1  OA 1276.6 1251.6 CL 1282.6 1196.2 nm  1.474 s
Step   755: OL 1806.8 1542.8  OA 1208.9 1182.0 CL 1224.0 1128.6 nm  1.384 s
Step   756: OL 1818.1 1554.8  OA 1194.8 1167.4 CL 1212.4 1115.0 nm  1.441 s
Step   757: OL 1838.7 1577.9  OA 1066.0 1037.1 CL 1090.4  986.4 nm  1.358 s
Step   758: OL 1865.1 1607.5  OA 1033.0 1002.7 CL 1062.0  953.6 nm  1.788 s
Step   759: OL 1892.8 1638.6  OA  925.9  894.0 CL  966.3  845.9 nm  1.395 s
Step   760: OL 1917.9 1666.5  OA  895.3  861.5 CL  940.9  815.1 nm  1.480 s
Step   761: OL 1937.3 1687.9  OA  846.7  813.9 CL  894.7  767.4 nm  1.344 s
Step   762: OL 1949.5 1700.7  OA  832.1  797.9 CL  883.9  752.9 nm  1.464 s
Step   763: OL 1953.6 1704.6  OA  878.2  840.2 CL  911.3  792.5 nm  1.333 s
Step   764: OL 1950.8 1700.3  OA  881.7  843.4 CL  916.5  796.8 nm  1.434 s
Step   765: OL 1942.0 1689.4  OA  968.7  928.8 CL  988.5  880.2 nm  1.327 s
Step   766: OL 1929.5 1673.8  OA  984.1  944.6 CL 1005.0  896.9 nm  1.484 s
Step   767: OL 1914.3 1655.4  OA 1054.3 1017.7 CL 1075.1  969.3 nm  1.321 s
Step   768: OL 1898.2 1635.7  OA 1074.3 1038.0 CL 1095.4  990.4 nm  1.457 s
Step   769: OL 1881.8 1615.6  OA 1082.3 1048.5 CL 1114.8 1003.4 nm  1.346 s
Step   770: OL 1865.9 1595.9  OA 1102.1 1068.5 CL 1134.8 1024.3 nm  1.447 s
Step   771: OL 1850.9 1577.3  OA 1090.9 1058.4 CL 1131.1 1017.9 nm  1.347 s
Step   772: OL 1837.8 1560.7  OA 1107.1 1074.3 CL 1147.7 1034.8 nm  1.472 s
Step   773: OL 1827.2 1547.2  OA 1084.4 1052.4 CL 1127.8 1016.2 nm  1.351 s
Step   774: OL 1821.0 1538.6  OA 1091.5 1058.8 CL 1136.1 1023.9 nm  1.446 s
Step   775: OL 1820.2 1536.6  OA 1004.1  965.3 CL 1055.7  932.7 nm  1.320 s
Step   776: OL 1826.6 1542.9  OA  995.5  954.9 CL 1049.8  924.0 nm  1.473 s
Step   777: OL 1840.4 1558.2  OA  897.6  854.5 CL  953.4  823.1 nm  1.319 s
Step   778: OL 1861.7 1582.1  OA  870.8  824.7 CL  931.3  795.3 nm  1.537 s
Step   779: OL 1888.4 1612.4  OA  795.9  753.4 CL  863.6  721.4 nm  1.387 s
Step   780: OL 1917.4 1645.1  OA  760.9  714.5 CL  835.1  684.6 nm  1.602 s
Step   781: OL 1944.2 1675.2  OA  795.3  756.2 CL  861.9  721.0 nm  1.559 s
Step   782: OL 1964.1 1697.2  OA  772.0  730.4 CL  843.5  696.5 nm  1.548 s
Step   783: OL 1972.6 1706.0  OA  828.6  788.9 CL  890.8  753.3 nm  1.365 s
Step   784: OL 1967.3 1698.6  OA  835.6  795.4 CL  898.6  760.6 nm  1.518 s
Step   785: OL 1947.6 1674.7  OA  918.4  877.7 CL  984.5  847.7 nm  1.338 s
Step   786: OL 1916.2 1636.8  OA  957.7  918.2 CL 1021.2  888.5 nm  1.427 s
Step   787: OL 1877.7 1590.4  OA 1033.9  989.8 CL 1103.5  966.9 nm  1.377 s
Step   788: OL 1838.4 1542.5  OA 1083.5 1040.9 CL 1149.8 1018.1 nm  1.504 s
Step   789: OL 1804.6 1500.8  OA 1149.2 1106.8 CL 1210.3 1091.5 nm  1.323 s
Step   790: OL 1782.0 1472.0  OA 1179.3 1137.7 CL 1239.7 1122.9 nm  1.647 s
Step   791: OL 1774.0 1461.0  OA 1140.6 1105.6 CL 1201.1 1092.5 nm  1.420 s
Step   792: OL 1782.5 1469.7  OA 1130.9 1095.0 CL 1194.2 1083.7 nm  1.525 s
Step   793: OL 1806.4 1497.3  OA 1029.9  997.7 CL 1083.3  981.6 nm  1.443 s
Step   794: OL 1843.0 1539.8  OA  984.1  949.4 CL 1043.7  936.1 nm  1.650 s
Step   795: OL 1887.0 1590.9  OA  904.8  866.6 CL  963.2  850.9 nm  1.382 s
Step   796: OL 1932.1 1642.7  OA  850.6  808.5 CL  917.1  796.3 nm  1.625 s
Step   797: OL 1971.2 1687.3  OA  855.6  806.7 CL  926.7  795.8 nm  1.450 s
Step   798: OL 1998.2 1717.3  OA  825.5  772.9 CL  902.6  765.0 nm  1.537 s
Step 799: Output PSF (cumulative average).
Step   799: OL 2008.2 1727.6  OA  856.9  801.7 CL  940.7  797.0 nm  1.873 s
Mean: 1010.88 888.89 481.41  nm.

*** Simulation Finished at 2024/11/10 15:53:28 in elisa. ***

